-- Install configuration: ""
-- Up-to-date: /home/ruben/Documents/ProjetoFinal/roboauto/install/turtlebot3/share/turtlebot3/launch
-- Up-to-date: /home/ruben/Documents/ProjetoFinal/roboauto/install/turtlebot3/share/turtlebot3/launch/robot_state_publisher.launch.py
-- Up-to-date: /home/ruben/Documents/ProjetoFinal/roboauto/install/turtlebot3/share/turtlebot3/launch/navigation2.launch.py
-- Up-to-date: /home/ruben/Documents/ProjetoFinal/roboauto/install/turtlebot3/share/turtlebot3/launch/simulation.launch.py
-- Up-to-date: /home/ruben/Documents/ProjetoFinal/roboauto/install/turtlebot3/share/turtlebot3/launch/ros_ign_bridge.launch.py
-- Up-to-date: /home/ruben/Documents/ProjetoFinal/roboauto/install/turtlebot3/share/turtlebot3/models
-- Up-to-date: /home/ruben/Documents/ProjetoFinal/roboauto/install/turtlebot3/share/turtlebot3/models/worlds
-- Up-to-date: /home/ruben/Documents/ProjetoFinal/roboauto/install/turtlebot3/share/turtlebot3/models/worlds/meshes
-- Up-to-date: /home/ruben/Documents/ProjetoFinal/roboauto/install/turtlebot3/share/turtlebot3/models/worlds/meshes/wall.dae
-- Up-to-date: /home/ruben/Documents/ProjetoFinal/roboauto/install/turtlebot3/share/turtlebot3/models/worlds/meshes/hexagon.dae
-- Up-to-date: /home/ruben/Documents/ProjetoFinal/roboauto/install/turtlebot3/share/turtlebot3/models/worlds/world_only.sdf
-- Up-to-date: /home/ruben/Documents/ProjetoFinal/roboauto/install/turtlebot3/share/turtlebot3/models/worlds/model.sdf
-- Up-to-date: /home/ruben/Documents/ProjetoFinal/roboauto/install/turtlebot3/share/turtlebot3/models/robo_camuflado
-- Up-to-date: /home/ruben/Documents/ProjetoFinal/roboauto/install/turtlebot3/share/turtlebot3/models/robo_camuflado/robo_camuflado.sdf
-- Up-to-date: /home/ruben/Documents/ProjetoFinal/roboauto/install/turtlebot3/share/turtlebot3/models/robo_camuflado/meshes
-- Up-to-date: /home/ruben/Documents/ProjetoFinal/roboauto/install/turtlebot3/share/turtlebot3/models/robo_camuflado/meshes/wheel_bl.dae
-- Up-to-date: /home/ruben/Documents/ProjetoFinal/roboauto/install/turtlebot3/share/turtlebot3/models/robo_camuflado/meshes/base_footprint.dae
-- Up-to-date: /home/ruben/Documents/ProjetoFinal/roboauto/install/turtlebot3/share/turtlebot3/models/robo_camuflado/meshes/Grass.png
-- Up-to-date: /home/ruben/Documents/ProjetoFinal/roboauto/install/turtlebot3/share/turtlebot3/models/robo_camuflado/meshes/wheel_fl.dae
-- Up-to-date: /home/ruben/Documents/ProjetoFinal/roboauto/install/turtlebot3/share/turtlebot3/models/robo_camuflado/meshes/wheel_br.dae
-- Up-to-date: /home/ruben/Documents/ProjetoFinal/roboauto/install/turtlebot3/share/turtlebot3/models/robo_camuflado/meshes/cam_link.dae
-- Up-to-date: /home/ruben/Documents/ProjetoFinal/roboauto/install/turtlebot3/share/turtlebot3/models/robo_camuflado/meshes/wheel_fr.dae
-- Up-to-date: /home/ruben/Documents/ProjetoFinal/roboauto/install/turtlebot3/share/turtlebot3/models/robo_camuflado/meshes/lidar_link.dae
-- Up-to-date: /home/ruben/Documents/ProjetoFinal/roboauto/install/turtlebot3/share/turtlebot3/models/robo_camuflado/robo_camuflado.xacro
-- Up-to-date: /home/ruben/Documents/ProjetoFinal/roboauto/install/turtlebot3/share/turtlebot3/maps
-- Up-to-date: /home/ruben/Documents/ProjetoFinal/roboauto/install/turtlebot3/share/turtlebot3/maps/turtlebot3_world.yaml
-- Up-to-date: /home/ruben/Documents/ProjetoFinal/roboauto/install/turtlebot3/share/turtlebot3/maps/turtlebot3_world.pgm
-- Installing: /home/ruben/Documents/ProjetoFinal/roboauto/install/turtlebot3/share/turtlebot3/params
-- Installing: /home/ruben/Documents/ProjetoFinal/roboauto/install/turtlebot3/share/turtlebot3/params/robo_camuflado.yaml
-- Installing: /home/ruben/Documents/ProjetoFinal/roboauto/install/turtlebot3/share/ament_index/resource_index/package_run_dependencies/turtlebot3
-- Installing: /home/ruben/Documents/ProjetoFinal/roboauto/install/turtlebot3/share/ament_index/resource_index/parent_prefix_path/turtlebot3
-- Installing: /home/ruben/Documents/ProjetoFinal/roboauto/install/turtlebot3/share/turtlebot3/environment/ament_prefix_path.sh
-- Installing: /home/ruben/Documents/ProjetoFinal/roboauto/install/turtlebot3/share/turtlebot3/environment/ament_prefix_path.dsv
-- Installing: /home/ruben/Documents/ProjetoFinal/roboauto/install/turtlebot3/share/turtlebot3/environment/path.sh
-- Installing: /home/ruben/Documents/ProjetoFinal/roboauto/install/turtlebot3/share/turtlebot3/environment/path.dsv
-- Installing: /home/ruben/Documents/ProjetoFinal/roboauto/install/turtlebot3/share/turtlebot3/local_setup.bash
-- Installing: /home/ruben/Documents/ProjetoFinal/roboauto/install/turtlebot3/share/turtlebot3/local_setup.sh
-- Installing: /home/ruben/Documents/ProjetoFinal/roboauto/install/turtlebot3/share/turtlebot3/local_setup.zsh
-- Installing: /home/ruben/Documents/ProjetoFinal/roboauto/install/turtlebot3/share/turtlebot3/local_setup.dsv
-- Up-to-date: /home/ruben/Documents/ProjetoFinal/roboauto/install/turtlebot3/share/turtlebot3/package.dsv
-- Installing: /home/ruben/Documents/ProjetoFinal/roboauto/install/turtlebot3/share/ament_index/resource_index/packages/turtlebot3
-- Installing: /home/ruben/Documents/ProjetoFinal/roboauto/install/turtlebot3/share/turtlebot3/cmake/turtlebot3Config.cmake
-- Installing: /home/ruben/Documents/ProjetoFinal/roboauto/install/turtlebot3/share/turtlebot3/cmake/turtlebot3Config-version.cmake
-- Installing: /home/ruben/Documents/ProjetoFinal/roboauto/install/turtlebot3/share/turtlebot3/package.xml
