[0.013s] Invoking command in '/home/ruben/Documents/ProjetoFinal/roboauto/build/turtlebot3': CMAKE_PREFIX_PATH=/opt/ros/humble /usr/bin/cmake --build /home/ruben/Documents/ProjetoFinal/roboauto/build/turtlebot3 -- -j16 -l16
[0.062s] Invoked command in '/home/ruben/Documents/ProjetoFinal/roboauto/build/turtlebot3' returned '0': CMAKE_PREFIX_PATH=/opt/ros/humble /usr/bin/cmake --build /home/ruben/Documents/ProjetoFinal/roboauto/build/turtlebot3 -- -j16 -l16
[0.075s] Invoking command in '/home/ruben/Documents/ProjetoFinal/roboauto/build/turtlebot3': CMAKE_PREFIX_PATH=/opt/ros/humble /usr/bin/cmake --install /home/ruben/Documents/ProjetoFinal/roboauto/build/turtlebot3
[0.083s] -- Install configuration: ""
[0.084s] -- Up-to-date: /home/ruben/Documents/ProjetoFinal/roboauto/install/turtlebot3/share/turtlebot3/launch
[0.084s] -- Up-to-date: /home/ruben/Documents/ProjetoFinal/roboauto/install/turtlebot3/share/turtlebot3/launch/robot_state_publisher.launch.py
[0.084s] -- Up-to-date: /home/ruben/Documents/ProjetoFinal/roboauto/install/turtlebot3/share/turtlebot3/launch/navigation2.launch.py
[0.084s] -- Up-to-date: /home/ruben/Documents/ProjetoFinal/roboauto/install/turtlebot3/share/turtlebot3/launch/simulation.launch.py
[0.084s] -- Up-to-date: /home/ruben/Documents/ProjetoFinal/roboauto/install/turtlebot3/share/turtlebot3/launch/ros_ign_bridge.launch.py
[0.084s] -- Up-to-date: /home/ruben/Documents/ProjetoFinal/roboauto/install/turtlebot3/share/turtlebot3/models
[0.085s] -- Up-to-date: /home/ruben/Documents/ProjetoFinal/roboauto/install/turtlebot3/share/turtlebot3/models/worlds
[0.085s] -- Up-to-date: /home/ruben/Documents/ProjetoFinal/roboauto/install/turtlebot3/share/turtlebot3/models/worlds/meshes
[0.085s] -- Up-to-date: /home/ruben/Documents/ProjetoFinal/roboauto/install/turtlebot3/share/turtlebot3/models/worlds/meshes/wall.dae
[0.085s] -- Up-to-date: /home/ruben/Documents/ProjetoFinal/roboauto/install/turtlebot3/share/turtlebot3/models/worlds/meshes/hexagon.dae
[0.085s] -- Up-to-date: /home/ruben/Documents/ProjetoFinal/roboauto/install/turtlebot3/share/turtlebot3/models/worlds/world_only.sdf
[0.085s] -- Up-to-date: /home/ruben/Documents/ProjetoFinal/roboauto/install/turtlebot3/share/turtlebot3/models/worlds/model.sdf
[0.085s] -- Up-to-date: /home/ruben/Documents/ProjetoFinal/roboauto/install/turtlebot3/share/turtlebot3/models/robo_camuflado
[0.085s] -- Up-to-date: /home/ruben/Documents/ProjetoFinal/roboauto/install/turtlebot3/share/turtlebot3/models/robo_camuflado/robo_camuflado.sdf
[0.085s] -- Up-to-date: /home/ruben/Documents/ProjetoFinal/roboauto/install/turtlebot3/share/turtlebot3/models/robo_camuflado/meshes
[0.085s] -- Up-to-date: /home/ruben/Documents/ProjetoFinal/roboauto/install/turtlebot3/share/turtlebot3/models/robo_camuflado/meshes/wheel_bl.dae
[0.085s] -- Up-to-date: /home/ruben/Documents/ProjetoFinal/roboauto/install/turtlebot3/share/turtlebot3/models/robo_camuflado/meshes/base_footprint.dae
[0.085s] -- Up-to-date: /home/ruben/Documents/ProjetoFinal/roboauto/install/turtlebot3/share/turtlebot3/models/robo_camuflado/meshes/Grass.png
[0.085s] -- Up-to-date: /home/ruben/Documents/ProjetoFinal/roboauto/install/turtlebot3/share/turtlebot3/models/robo_camuflado/meshes/wheel_fl.dae
[0.085s] -- Up-to-date: /home/ruben/Documents/ProjetoFinal/roboauto/install/turtlebot3/share/turtlebot3/models/robo_camuflado/meshes/wheel_br.dae
[0.085s] -- Up-to-date: /home/ruben/Documents/ProjetoFinal/roboauto/install/turtlebot3/share/turtlebot3/models/robo_camuflado/meshes/cam_link.dae
[0.085s] -- Up-to-date: /home/ruben/Documents/ProjetoFinal/roboauto/install/turtlebot3/share/turtlebot3/models/robo_camuflado/meshes/wheel_fr.dae
[0.086s] -- Up-to-date: /home/ruben/Documents/ProjetoFinal/roboauto/install/turtlebot3/share/turtlebot3/models/robo_camuflado/meshes/lidar_link.dae
[0.086s] -- Up-to-date: /home/ruben/Documents/ProjetoFinal/roboauto/install/turtlebot3/share/turtlebot3/models/robo_camuflado/robo_camuflado.xacro
[0.086s] -- Up-to-date: /home/ruben/Documents/ProjetoFinal/roboauto/install/turtlebot3/share/turtlebot3/maps
[0.086s] -- Up-to-date: /home/ruben/Documents/ProjetoFinal/roboauto/install/turtlebot3/share/turtlebot3/maps/turtlebot3_world.yaml
[0.086s] -- Up-to-date: /home/ruben/Documents/ProjetoFinal/roboauto/install/turtlebot3/share/turtlebot3/maps/turtlebot3_world.pgm
[0.086s] -- Installing: /home/ruben/Documents/ProjetoFinal/roboauto/install/turtlebot3/share/turtlebot3/params
[0.086s] -- Installing: /home/ruben/Documents/ProjetoFinal/roboauto/install/turtlebot3/share/turtlebot3/params/robo_camuflado.yaml
[0.086s] -- Installing: /home/ruben/Documents/ProjetoFinal/roboauto/install/turtlebot3/share/ament_index/resource_index/package_run_dependencies/turtlebot3
[0.086s] -- Installing: /home/ruben/Documents/ProjetoFinal/roboauto/install/turtlebot3/share/ament_index/resource_index/parent_prefix_path/turtlebot3
[0.086s] -- Installing: /home/ruben/Documents/ProjetoFinal/roboauto/install/turtlebot3/share/turtlebot3/environment/ament_prefix_path.sh
[0.086s] -- Installing: /home/ruben/Documents/ProjetoFinal/roboauto/install/turtlebot3/share/turtlebot3/environment/ament_prefix_path.dsv
[0.086s] -- Installing: /home/ruben/Documents/ProjetoFinal/roboauto/install/turtlebot3/share/turtlebot3/environment/path.sh
[0.086s] -- Installing: /home/ruben/Documents/ProjetoFinal/roboauto/install/turtlebot3/share/turtlebot3/environment/path.dsv
[0.086s] -- Installing: /home/ruben/Documents/ProjetoFinal/roboauto/install/turtlebot3/share/turtlebot3/local_setup.bash
[0.086s] -- Installing: /home/ruben/Documents/ProjetoFinal/roboauto/install/turtlebot3/share/turtlebot3/local_setup.sh
[0.086s] -- Installing: /home/ruben/Documents/ProjetoFinal/roboauto/install/turtlebot3/share/turtlebot3/local_setup.zsh
[0.086s] -- Installing: /home/ruben/Documents/ProjetoFinal/roboauto/install/turtlebot3/share/turtlebot3/local_setup.dsv
[0.086s] -- Up-to-date: /home/ruben/Documents/ProjetoFinal/roboauto/install/turtlebot3/share/turtlebot3/package.dsv
[0.087s] -- Installing: /home/ruben/Documents/ProjetoFinal/roboauto/install/turtlebot3/share/ament_index/resource_index/packages/turtlebot3
[0.087s] -- Installing: /home/ruben/Documents/ProjetoFinal/roboauto/install/turtlebot3/share/turtlebot3/cmake/turtlebot3Config.cmake
[0.087s] -- Installing: /home/ruben/Documents/ProjetoFinal/roboauto/install/turtlebot3/share/turtlebot3/cmake/turtlebot3Config-version.cmake
[0.087s] -- Installing: /home/ruben/Documents/ProjetoFinal/roboauto/install/turtlebot3/share/turtlebot3/package.xml
[0.090s] Invoked command in '/home/ruben/Documents/ProjetoFinal/roboauto/build/turtlebot3' returned '0': CMAKE_PREFIX_PATH=/opt/ros/humble /usr/bin/cmake --install /home/ruben/Documents/ProjetoFinal/roboauto/build/turtlebot3
