[0.013s] Invoking command in '/home/ruben/Documents/ProjetoFinal/turtlebot3_ws/build/turtlebot3': CMAKE_PREFIX_PATH=${CMAKE_PREFIX_PATH}:/opt/ros/humble /usr/bin/cmake /home/ruben/Documents/ProjetoFinal/turtlebot3_ws/turtlebot3 -DAMENT_CMAKE_SYMLINK_INSTALL=1 -DCMAKE_INSTALL_PREFIX=/home/ruben/Documents/ProjetoFinal/turtlebot3_ws/install/turtlebot3
[0.072s] -- The C compiler identification is GNU 11.4.0
[0.129s] -- The CXX compiler identification is GNU 11.4.0
[0.137s] -- Detecting C compiler ABI info
[0.210s] -- Detecting C compiler ABI info - done
[0.216s] -- Check for working C compiler: /usr/bin/cc - skipped
[0.216s] -- Detecting C compile features
[0.216s] -- Detecting C compile features - done
[0.219s] -- Detecting CXX compiler ABI info
[0.302s] -- Detecting CXX compiler ABI info - done
[0.308s] -- Check for working CXX compiler: /usr/bin/c++ - skipped
[0.309s] -- Detecting CXX compile features
[0.309s] -- Detecting CXX compile features - done
[0.311s] -- Found ament_cmake: 1.3.11 (/opt/ros/humble/share/ament_cmake/cmake)
[0.455s] -- Found Python3: /usr/bin/python3 (found version "3.10.12") found components: Interpreter 
[0.510s] -- Override CMake install command with custom implementation using symlinks instead of copying resources
[0.542s] -- Found ament_lint_auto: 0.12.12 (/opt/ros/humble/share/ament_lint_auto/cmake)
[0.630s] -- Added test 'cppcheck' to perform static code analysis on C / C++ code
[0.631s] -- Configured cppcheck include dirs: 
[0.631s] -- Configured cppcheck exclude dirs and/or files: 
[0.634s] -- Added test 'flake8' to check Python code syntax and style conventions
[0.639s] -- Added test 'lint_cmake' to check CMake code style
[0.642s] -- Added test 'pep257' to check Python code against some of the docstring style conventions in PEP 257
[0.658s] -- Added test 'uncrustify' to check C / C++ code style
[0.658s] -- Configured uncrustify additional arguments: 
[0.661s] -- Added test 'xmllint' to check XML markup files
[0.662s] -- Configuring done
[0.665s] -- Generating done
[0.667s] -- Build files have been written to: /home/ruben/Documents/ProjetoFinal/turtlebot3_ws/build/turtlebot3
[0.672s] Invoked command in '/home/ruben/Documents/ProjetoFinal/turtlebot3_ws/build/turtlebot3' returned '0': CMAKE_PREFIX_PATH=${CMAKE_PREFIX_PATH}:/opt/ros/humble /usr/bin/cmake /home/ruben/Documents/ProjetoFinal/turtlebot3_ws/turtlebot3 -DAMENT_CMAKE_SYMLINK_INSTALL=1 -DCMAKE_INSTALL_PREFIX=/home/ruben/Documents/ProjetoFinal/turtlebot3_ws/install/turtlebot3
[0.674s] Invoking command in '/home/ruben/Documents/ProjetoFinal/turtlebot3_ws/build/turtlebot3': CMAKE_PREFIX_PATH=${CMAKE_PREFIX_PATH}:/opt/ros/humble /usr/bin/cmake --build /home/ruben/Documents/ProjetoFinal/turtlebot3_ws/build/turtlebot3 -- -j16 -l16
[0.711s] Invoked command in '/home/ruben/Documents/ProjetoFinal/turtlebot3_ws/build/turtlebot3' returned '0': CMAKE_PREFIX_PATH=${CMAKE_PREFIX_PATH}:/opt/ros/humble /usr/bin/cmake --build /home/ruben/Documents/ProjetoFinal/turtlebot3_ws/build/turtlebot3 -- -j16 -l16
[0.721s] Invoking command in '/home/ruben/Documents/ProjetoFinal/turtlebot3_ws/build/turtlebot3': CMAKE_PREFIX_PATH=${CMAKE_PREFIX_PATH}:/opt/ros/humble /usr/bin/cmake --install /home/ruben/Documents/ProjetoFinal/turtlebot3_ws/build/turtlebot3
[0.728s] -- Install configuration: ""
[0.729s] -- Execute custom install script
[0.729s] -- Symlinking: /home/ruben/Documents/ProjetoFinal/turtlebot3_ws/install/turtlebot3/share/turtlebot3/launch/navigation2.launch.py
[0.739s] -- Symlinking: /home/ruben/Documents/ProjetoFinal/turtlebot3_ws/install/turtlebot3/share/turtlebot3/launch/robot_state_publisher.launch.py
[0.748s] -- Symlinking: /home/ruben/Documents/ProjetoFinal/turtlebot3_ws/install/turtlebot3/share/turtlebot3/launch/ros_ign_bridge.launch.py
[0.757s] -- Symlinking: /home/ruben/Documents/ProjetoFinal/turtlebot3_ws/install/turtlebot3/share/turtlebot3/launch/simulation.launch.py
[0.767s] -- Symlinking: /home/ruben/Documents/ProjetoFinal/turtlebot3_ws/install/turtlebot3/share/turtlebot3/models/mundo_tijolo/brick.png
[0.777s] -- Symlinking: /home/ruben/Documents/ProjetoFinal/turtlebot3_ws/install/turtlebot3/share/turtlebot3/models/mundo_tijolo/model.sdf
[0.786s] -- Symlinking: /home/ruben/Documents/ProjetoFinal/turtlebot3_ws/install/turtlebot3/share/turtlebot3/models/mundo_tijolo/mundo_irregular_tijolo.dae
[0.797s] -- Symlinking: /home/ruben/Documents/ProjetoFinal/turtlebot3_ws/install/turtlebot3/share/turtlebot3/models/mundo_tijolo/wood_wall.jpg
[0.806s] -- Symlinking: /home/ruben/Documents/ProjetoFinal/turtlebot3_ws/install/turtlebot3/share/turtlebot3/models/turtlebot3/meshes/burger_base.dae
[0.816s] -- Symlinking: /home/ruben/Documents/ProjetoFinal/turtlebot3_ws/install/turtlebot3/share/turtlebot3/models/turtlebot3/meshes/lds.dae
[0.827s] -- Symlinking: /home/ruben/Documents/ProjetoFinal/turtlebot3_ws/install/turtlebot3/share/turtlebot3/models/turtlebot3/meshes/r200.dae
[0.838s] -- Symlinking: /home/ruben/Documents/ProjetoFinal/turtlebot3_ws/install/turtlebot3/share/turtlebot3/models/turtlebot3/meshes/tire.dae
[0.848s] -- Symlinking: /home/ruben/Documents/ProjetoFinal/turtlebot3_ws/install/turtlebot3/share/turtlebot3/models/turtlebot3/meshes/waffle_base.dae
[0.858s] -- Symlinking: /home/ruben/Documents/ProjetoFinal/turtlebot3_ws/install/turtlebot3/share/turtlebot3/models/turtlebot3/meshes/waffle_pi_base.dae
[0.868s] -- Symlinking: /home/ruben/Documents/ProjetoFinal/turtlebot3_ws/install/turtlebot3/share/turtlebot3/models/turtlebot3/model.config
[0.879s] -- Symlinking: /home/ruben/Documents/ProjetoFinal/turtlebot3_ws/install/turtlebot3/share/turtlebot3/models/turtlebot3/model.sdf
[0.888s] -- Symlinking: /home/ruben/Documents/ProjetoFinal/turtlebot3_ws/install/turtlebot3/share/turtlebot3/models/worlds/meshes/hexagon.dae
[0.898s] -- Symlinking: /home/ruben/Documents/ProjetoFinal/turtlebot3_ws/install/turtlebot3/share/turtlebot3/models/worlds/meshes/wall.dae
[0.908s] -- Symlinking: /home/ruben/Documents/ProjetoFinal/turtlebot3_ws/install/turtlebot3/share/turtlebot3/models/worlds/model.sdf
[0.919s] -- Symlinking: /home/ruben/Documents/ProjetoFinal/turtlebot3_ws/install/turtlebot3/share/turtlebot3/models/worlds/world_only.sdf
[0.929s] -- Symlinking: /home/ruben/Documents/ProjetoFinal/turtlebot3_ws/install/turtlebot3/share/turtlebot3/maps/turtlebot3_world.pgm
[0.938s] -- Symlinking: /home/ruben/Documents/ProjetoFinal/turtlebot3_ws/install/turtlebot3/share/turtlebot3/maps/turtlebot3_world.yaml
[0.948s] -- Symlinking: /home/ruben/Documents/ProjetoFinal/turtlebot3_ws/install/turtlebot3/share/turtlebot3/params/waffle.yaml
[0.958s] -- Symlinking: /home/ruben/Documents/ProjetoFinal/turtlebot3_ws/install/turtlebot3/share/ament_index/resource_index/package_run_dependencies/turtlebot3
[0.968s] -- Symlinking: /home/ruben/Documents/ProjetoFinal/turtlebot3_ws/install/turtlebot3/share/ament_index/resource_index/parent_prefix_path/turtlebot3
[0.978s] -- Symlinking: /home/ruben/Documents/ProjetoFinal/turtlebot3_ws/install/turtlebot3/share/turtlebot3/environment/ament_prefix_path.sh
[0.987s] -- Symlinking: /home/ruben/Documents/ProjetoFinal/turtlebot3_ws/install/turtlebot3/share/turtlebot3/environment/ament_prefix_path.dsv
[0.997s] -- Symlinking: /home/ruben/Documents/ProjetoFinal/turtlebot3_ws/install/turtlebot3/share/turtlebot3/environment/path.sh
[1.006s] -- Symlinking: /home/ruben/Documents/ProjetoFinal/turtlebot3_ws/install/turtlebot3/share/turtlebot3/environment/path.dsv
[1.015s] -- Symlinking: /home/ruben/Documents/ProjetoFinal/turtlebot3_ws/install/turtlebot3/share/turtlebot3/local_setup.bash
[1.024s] -- Symlinking: /home/ruben/Documents/ProjetoFinal/turtlebot3_ws/install/turtlebot3/share/turtlebot3/local_setup.sh
[1.034s] -- Symlinking: /home/ruben/Documents/ProjetoFinal/turtlebot3_ws/install/turtlebot3/share/turtlebot3/local_setup.zsh
[1.043s] -- Symlinking: /home/ruben/Documents/ProjetoFinal/turtlebot3_ws/install/turtlebot3/share/turtlebot3/local_setup.dsv
[1.053s] -- Symlinking: /home/ruben/Documents/ProjetoFinal/turtlebot3_ws/install/turtlebot3/share/turtlebot3/package.dsv
[1.062s] -- Symlinking: /home/ruben/Documents/ProjetoFinal/turtlebot3_ws/install/turtlebot3/share/ament_index/resource_index/packages/turtlebot3
[1.072s] -- Symlinking: /home/ruben/Documents/ProjetoFinal/turtlebot3_ws/install/turtlebot3/share/turtlebot3/cmake/turtlebot3Config.cmake
[1.081s] -- Symlinking: /home/ruben/Documents/ProjetoFinal/turtlebot3_ws/install/turtlebot3/share/turtlebot3/cmake/turtlebot3Config-version.cmake
[1.090s] -- Symlinking: /home/ruben/Documents/ProjetoFinal/turtlebot3_ws/install/turtlebot3/share/turtlebot3/package.xml
[1.103s] Invoked command in '/home/ruben/Documents/ProjetoFinal/turtlebot3_ws/build/turtlebot3' returned '0': CMAKE_PREFIX_PATH=${CMAKE_PREFIX_PATH}:/opt/ros/humble /usr/bin/cmake --install /home/ruben/Documents/ProjetoFinal/turtlebot3_ws/build/turtlebot3
