[0.912s] Invoking command in '/home/ruben/flask_nav2_web/nav_goal_sender': PYTHONPATH=/home/ruben/flask_nav2_web/build/nav_goal_sender/prefix_override:/usr/lib/python3/dist-packages/colcon_core/task/python/colcon_distutils_commands:/home/ruben/flask_nav2_web/install/nav_goal_sender/lib/python3.10/site-packages:${PYTHONPATH} /usr/bin/python3 -W ignore:setup.py install is deprecated -W ignore:easy_install command is deprecated setup.py egg_info --egg-base ../build/nav_goal_sender build --build-base /home/ruben/flask_nav2_web/build/nav_goal_sender/build install --record /home/ruben/flask_nav2_web/build/nav_goal_sender/install.log --single-version-externally-managed install_data
[1.198s] running egg_info
[1.199s] writing ../build/nav_goal_sender/nav_goal_sender.egg-info/PKG-INFO
[1.200s] writing dependency_links to ../build/nav_goal_sender/nav_goal_sender.egg-info/dependency_links.txt
[1.200s] writing entry points to ../build/nav_goal_sender/nav_goal_sender.egg-info/entry_points.txt
[1.200s] writing requirements to ../build/nav_goal_sender/nav_goal_sender.egg-info/requires.txt
[1.200s] writing top-level names to ../build/nav_goal_sender/nav_goal_sender.egg-info/top_level.txt
[1.202s] reading manifest file '../build/nav_goal_sender/nav_goal_sender.egg-info/SOURCES.txt'
[1.203s] writing manifest file '../build/nav_goal_sender/nav_goal_sender.egg-info/SOURCES.txt'
[1.203s] running build
[1.203s] running build_py
[1.203s] copying nav_goal_sender/goal_state_listener.py -> /home/ruben/flask_nav2_web/build/nav_goal_sender/build/lib/nav_goal_sender
[1.204s] running install
[1.204s] running install_lib
[1.205s] copying /home/ruben/flask_nav2_web/build/nav_goal_sender/build/lib/nav_goal_sender/goal_state_listener.py -> /home/ruben/flask_nav2_web/install/nav_goal_sender/lib/python3.10/site-packages/nav_goal_sender
[1.205s] byte-compiling /home/ruben/flask_nav2_web/install/nav_goal_sender/lib/python3.10/site-packages/nav_goal_sender/goal_state_listener.py to goal_state_listener.cpython-310.pyc
[1.206s] running install_data
[1.206s] running install_egg_info
[1.208s] removing '/home/ruben/flask_nav2_web/install/nav_goal_sender/lib/python3.10/site-packages/nav_goal_sender-0.0.0-py3.10.egg-info' (and everything under it)
[1.208s] Copying ../build/nav_goal_sender/nav_goal_sender.egg-info to /home/ruben/flask_nav2_web/install/nav_goal_sender/lib/python3.10/site-packages/nav_goal_sender-0.0.0-py3.10.egg-info
[1.209s] running install_scripts
[1.235s] Installing send_goal.py script to /home/ruben/flask_nav2_web/install/nav_goal_sender/lib/nav_goal_sender
[1.236s] writing list of installed files to '/home/ruben/flask_nav2_web/build/nav_goal_sender/install.log'
[1.278s] Invoked command in '/home/ruben/flask_nav2_web/nav_goal_sender' returned '0': PYTHONPATH=/home/ruben/flask_nav2_web/build/nav_goal_sender/prefix_override:/usr/lib/python3/dist-packages/colcon_core/task/python/colcon_distutils_commands:/home/ruben/flask_nav2_web/install/nav_goal_sender/lib/python3.10/site-packages:${PYTHONPATH} /usr/bin/python3 -W ignore:setup.py install is deprecated -W ignore:easy_install command is deprecated setup.py egg_info --egg-base ../build/nav_goal_sender build --build-base /home/ruben/flask_nav2_web/build/nav_goal_sender/build install --record /home/ruben/flask_nav2_web/build/nav_goal_sender/install.log --single-version-externally-managed install_data
