[0.014s] Invoking command in '/home/ruben/articubot_ws/build/articubot_one': CMAKE_PREFIX_PATH=${CMAKE_PREFIX_PATH}:/opt/ros/humble /usr/bin/cmake /home/ruben/articubot_ws/src/articubot_one -DAMENT_CMAKE_SYMLINK_INSTALL=1 -DCMAKE_INSTALL_PREFIX=/home/ruben/articubot_ws/install/articubot_one
[0.033s] -- Found ament_cmake: 1.3.11 (/opt/ros/humble/share/ament_cmake/cmake)
[0.178s] -- Override CMake install command with custom implementation using symlinks instead of copying resources
[0.239s] -- Found ament_lint_auto: 0.12.12 (/opt/ros/humble/share/ament_lint_auto/cmake)
[0.334s] -- Added test 'copyright' to check source files copyright and LICENSE
[0.347s] -- Added test 'flake8' to check Python code syntax and style conventions
[0.349s] -- Added test 'lint_cmake' to check CMake code style
[0.350s] -- Added test 'pep257' to check Python code against some of the docstring style conventions in PEP 257
[0.357s] -- Added test 'xmllint' to check XML markup files
[0.358s] -- Configuring done
[0.364s] -- Generating done
[0.366s] -- Build files have been written to: /home/ruben/articubot_ws/build/articubot_one
[0.371s] Invoked command in '/home/ruben/articubot_ws/build/articubot_one' returned '0': CMAKE_PREFIX_PATH=${CMAKE_PREFIX_PATH}:/opt/ros/humble /usr/bin/cmake /home/ruben/articubot_ws/src/articubot_one -DAMENT_CMAKE_SYMLINK_INSTALL=1 -DCMAKE_INSTALL_PREFIX=/home/ruben/articubot_ws/install/articubot_one
[0.375s] Invoking command in '/home/ruben/articubot_ws/build/articubot_one': CMAKE_PREFIX_PATH=${CMAKE_PREFIX_PATH}:/opt/ros/humble /usr/bin/cmake --build /home/ruben/articubot_ws/build/articubot_one -- -j16 -l16
[0.435s] Invoked command in '/home/ruben/articubot_ws/build/articubot_one' returned '0': CMAKE_PREFIX_PATH=${CMAKE_PREFIX_PATH}:/opt/ros/humble /usr/bin/cmake --build /home/ruben/articubot_ws/build/articubot_one -- -j16 -l16
[0.450s] Invoking command in '/home/ruben/articubot_ws/build/articubot_one': CMAKE_PREFIX_PATH=${CMAKE_PREFIX_PATH}:/opt/ros/humble /usr/bin/cmake --install /home/ruben/articubot_ws/build/articubot_one
[0.460s] -- Install configuration: ""
[0.460s] -- Execute custom install script
[0.461s] -- Symlinking: /home/ruben/articubot_ws/install/articubot_one/share/articubot_one/config/ball_tracker_params_robot.yaml
[0.473s] -- Symlinking: /home/ruben/articubot_ws/install/articubot_one/share/articubot_one/config/ball_tracker_params_sim.yaml
[0.486s] -- Symlinking: /home/ruben/articubot_ws/install/articubot_one/share/articubot_one/config/drive_bot.rviz
[0.500s] -- Symlinking: /home/ruben/articubot_ws/install/articubot_one/share/articubot_one/config/empty.yaml
[0.515s] -- Symlinking: /home/ruben/articubot_ws/install/articubot_one/share/articubot_one/config/gaz_ros2_ctl_use_sim.yaml
[0.532s] -- Symlinking: /home/ruben/articubot_ws/install/articubot_one/share/articubot_one/config/gz_bridge.yaml
[0.546s] -- Symlinking: /home/ruben/articubot_ws/install/articubot_one/share/articubot_one/config/joystick.yaml
[0.560s] -- Symlinking: /home/ruben/articubot_ws/install/articubot_one/share/articubot_one/config/main.rviz
[0.571s] -- Symlinking: /home/ruben/articubot_ws/install/articubot_one/share/articubot_one/config/map.rviz
[0.582s] -- Symlinking: /home/ruben/articubot_ws/install/articubot_one/share/articubot_one/config/mapper_params_online_async.yaml
[0.593s] -- Symlinking: /home/ruben/articubot_ws/install/articubot_one/share/articubot_one/config/my_controllers.yaml
[0.607s] -- Symlinking: /home/ruben/articubot_ws/install/articubot_one/share/articubot_one/config/nav2_params.yaml
[0.622s] -- Symlinking: /home/ruben/articubot_ws/install/articubot_one/share/articubot_one/config/twist_mux.yaml
[0.634s] -- Symlinking: /home/ruben/articubot_ws/install/articubot_one/share/articubot_one/config/view_bot.rviz
[0.648s] -- Symlinking: /home/ruben/articubot_ws/install/articubot_one/share/articubot_one/description/camera.xacro
[0.659s] -- Symlinking: /home/ruben/articubot_ws/install/articubot_one/share/articubot_one/description/depth_camera.xacro
[0.669s] -- Symlinking: /home/ruben/articubot_ws/install/articubot_one/share/articubot_one/description/face.xacro
[0.680s] -- Symlinking: /home/ruben/articubot_ws/install/articubot_one/share/articubot_one/description/gazebo_control.xacro
[0.691s] -- Symlinking: /home/ruben/articubot_ws/install/articubot_one/share/articubot_one/description/inertial_macros.xacro
[0.701s] -- Symlinking: /home/ruben/articubot_ws/install/articubot_one/share/articubot_one/description/lidar.xacro
[0.715s] -- Symlinking: /home/ruben/articubot_ws/install/articubot_one/share/articubot_one/description/robot.urdf.xacro
[0.728s] -- Symlinking: /home/ruben/articubot_ws/install/articubot_one/share/articubot_one/description/robot_core.xacro
[0.740s] -- Symlinking: /home/ruben/articubot_ws/install/articubot_one/share/articubot_one/description/ros2_control.xacro
[0.753s] -- Symlinking: /home/ruben/articubot_ws/install/articubot_one/share/articubot_one/launch/ball_tracker.launch.py
[0.764s] -- Symlinking: /home/ruben/articubot_ws/install/articubot_one/share/articubot_one/launch/camera.launch.py
[0.776s] -- Symlinking: /home/ruben/articubot_ws/install/articubot_one/share/articubot_one/launch/joystick.launch.py
[0.786s] -- Symlinking: /home/ruben/articubot_ws/install/articubot_one/share/articubot_one/launch/launch_robot.launch.py
[0.796s] -- Symlinking: /home/ruben/articubot_ws/install/articubot_one/share/articubot_one/launch/launch_sim.launch.py
[0.808s] -- Symlinking: /home/ruben/articubot_ws/install/articubot_one/share/articubot_one/launch/localization_launch.py
[0.820s] -- Symlinking: /home/ruben/articubot_ws/install/articubot_one/share/articubot_one/launch/navigation_launch.py
[0.832s] -- Symlinking: /home/ruben/articubot_ws/install/articubot_one/share/articubot_one/launch/old_launch.py
[0.848s] -- Symlinking: /home/ruben/articubot_ws/install/articubot_one/share/articubot_one/launch/online_async_launch.py
[0.860s] -- Symlinking: /home/ruben/articubot_ws/install/articubot_one/share/articubot_one/launch/rplidar.launch.py
[0.873s] -- Symlinking: /home/ruben/articubot_ws/install/articubot_one/share/articubot_one/launch/rsp.launch.py
[0.886s] -- Symlinking: /home/ruben/articubot_ws/install/articubot_one/share/articubot_one/worlds/empty.world
[0.899s] -- Symlinking: /home/ruben/articubot_ws/install/articubot_one/share/articubot_one/worlds/mundo_realista/meshes/brick.png
[0.912s] -- Symlinking: /home/ruben/articubot_ws/install/articubot_one/share/articubot_one/worlds/mundo_realista/meshes/mundo_irregular_madeira.dae
[0.926s] -- Symlinking: /home/ruben/articubot_ws/install/articubot_one/share/articubot_one/worlds/mundo_realista/meshes/mundo_irregular_tijolo.dae
[0.937s] -- Symlinking: /home/ruben/articubot_ws/install/articubot_one/share/articubot_one/worlds/mundo_realista/meshes/mundo_realista.dae
[0.951s] -- Symlinking: /home/ruben/articubot_ws/install/articubot_one/share/articubot_one/worlds/mundo_realista/meshes/mundo_simples_objetos.dae
[0.967s] -- Symlinking: /home/ruben/articubot_ws/install/articubot_one/share/articubot_one/worlds/mundo_realista/meshes/wood_wall.jpg
[0.979s] -- Symlinking: /home/ruben/articubot_ws/install/articubot_one/share/articubot_one/worlds/mundo_realista/model.config
[0.991s] -- Symlinking: /home/ruben/articubot_ws/install/articubot_one/share/articubot_one/worlds/mundo_realista/model.sdf
[1.002s] -- Symlinking: /home/ruben/articubot_ws/install/articubot_one/share/articubot_one/worlds/mundo_realista/mundotijolo.world
[1.015s] -- Symlinking: /home/ruben/articubot_ws/install/articubot_one/share/articubot_one/worlds/obstacles.world
[1.036s] -- Symlinking: /home/ruben/articubot_ws/install/articubot_one/share/ament_index/resource_index/package_run_dependencies/articubot_one
[1.052s] -- Symlinking: /home/ruben/articubot_ws/install/articubot_one/share/ament_index/resource_index/parent_prefix_path/articubot_one
[1.065s] -- Symlinking: /home/ruben/articubot_ws/install/articubot_one/share/articubot_one/environment/ament_prefix_path.sh
[1.079s] -- Symlinking: /home/ruben/articubot_ws/install/articubot_one/share/articubot_one/environment/ament_prefix_path.dsv
[1.093s] -- Symlinking: /home/ruben/articubot_ws/install/articubot_one/share/articubot_one/environment/path.sh
[1.104s] -- Symlinking: /home/ruben/articubot_ws/install/articubot_one/share/articubot_one/environment/path.dsv
[1.119s] -- Symlinking: /home/ruben/articubot_ws/install/articubot_one/share/articubot_one/local_setup.bash
[1.136s] -- Symlinking: /home/ruben/articubot_ws/install/articubot_one/share/articubot_one/local_setup.sh
[1.151s] -- Symlinking: /home/ruben/articubot_ws/install/articubot_one/share/articubot_one/local_setup.zsh
[1.166s] -- Symlinking: /home/ruben/articubot_ws/install/articubot_one/share/articubot_one/local_setup.dsv
[1.181s] -- Symlinking: /home/ruben/articubot_ws/install/articubot_one/share/articubot_one/package.dsv
[1.194s] -- Symlinking: /home/ruben/articubot_ws/install/articubot_one/share/ament_index/resource_index/packages/articubot_one
[1.206s] -- Symlinking: /home/ruben/articubot_ws/install/articubot_one/share/articubot_one/cmake/articubot_oneConfig.cmake
[1.220s] -- Symlinking: /home/ruben/articubot_ws/install/articubot_one/share/articubot_one/cmake/articubot_oneConfig-version.cmake
[1.236s] -- Symlinking: /home/ruben/articubot_ws/install/articubot_one/share/articubot_one/package.xml
[1.253s] Invoked command in '/home/ruben/articubot_ws/build/articubot_one' returned '0': CMAKE_PREFIX_PATH=${CMAKE_PREFIX_PATH}:/opt/ros/humble /usr/bin/cmake --install /home/ruben/articubot_ws/build/articubot_one
