[0.214s] DEBUG:colcon:Command line arguments: ['/usr/bin/colcon', 'build']
[0.214s] DEBUG:colcon:Parsed command line arguments: Namespace(log_base=None, log_level=None, verb_name='build', build_base='build', install_base='install', merge_install=False, symlink_install=False, test_result_base=None, continue_on_error=False, executor='parallel', parallel_workers=16, event_handlers=None, ignore_user_meta=False, metas=['./colcon.meta'], base_paths=['.'], packages_ignore=None, packages_ignore_regex=None, paths=None, packages_up_to=None, packages_up_to_regex=None, packages_above=None, packages_above_and_dependencies=None, packages_above_depth=None, packages_select_by_dep=None, packages_skip_by_dep=None, packages_skip_up_to=None, packages_select_build_failed=False, packages_skip_build_finished=False, packages_select_test_failures=False, packages_skip_test_passed=False, packages_select=None, packages_skip=None, packages_select_regex=None, packages_skip_regex=None, packages_start=None, packages_end=None, allow_overriding=[], cmake_args=None, cmake_target=None, cmake_target_skip_unavailable=False, cmake_clean_cache=False, cmake_clean_first=False, cmake_force_configure=False, ament_cmake_args=None, catkin_cmake_args=None, catkin_skip_building_tests=False, mixin_files=None, mixin=None, verb_parser=<colcon_mixin.mixin.mixin_argument.MixinArgumentDecorator object at 0x761673b5fca0>, verb_extension=<colcon_core.verb.build.BuildVerb object at 0x761673ca4bb0>, main=<bound method BuildVerb.main of <colcon_core.verb.build.BuildVerb object at 0x761673ca4bb0>>, mixin_verb=('build',))
[0.612s] Level 1:colcon.colcon_core.package_discovery:discover_packages(colcon_meta) check parameters
[0.612s] Level 1:colcon.colcon_core.package_discovery:discover_packages(recursive) check parameters
[0.612s] Level 1:colcon.colcon_core.package_discovery:discover_packages(ignore) check parameters
[0.612s] Level 1:colcon.colcon_core.package_discovery:discover_packages(path) check parameters
[0.612s] Level 1:colcon.colcon_core.package_discovery:discover_packages(colcon_meta) discover
[0.612s] Level 1:colcon.colcon_core.package_discovery:discover_packages(recursive) discover
[0.612s] INFO:colcon.colcon_core.package_discovery:Crawling recursively for packages in '/home/ruben/flask_nav2_web'
[0.613s] Level 1:colcon.colcon_core.package_identification:_identify(.) by extensions ['ignore', 'ignore_ament_install']
[0.613s] Level 1:colcon.colcon_core.package_identification:_identify(.) by extension 'ignore'
[0.613s] Level 1:colcon.colcon_core.package_identification:_identify(.) by extension 'ignore_ament_install'
[0.613s] Level 1:colcon.colcon_core.package_identification:_identify(.) by extensions ['colcon_pkg']
[0.613s] Level 1:colcon.colcon_core.package_identification:_identify(.) by extension 'colcon_pkg'
[0.613s] Level 1:colcon.colcon_core.package_identification:_identify(.) by extensions ['colcon_meta']
[0.613s] Level 1:colcon.colcon_core.package_identification:_identify(.) by extension 'colcon_meta'
[0.613s] Level 1:colcon.colcon_core.package_identification:_identify(.) by extensions ['ros']
[0.613s] Level 1:colcon.colcon_core.package_identification:_identify(.) by extension 'ros'
[0.636s] Level 1:colcon.colcon_core.package_identification:_identify(.) by extensions ['cmake', 'python']
[0.636s] Level 1:colcon.colcon_core.package_identification:_identify(.) by extension 'cmake'
[0.636s] Level 1:colcon.colcon_core.package_identification:_identify(.) by extension 'python'
[0.636s] Level 1:colcon.colcon_core.package_identification:_identify(.) by extensions ['python_setup_py']
[0.636s] Level 1:colcon.colcon_core.package_identification:_identify(.) by extension 'python_setup_py'
[0.637s] Level 1:colcon.colcon_core.package_identification:_identify(build) by extensions ['ignore', 'ignore_ament_install']
[0.637s] Level 1:colcon.colcon_core.package_identification:_identify(build) by extension 'ignore'
[0.637s] Level 1:colcon.colcon_core.package_identification:_identify(build) ignored
[0.637s] Level 1:colcon.colcon_core.package_identification:_identify(install) by extensions ['ignore', 'ignore_ament_install']
[0.637s] Level 1:colcon.colcon_core.package_identification:_identify(install) by extension 'ignore'
[0.637s] Level 1:colcon.colcon_core.package_identification:_identify(install) ignored
[0.638s] Level 1:colcon.colcon_core.package_identification:_identify(log) by extensions ['ignore', 'ignore_ament_install']
[0.638s] Level 1:colcon.colcon_core.package_identification:_identify(log) by extension 'ignore'
[0.638s] Level 1:colcon.colcon_core.package_identification:_identify(log) ignored
[0.638s] Level 1:colcon.colcon_core.package_identification:_identify(nav_goal_sender) by extensions ['ignore', 'ignore_ament_install']
[0.638s] Level 1:colcon.colcon_core.package_identification:_identify(nav_goal_sender) by extension 'ignore'
[0.638s] Level 1:colcon.colcon_core.package_identification:_identify(nav_goal_sender) by extension 'ignore_ament_install'
[0.638s] Level 1:colcon.colcon_core.package_identification:_identify(nav_goal_sender) by extensions ['colcon_pkg']
[0.639s] Level 1:colcon.colcon_core.package_identification:_identify(nav_goal_sender) by extension 'colcon_pkg'
[0.639s] Level 1:colcon.colcon_core.package_identification:_identify(nav_goal_sender) by extensions ['colcon_meta']
[0.639s] Level 1:colcon.colcon_core.package_identification:_identify(nav_goal_sender) by extension 'colcon_meta'
[0.639s] Level 1:colcon.colcon_core.package_identification:_identify(nav_goal_sender) by extensions ['ros']
[0.639s] Level 1:colcon.colcon_core.package_identification:_identify(nav_goal_sender) by extension 'ros'
[0.665s] DEBUG:colcon.colcon_core.package_identification:Package 'nav_goal_sender' with type 'ros.ament_python' and name 'nav_goal_sender'
[0.666s] Level 1:colcon.colcon_core.package_identification:_identify(static) by extensions ['ignore', 'ignore_ament_install']
[0.666s] Level 1:colcon.colcon_core.package_identification:_identify(static) by extension 'ignore'
[0.666s] Level 1:colcon.colcon_core.package_identification:_identify(static) by extension 'ignore_ament_install'
[0.666s] Level 1:colcon.colcon_core.package_identification:_identify(static) by extensions ['colcon_pkg']
[0.666s] Level 1:colcon.colcon_core.package_identification:_identify(static) by extension 'colcon_pkg'
[0.666s] Level 1:colcon.colcon_core.package_identification:_identify(static) by extensions ['colcon_meta']
[0.666s] Level 1:colcon.colcon_core.package_identification:_identify(static) by extension 'colcon_meta'
[0.666s] Level 1:colcon.colcon_core.package_identification:_identify(static) by extensions ['ros']
[0.666s] Level 1:colcon.colcon_core.package_identification:_identify(static) by extension 'ros'
[0.666s] Level 1:colcon.colcon_core.package_identification:_identify(static) by extensions ['cmake', 'python']
[0.666s] Level 1:colcon.colcon_core.package_identification:_identify(static) by extension 'cmake'
[0.666s] Level 1:colcon.colcon_core.package_identification:_identify(static) by extension 'python'
[0.666s] Level 1:colcon.colcon_core.package_identification:_identify(static) by extensions ['python_setup_py']
[0.666s] Level 1:colcon.colcon_core.package_identification:_identify(static) by extension 'python_setup_py'
[0.667s] Level 1:colcon.colcon_core.package_identification:_identify(templates) by extensions ['ignore', 'ignore_ament_install']
[0.667s] Level 1:colcon.colcon_core.package_identification:_identify(templates) by extension 'ignore'
[0.667s] Level 1:colcon.colcon_core.package_identification:_identify(templates) by extension 'ignore_ament_install'
[0.667s] Level 1:colcon.colcon_core.package_identification:_identify(templates) by extensions ['colcon_pkg']
[0.667s] Level 1:colcon.colcon_core.package_identification:_identify(templates) by extension 'colcon_pkg'
[0.667s] Level 1:colcon.colcon_core.package_identification:_identify(templates) by extensions ['colcon_meta']
[0.667s] Level 1:colcon.colcon_core.package_identification:_identify(templates) by extension 'colcon_meta'
[0.667s] Level 1:colcon.colcon_core.package_identification:_identify(templates) by extensions ['ros']
[0.667s] Level 1:colcon.colcon_core.package_identification:_identify(templates) by extension 'ros'
[0.667s] Level 1:colcon.colcon_core.package_identification:_identify(templates) by extensions ['cmake', 'python']
[0.667s] Level 1:colcon.colcon_core.package_identification:_identify(templates) by extension 'cmake'
[0.667s] Level 1:colcon.colcon_core.package_identification:_identify(templates) by extension 'python'
[0.667s] Level 1:colcon.colcon_core.package_identification:_identify(templates) by extensions ['python_setup_py']
[0.667s] Level 1:colcon.colcon_core.package_identification:_identify(templates) by extension 'python_setup_py'
[0.668s] Level 1:colcon.colcon_core.package_discovery:discover_packages(recursive) using defaults
[0.668s] Level 1:colcon.colcon_core.package_discovery:discover_packages(ignore) discover
[0.668s] Level 1:colcon.colcon_core.package_discovery:discover_packages(ignore) using defaults
[0.668s] Level 1:colcon.colcon_core.package_discovery:discover_packages(path) discover
[0.668s] Level 1:colcon.colcon_core.package_discovery:discover_packages(path) using defaults
[0.703s] Level 1:colcon.colcon_core.package_discovery:discover_packages(prefix_path) check parameters
[0.703s] Level 1:colcon.colcon_core.package_discovery:discover_packages(prefix_path) discover
[0.706s] DEBUG:colcon.colcon_installed_package_information.package_discovery:Found 1 installed packages in /home/ruben/flask_nav2_web/install
[0.709s] DEBUG:colcon.colcon_installed_package_information.package_discovery:Found 424 installed packages in /opt/ros/humble
[0.713s] Level 1:colcon.colcon_core.package_discovery:discover_packages(prefix_path) using defaults
[0.785s] Level 5:colcon.colcon_core.verb:set package 'nav_goal_sender' build argument 'cmake_args' from command line to 'None'
[0.785s] Level 5:colcon.colcon_core.verb:set package 'nav_goal_sender' build argument 'cmake_target' from command line to 'None'
[0.785s] Level 5:colcon.colcon_core.verb:set package 'nav_goal_sender' build argument 'cmake_target_skip_unavailable' from command line to 'False'
[0.785s] Level 5:colcon.colcon_core.verb:set package 'nav_goal_sender' build argument 'cmake_clean_cache' from command line to 'False'
[0.785s] Level 5:colcon.colcon_core.verb:set package 'nav_goal_sender' build argument 'cmake_clean_first' from command line to 'False'
[0.785s] Level 5:colcon.colcon_core.verb:set package 'nav_goal_sender' build argument 'cmake_force_configure' from command line to 'False'
[0.785s] Level 5:colcon.colcon_core.verb:set package 'nav_goal_sender' build argument 'ament_cmake_args' from command line to 'None'
[0.785s] Level 5:colcon.colcon_core.verb:set package 'nav_goal_sender' build argument 'catkin_cmake_args' from command line to 'None'
[0.786s] Level 5:colcon.colcon_core.verb:set package 'nav_goal_sender' build argument 'catkin_skip_building_tests' from command line to 'False'
[0.786s] DEBUG:colcon.colcon_core.verb:Building package 'nav_goal_sender' with the following arguments: {'ament_cmake_args': None, 'build_base': '/home/ruben/flask_nav2_web/build/nav_goal_sender', 'catkin_cmake_args': None, 'catkin_skip_building_tests': False, 'cmake_args': None, 'cmake_clean_cache': False, 'cmake_clean_first': False, 'cmake_force_configure': False, 'cmake_target': None, 'cmake_target_skip_unavailable': False, 'install_base': '/home/ruben/flask_nav2_web/install/nav_goal_sender', 'merge_install': False, 'path': '/home/ruben/flask_nav2_web/nav_goal_sender', 'symlink_install': False, 'test_result_base': None}
[0.786s] INFO:colcon.colcon_core.executor:Executing jobs using 'parallel' executor
[0.787s] DEBUG:colcon.colcon_parallel_executor.executor.parallel:run_until_complete
[0.788s] INFO:colcon.colcon_ros.task.ament_python.build:Building ROS package in '/home/ruben/flask_nav2_web/nav_goal_sender' with build type 'ament_python'
[0.788s] Level 1:colcon.colcon_core.shell:create_environment_hook('nav_goal_sender', 'ament_prefix_path')
[0.794s] INFO:colcon.colcon_core.plugin_system:Skipping extension 'colcon_core.shell.bat': Not used on non-Windows systems
[0.794s] INFO:colcon.colcon_core.shell:Creating environment hook '/home/ruben/flask_nav2_web/install/nav_goal_sender/share/nav_goal_sender/hook/ament_prefix_path.ps1'
[0.796s] INFO:colcon.colcon_core.shell:Creating environment descriptor '/home/ruben/flask_nav2_web/install/nav_goal_sender/share/nav_goal_sender/hook/ament_prefix_path.dsv'
[0.797s] INFO:colcon.colcon_core.shell:Creating environment hook '/home/ruben/flask_nav2_web/install/nav_goal_sender/share/nav_goal_sender/hook/ament_prefix_path.sh'
[0.799s] INFO:colcon.colcon_core.shell:Skip shell extension 'powershell' for command environment: Not usable outside of PowerShell
[0.799s] DEBUG:colcon.colcon_core.shell:Skip shell extension 'dsv' for command environment
[1.367s] INFO:colcon.colcon_core.task.python.build:Building Python package in '/home/ruben/flask_nav2_web/nav_goal_sender'
[1.368s] INFO:colcon.colcon_core.shell:Skip shell extension 'powershell' for command environment: Not usable outside of PowerShell
[1.368s] DEBUG:colcon.colcon_core.shell:Skip shell extension 'dsv' for command environment
[2.139s] DEBUG:colcon.colcon_core.event_handler.log_command:Invoking command in '/home/ruben/flask_nav2_web/nav_goal_sender': PYTHONPATH=/home/ruben/flask_nav2_web/build/nav_goal_sender/prefix_override:/usr/lib/python3/dist-packages/colcon_core/task/python/colcon_distutils_commands:/home/ruben/flask_nav2_web/install/nav_goal_sender/lib/python3.10/site-packages:${PYTHONPATH} /usr/bin/python3 -W ignore:setup.py install is deprecated -W ignore:easy_install command is deprecated setup.py egg_info --egg-base ../build/nav_goal_sender build --build-base /home/ruben/flask_nav2_web/build/nav_goal_sender/build install --record /home/ruben/flask_nav2_web/build/nav_goal_sender/install.log --single-version-externally-managed install_data
[2.741s] DEBUG:colcon.colcon_core.event_handler.log_command:Invoked command in '/home/ruben/flask_nav2_web/nav_goal_sender' returned '0': PYTHONPATH=/home/ruben/flask_nav2_web/build/nav_goal_sender/prefix_override:/usr/lib/python3/dist-packages/colcon_core/task/python/colcon_distutils_commands:/home/ruben/flask_nav2_web/install/nav_goal_sender/lib/python3.10/site-packages:${PYTHONPATH} /usr/bin/python3 -W ignore:setup.py install is deprecated -W ignore:easy_install command is deprecated setup.py egg_info --egg-base ../build/nav_goal_sender build --build-base /home/ruben/flask_nav2_web/build/nav_goal_sender/build install --record /home/ruben/flask_nav2_web/build/nav_goal_sender/install.log --single-version-externally-managed install_data
[2.746s] Level 1:colcon.colcon_core.environment:checking '/home/ruben/flask_nav2_web/install/nav_goal_sender' for CMake module files
[2.747s] Level 1:colcon.colcon_core.environment:checking '/home/ruben/flask_nav2_web/install/nav_goal_sender' for CMake config files
[2.749s] Level 1:colcon.colcon_core.environment:checking '/home/ruben/flask_nav2_web/install/nav_goal_sender/lib'
[2.750s] Level 1:colcon.colcon_core.environment:checking '/home/ruben/flask_nav2_web/install/nav_goal_sender/bin'
[2.750s] Level 1:colcon.colcon_core.environment:checking '/home/ruben/flask_nav2_web/install/nav_goal_sender/lib/pkgconfig/nav_goal_sender.pc'
[2.751s] Level 1:colcon.colcon_core.environment:checking '/home/ruben/flask_nav2_web/install/nav_goal_sender/lib/python3.10/site-packages'
[2.751s] Level 1:colcon.colcon_core.shell:create_environment_hook('nav_goal_sender', 'pythonpath')
[2.751s] INFO:colcon.colcon_core.shell:Creating environment hook '/home/ruben/flask_nav2_web/install/nav_goal_sender/share/nav_goal_sender/hook/pythonpath.ps1'
[2.752s] INFO:colcon.colcon_core.shell:Creating environment descriptor '/home/ruben/flask_nav2_web/install/nav_goal_sender/share/nav_goal_sender/hook/pythonpath.dsv'
[2.753s] INFO:colcon.colcon_core.shell:Creating environment hook '/home/ruben/flask_nav2_web/install/nav_goal_sender/share/nav_goal_sender/hook/pythonpath.sh'
[2.754s] Level 1:colcon.colcon_core.environment:checking '/home/ruben/flask_nav2_web/install/nav_goal_sender/bin'
[2.754s] Level 1:colcon.colcon_core.environment:create_environment_scripts_only(nav_goal_sender)
[2.755s] INFO:colcon.colcon_core.shell:Creating package script '/home/ruben/flask_nav2_web/install/nav_goal_sender/share/nav_goal_sender/package.ps1'
[2.756s] INFO:colcon.colcon_core.shell:Creating package descriptor '/home/ruben/flask_nav2_web/install/nav_goal_sender/share/nav_goal_sender/package.dsv'
[2.757s] INFO:colcon.colcon_core.shell:Creating package script '/home/ruben/flask_nav2_web/install/nav_goal_sender/share/nav_goal_sender/package.sh'
[2.759s] INFO:colcon.colcon_core.shell:Creating package script '/home/ruben/flask_nav2_web/install/nav_goal_sender/share/nav_goal_sender/package.bash'
[2.760s] INFO:colcon.colcon_core.shell:Creating package script '/home/ruben/flask_nav2_web/install/nav_goal_sender/share/nav_goal_sender/package.zsh'
[2.762s] Level 1:colcon.colcon_core.environment:create_file_with_runtime_dependencies(/home/ruben/flask_nav2_web/install/nav_goal_sender/share/colcon-core/packages/nav_goal_sender)
[2.762s] DEBUG:colcon.colcon_parallel_executor.executor.parallel:closing loop
[2.763s] DEBUG:colcon.colcon_parallel_executor.executor.parallel:loop closed
[2.763s] DEBUG:colcon.colcon_parallel_executor.executor.parallel:run_until_complete finished with '0'
[2.763s] DEBUG:colcon.colcon_core.event_reactor:joining thread
[2.774s] INFO:colcon.colcon_core.plugin_system:Skipping extension 'colcon_notification.desktop_notification.terminal_notifier': Not used on non-Darwin systems
[2.774s] INFO:colcon.colcon_core.plugin_system:Skipping extension 'colcon_notification.desktop_notification.win32': Not used on non-Windows systems
[2.774s] INFO:colcon.colcon_notification.desktop_notification:Sending desktop notification using 'notify2'
[2.820s] DEBUG:colcon.colcon_core.event_reactor:joined thread
[2.821s] INFO:colcon.colcon_core.shell:Creating prefix script '/home/ruben/flask_nav2_web/install/local_setup.ps1'
[2.823s] INFO:colcon.colcon_core.shell:Creating prefix util module '/home/ruben/flask_nav2_web/install/_local_setup_util_ps1.py'
[2.827s] INFO:colcon.colcon_core.shell:Creating prefix chain script '/home/ruben/flask_nav2_web/install/setup.ps1'
[2.830s] INFO:colcon.colcon_core.shell:Creating prefix script '/home/ruben/flask_nav2_web/install/local_setup.sh'
[2.832s] INFO:colcon.colcon_core.shell:Creating prefix util module '/home/ruben/flask_nav2_web/install/_local_setup_util_sh.py'
[2.834s] INFO:colcon.colcon_core.shell:Creating prefix chain script '/home/ruben/flask_nav2_web/install/setup.sh'
[2.837s] INFO:colcon.colcon_core.shell:Creating prefix script '/home/ruben/flask_nav2_web/install/local_setup.bash'
[2.839s] INFO:colcon.colcon_core.shell:Creating prefix chain script '/home/ruben/flask_nav2_web/install/setup.bash'
[2.842s] INFO:colcon.colcon_core.shell:Creating prefix script '/home/ruben/flask_nav2_web/install/local_setup.zsh'
[2.844s] INFO:colcon.colcon_core.shell:Creating prefix chain script '/home/ruben/flask_nav2_web/install/setup.zsh'
