[0.126s] DEBUG:colcon:Command line arguments: ['/usr/bin/colcon', 'build']
[0.126s] DEBUG:colcon:Parsed command line arguments: Namespace(log_base=None, log_level=None, verb_name='build', build_base='build', install_base='install', merge_install=False, symlink_install=False, test_result_base=None, continue_on_error=False, executor='parallel', parallel_workers=16, event_handlers=None, ignore_user_meta=False, metas=['./colcon.meta'], base_paths=['.'], packages_ignore=None, packages_ignore_regex=None, paths=None, packages_up_to=None, packages_up_to_regex=None, packages_above=None, packages_above_and_dependencies=None, packages_above_depth=None, packages_select_by_dep=None, packages_skip_by_dep=None, packages_skip_up_to=None, packages_select_build_failed=False, packages_skip_build_finished=False, packages_select_test_failures=False, packages_skip_test_passed=False, packages_select=None, packages_skip=None, packages_select_regex=None, packages_skip_regex=None, packages_start=None, packages_end=None, allow_overriding=[], cmake_args=None, cmake_target=None, cmake_target_skip_unavailable=False, cmake_clean_cache=False, cmake_clean_first=False, cmake_force_configure=False, ament_cmake_args=None, catkin_cmake_args=None, catkin_skip_building_tests=False, mixin_files=None, mixin=None, verb_parser=<colcon_mixin.mixin.mixin_argument.MixinArgumentDecorator object at 0x70e8da257280>, verb_extension=<colcon_core.verb.build.BuildVerb object at 0x70e8da398190>, main=<bound method BuildVerb.main of <colcon_core.verb.build.BuildVerb object at 0x70e8da398190>>, mixin_verb=('build',))
[0.359s] Level 1:colcon.colcon_core.package_discovery:discover_packages(colcon_meta) check parameters
[0.360s] Level 1:colcon.colcon_core.package_discovery:discover_packages(recursive) check parameters
[0.360s] Level 1:colcon.colcon_core.package_discovery:discover_packages(ignore) check parameters
[0.360s] Level 1:colcon.colcon_core.package_discovery:discover_packages(path) check parameters
[0.360s] Level 1:colcon.colcon_core.package_discovery:discover_packages(colcon_meta) discover
[0.360s] Level 1:colcon.colcon_core.package_discovery:discover_packages(recursive) discover
[0.360s] INFO:colcon.colcon_core.package_discovery:Crawling recursively for packages in '/home/ruben/Documents/ProjetoFinal/turtlebot3_ws/turtlebot3'
[0.360s] Level 1:colcon.colcon_core.package_identification:_identify(.) by extensions ['ignore', 'ignore_ament_install']
[0.360s] Level 1:colcon.colcon_core.package_identification:_identify(.) by extension 'ignore'
[0.360s] Level 1:colcon.colcon_core.package_identification:_identify(.) by extension 'ignore_ament_install'
[0.360s] Level 1:colcon.colcon_core.package_identification:_identify(.) by extensions ['colcon_pkg']
[0.360s] Level 1:colcon.colcon_core.package_identification:_identify(.) by extension 'colcon_pkg'
[0.360s] Level 1:colcon.colcon_core.package_identification:_identify(.) by extensions ['colcon_meta']
[0.360s] Level 1:colcon.colcon_core.package_identification:_identify(.) by extension 'colcon_meta'
[0.360s] Level 1:colcon.colcon_core.package_identification:_identify(.) by extensions ['ros']
[0.360s] Level 1:colcon.colcon_core.package_identification:_identify(.) by extension 'ros'
[0.373s] DEBUG:colcon.colcon_core.package_identification:Package '.' with type 'ros.ament_cmake' and name 'turtlebot3'
[0.373s] Level 1:colcon.colcon_core.package_discovery:discover_packages(recursive) using defaults
[0.373s] Level 1:colcon.colcon_core.package_discovery:discover_packages(ignore) discover
[0.373s] Level 1:colcon.colcon_core.package_discovery:discover_packages(ignore) using defaults
[0.373s] Level 1:colcon.colcon_core.package_discovery:discover_packages(path) discover
[0.373s] Level 1:colcon.colcon_core.package_discovery:discover_packages(path) using defaults
[0.408s] Level 1:colcon.colcon_core.package_discovery:discover_packages(prefix_path) check parameters
[0.409s] Level 1:colcon.colcon_core.package_discovery:discover_packages(prefix_path) discover
[0.414s] DEBUG:colcon.colcon_installed_package_information.package_discovery:Found 401 installed packages in /opt/ros/humble
[0.415s] Level 1:colcon.colcon_core.package_discovery:discover_packages(prefix_path) using defaults
[0.462s] Level 5:colcon.colcon_core.verb:set package 'turtlebot3' build argument 'cmake_args' from command line to 'None'
[0.462s] Level 5:colcon.colcon_core.verb:set package 'turtlebot3' build argument 'cmake_target' from command line to 'None'
[0.462s] Level 5:colcon.colcon_core.verb:set package 'turtlebot3' build argument 'cmake_target_skip_unavailable' from command line to 'False'
[0.462s] Level 5:colcon.colcon_core.verb:set package 'turtlebot3' build argument 'cmake_clean_cache' from command line to 'False'
[0.462s] Level 5:colcon.colcon_core.verb:set package 'turtlebot3' build argument 'cmake_clean_first' from command line to 'False'
[0.462s] Level 5:colcon.colcon_core.verb:set package 'turtlebot3' build argument 'cmake_force_configure' from command line to 'False'
[0.462s] Level 5:colcon.colcon_core.verb:set package 'turtlebot3' build argument 'ament_cmake_args' from command line to 'None'
[0.462s] Level 5:colcon.colcon_core.verb:set package 'turtlebot3' build argument 'catkin_cmake_args' from command line to 'None'
[0.462s] Level 5:colcon.colcon_core.verb:set package 'turtlebot3' build argument 'catkin_skip_building_tests' from command line to 'False'
[0.462s] DEBUG:colcon.colcon_core.verb:Building package 'turtlebot3' with the following arguments: {'ament_cmake_args': None, 'build_base': '/home/ruben/Documents/ProjetoFinal/turtlebot3_ws/turtlebot3/build/turtlebot3', 'catkin_cmake_args': None, 'catkin_skip_building_tests': False, 'cmake_args': None, 'cmake_clean_cache': False, 'cmake_clean_first': False, 'cmake_force_configure': False, 'cmake_target': None, 'cmake_target_skip_unavailable': False, 'install_base': '/home/ruben/Documents/ProjetoFinal/turtlebot3_ws/turtlebot3/install/turtlebot3', 'merge_install': False, 'path': '/home/ruben/Documents/ProjetoFinal/turtlebot3_ws/turtlebot3', 'symlink_install': False, 'test_result_base': None}
[0.462s] INFO:colcon.colcon_core.executor:Executing jobs using 'parallel' executor
[0.463s] DEBUG:colcon.colcon_parallel_executor.executor.parallel:run_until_complete
[0.464s] INFO:colcon.colcon_ros.task.ament_cmake.build:Building ROS package in '/home/ruben/Documents/ProjetoFinal/turtlebot3_ws/turtlebot3' with build type 'ament_cmake'
[0.464s] INFO:colcon.colcon_cmake.task.cmake.build:Building CMake package in '/home/ruben/Documents/ProjetoFinal/turtlebot3_ws/turtlebot3'
[0.467s] INFO:colcon.colcon_core.plugin_system:Skipping extension 'colcon_core.shell.bat': Not used on non-Windows systems
[0.467s] INFO:colcon.colcon_core.shell:Skip shell extension 'powershell' for command environment: Not usable outside of PowerShell
[0.467s] DEBUG:colcon.colcon_core.shell:Skip shell extension 'dsv' for command environment
[0.478s] DEBUG:colcon.colcon_core.event_handler.log_command:Invoking command in '/home/ruben/Documents/ProjetoFinal/turtlebot3_ws/turtlebot3/build/turtlebot3': CMAKE_PREFIX_PATH=/opt/ros/humble /usr/bin/cmake /home/ruben/Documents/ProjetoFinal/turtlebot3_ws/turtlebot3 -DCMAKE_INSTALL_PREFIX=/home/ruben/Documents/ProjetoFinal/turtlebot3_ws/turtlebot3/install/turtlebot3
[1.336s] DEBUG:colcon.colcon_core.event_handler.log_command:Invoked command in '/home/ruben/Documents/ProjetoFinal/turtlebot3_ws/turtlebot3/build/turtlebot3' returned '0': CMAKE_PREFIX_PATH=/opt/ros/humble /usr/bin/cmake /home/ruben/Documents/ProjetoFinal/turtlebot3_ws/turtlebot3 -DCMAKE_INSTALL_PREFIX=/home/ruben/Documents/ProjetoFinal/turtlebot3_ws/turtlebot3/install/turtlebot3
[1.339s] DEBUG:colcon.colcon_core.event_handler.log_command:Invoking command in '/home/ruben/Documents/ProjetoFinal/turtlebot3_ws/turtlebot3/build/turtlebot3': CMAKE_PREFIX_PATH=/opt/ros/humble /usr/bin/cmake --build /home/ruben/Documents/ProjetoFinal/turtlebot3_ws/turtlebot3/build/turtlebot3 -- -j16 -l16
[1.389s] DEBUG:colcon.colcon_core.event_handler.log_command:Invoked command in '/home/ruben/Documents/ProjetoFinal/turtlebot3_ws/turtlebot3/build/turtlebot3' returned '0': CMAKE_PREFIX_PATH=/opt/ros/humble /usr/bin/cmake --build /home/ruben/Documents/ProjetoFinal/turtlebot3_ws/turtlebot3/build/turtlebot3 -- -j16 -l16
[1.404s] DEBUG:colcon.colcon_core.event_handler.log_command:Invoking command in '/home/ruben/Documents/ProjetoFinal/turtlebot3_ws/turtlebot3/build/turtlebot3': CMAKE_PREFIX_PATH=/opt/ros/humble /usr/bin/cmake --install /home/ruben/Documents/ProjetoFinal/turtlebot3_ws/turtlebot3/build/turtlebot3
[1.430s] Level 1:colcon.colcon_core.environment:create_environment_scripts_only(turtlebot3)
[1.431s] DEBUG:colcon.colcon_core.event_handler.log_command:Invoked command in '/home/ruben/Documents/ProjetoFinal/turtlebot3_ws/turtlebot3/build/turtlebot3' returned '0': CMAKE_PREFIX_PATH=/opt/ros/humble /usr/bin/cmake --install /home/ruben/Documents/ProjetoFinal/turtlebot3_ws/turtlebot3/build/turtlebot3
[1.435s] Level 1:colcon.colcon_core.environment:checking '/home/ruben/Documents/ProjetoFinal/turtlebot3_ws/turtlebot3/install/turtlebot3' for CMake module files
[1.435s] Level 1:colcon.colcon_core.environment:checking '/home/ruben/Documents/ProjetoFinal/turtlebot3_ws/turtlebot3/install/turtlebot3' for CMake config files
[1.436s] Level 1:colcon.colcon_core.shell:create_environment_hook('turtlebot3', 'cmake_prefix_path')
[1.436s] INFO:colcon.colcon_core.shell:Creating environment hook '/home/ruben/Documents/ProjetoFinal/turtlebot3_ws/turtlebot3/install/turtlebot3/share/turtlebot3/hook/cmake_prefix_path.ps1'
[1.437s] INFO:colcon.colcon_core.shell:Creating environment descriptor '/home/ruben/Documents/ProjetoFinal/turtlebot3_ws/turtlebot3/install/turtlebot3/share/turtlebot3/hook/cmake_prefix_path.dsv'
[1.437s] INFO:colcon.colcon_core.shell:Creating environment hook '/home/ruben/Documents/ProjetoFinal/turtlebot3_ws/turtlebot3/install/turtlebot3/share/turtlebot3/hook/cmake_prefix_path.sh'
[1.438s] Level 1:colcon.colcon_core.environment:checking '/home/ruben/Documents/ProjetoFinal/turtlebot3_ws/turtlebot3/install/turtlebot3/bin'
[1.438s] Level 1:colcon.colcon_core.environment:checking '/home/ruben/Documents/ProjetoFinal/turtlebot3_ws/turtlebot3/install/turtlebot3/lib/pkgconfig/turtlebot3.pc'
[1.438s] Level 1:colcon.colcon_core.environment:checking '/home/ruben/Documents/ProjetoFinal/turtlebot3_ws/turtlebot3/install/turtlebot3/lib/python3.10/site-packages'
[1.438s] Level 1:colcon.colcon_core.environment:checking '/home/ruben/Documents/ProjetoFinal/turtlebot3_ws/turtlebot3/install/turtlebot3/bin'
[1.439s] INFO:colcon.colcon_core.shell:Creating package script '/home/ruben/Documents/ProjetoFinal/turtlebot3_ws/turtlebot3/install/turtlebot3/share/turtlebot3/package.ps1'
[1.439s] INFO:colcon.colcon_core.shell:Creating package descriptor '/home/ruben/Documents/ProjetoFinal/turtlebot3_ws/turtlebot3/install/turtlebot3/share/turtlebot3/package.dsv'
[1.440s] INFO:colcon.colcon_core.shell:Creating package script '/home/ruben/Documents/ProjetoFinal/turtlebot3_ws/turtlebot3/install/turtlebot3/share/turtlebot3/package.sh'
[1.441s] INFO:colcon.colcon_core.shell:Creating package script '/home/ruben/Documents/ProjetoFinal/turtlebot3_ws/turtlebot3/install/turtlebot3/share/turtlebot3/package.bash'
[1.441s] INFO:colcon.colcon_core.shell:Creating package script '/home/ruben/Documents/ProjetoFinal/turtlebot3_ws/turtlebot3/install/turtlebot3/share/turtlebot3/package.zsh'
[1.443s] Level 1:colcon.colcon_core.environment:create_file_with_runtime_dependencies(/home/ruben/Documents/ProjetoFinal/turtlebot3_ws/turtlebot3/install/turtlebot3/share/colcon-core/packages/turtlebot3)
[1.444s] Level 1:colcon.colcon_core.environment:create_environment_scripts_only(turtlebot3)
[1.445s] Level 1:colcon.colcon_core.environment:checking '/home/ruben/Documents/ProjetoFinal/turtlebot3_ws/turtlebot3/install/turtlebot3' for CMake module files
[1.445s] Level 1:colcon.colcon_core.environment:checking '/home/ruben/Documents/ProjetoFinal/turtlebot3_ws/turtlebot3/install/turtlebot3' for CMake config files
[1.445s] Level 1:colcon.colcon_core.shell:create_environment_hook('turtlebot3', 'cmake_prefix_path')
[1.446s] INFO:colcon.colcon_core.shell:Creating environment hook '/home/ruben/Documents/ProjetoFinal/turtlebot3_ws/turtlebot3/install/turtlebot3/share/turtlebot3/hook/cmake_prefix_path.ps1'
[1.446s] INFO:colcon.colcon_core.shell:Creating environment descriptor '/home/ruben/Documents/ProjetoFinal/turtlebot3_ws/turtlebot3/install/turtlebot3/share/turtlebot3/hook/cmake_prefix_path.dsv'
[1.447s] INFO:colcon.colcon_core.shell:Creating environment hook '/home/ruben/Documents/ProjetoFinal/turtlebot3_ws/turtlebot3/install/turtlebot3/share/turtlebot3/hook/cmake_prefix_path.sh'
[1.449s] Level 1:colcon.colcon_core.environment:checking '/home/ruben/Documents/ProjetoFinal/turtlebot3_ws/turtlebot3/install/turtlebot3/bin'
[1.449s] Level 1:colcon.colcon_core.environment:checking '/home/ruben/Documents/ProjetoFinal/turtlebot3_ws/turtlebot3/install/turtlebot3/lib/pkgconfig/turtlebot3.pc'
[1.450s] Level 1:colcon.colcon_core.environment:checking '/home/ruben/Documents/ProjetoFinal/turtlebot3_ws/turtlebot3/install/turtlebot3/lib/python3.10/site-packages'
[1.450s] Level 1:colcon.colcon_core.environment:checking '/home/ruben/Documents/ProjetoFinal/turtlebot3_ws/turtlebot3/install/turtlebot3/bin'
[1.450s] INFO:colcon.colcon_core.shell:Creating package script '/home/ruben/Documents/ProjetoFinal/turtlebot3_ws/turtlebot3/install/turtlebot3/share/turtlebot3/package.ps1'
[1.451s] INFO:colcon.colcon_core.shell:Creating package descriptor '/home/ruben/Documents/ProjetoFinal/turtlebot3_ws/turtlebot3/install/turtlebot3/share/turtlebot3/package.dsv'
[1.452s] INFO:colcon.colcon_core.shell:Creating package script '/home/ruben/Documents/ProjetoFinal/turtlebot3_ws/turtlebot3/install/turtlebot3/share/turtlebot3/package.sh'
[1.452s] INFO:colcon.colcon_core.shell:Creating package script '/home/ruben/Documents/ProjetoFinal/turtlebot3_ws/turtlebot3/install/turtlebot3/share/turtlebot3/package.bash'
[1.453s] INFO:colcon.colcon_core.shell:Creating package script '/home/ruben/Documents/ProjetoFinal/turtlebot3_ws/turtlebot3/install/turtlebot3/share/turtlebot3/package.zsh'
[1.453s] Level 1:colcon.colcon_core.environment:create_file_with_runtime_dependencies(/home/ruben/Documents/ProjetoFinal/turtlebot3_ws/turtlebot3/install/turtlebot3/share/colcon-core/packages/turtlebot3)
[1.454s] DEBUG:colcon.colcon_parallel_executor.executor.parallel:closing loop
[1.455s] DEBUG:colcon.colcon_parallel_executor.executor.parallel:loop closed
[1.455s] DEBUG:colcon.colcon_parallel_executor.executor.parallel:run_until_complete finished with '0'
[1.455s] DEBUG:colcon.colcon_core.event_reactor:joining thread
[1.463s] INFO:colcon.colcon_core.plugin_system:Skipping extension 'colcon_notification.desktop_notification.terminal_notifier': Not used on non-Darwin systems
[1.463s] INFO:colcon.colcon_core.plugin_system:Skipping extension 'colcon_notification.desktop_notification.win32': Not used on non-Windows systems
[1.463s] INFO:colcon.colcon_notification.desktop_notification:Sending desktop notification using 'notify2'
[1.485s] DEBUG:colcon.colcon_core.event_reactor:joined thread
[1.486s] INFO:colcon.colcon_core.shell:Creating prefix script '/home/ruben/Documents/ProjetoFinal/turtlebot3_ws/turtlebot3/install/local_setup.ps1'
[1.487s] INFO:colcon.colcon_core.shell:Creating prefix util module '/home/ruben/Documents/ProjetoFinal/turtlebot3_ws/turtlebot3/install/_local_setup_util_ps1.py'
[1.489s] INFO:colcon.colcon_core.shell:Creating prefix chain script '/home/ruben/Documents/ProjetoFinal/turtlebot3_ws/turtlebot3/install/setup.ps1'
[1.492s] INFO:colcon.colcon_core.shell:Creating prefix script '/home/ruben/Documents/ProjetoFinal/turtlebot3_ws/turtlebot3/install/local_setup.sh'
[1.493s] INFO:colcon.colcon_core.shell:Creating prefix util module '/home/ruben/Documents/ProjetoFinal/turtlebot3_ws/turtlebot3/install/_local_setup_util_sh.py'
[1.494s] INFO:colcon.colcon_core.shell:Creating prefix chain script '/home/ruben/Documents/ProjetoFinal/turtlebot3_ws/turtlebot3/install/setup.sh'
[1.496s] INFO:colcon.colcon_core.shell:Creating prefix script '/home/ruben/Documents/ProjetoFinal/turtlebot3_ws/turtlebot3/install/local_setup.bash'
[1.497s] INFO:colcon.colcon_core.shell:Creating prefix chain script '/home/ruben/Documents/ProjetoFinal/turtlebot3_ws/turtlebot3/install/setup.bash'
[1.499s] INFO:colcon.colcon_core.shell:Creating prefix script '/home/ruben/Documents/ProjetoFinal/turtlebot3_ws/turtlebot3/install/local_setup.zsh'
[1.500s] INFO:colcon.colcon_core.shell:Creating prefix chain script '/home/ruben/Documents/ProjetoFinal/turtlebot3_ws/turtlebot3/install/setup.zsh'
