[0.177s] DEBUG:colcon:Command line arguments: ['/usr/bin/colcon', 'build']
[0.177s] DEBUG:colcon:Parsed command line arguments: Namespace(log_base=None, log_level=None, verb_name='build', build_base='build', install_base='install', merge_install=False, symlink_install=False, test_result_base=None, continue_on_error=False, executor='parallel', parallel_workers=16, event_handlers=None, ignore_user_meta=False, metas=['./colcon.meta'], base_paths=['.'], packages_ignore=None, packages_ignore_regex=None, paths=None, packages_up_to=None, packages_up_to_regex=None, packages_above=None, packages_above_and_dependencies=None, packages_above_depth=None, packages_select_by_dep=None, packages_skip_by_dep=None, packages_skip_up_to=None, packages_select_build_failed=False, packages_skip_build_finished=False, packages_select_test_failures=False, packages_skip_test_passed=False, packages_select=None, packages_skip=None, packages_select_regex=None, packages_skip_regex=None, packages_start=None, packages_end=None, allow_overriding=[], cmake_args=None, cmake_target=None, cmake_target_skip_unavailable=False, cmake_clean_cache=False, cmake_clean_first=False, cmake_force_configure=False, ament_cmake_args=None, catkin_cmake_args=None, catkin_skip_building_tests=False, mixin_files=None, mixin=None, verb_parser=<colcon_mixin.mixin.mixin_argument.MixinArgumentDecorator object at 0x70e8f155b1f0>, verb_extension=<colcon_core.verb.build.BuildVerb object at 0x70e8f16a0100>, main=<bound method BuildVerb.main of <colcon_core.verb.build.BuildVerb object at 0x70e8f16a0100>>, mixin_verb=('build',))
[0.435s] Level 1:colcon.colcon_core.package_discovery:discover_packages(colcon_meta) check parameters
[0.435s] Level 1:colcon.colcon_core.package_discovery:discover_packages(recursive) check parameters
[0.436s] Level 1:colcon.colcon_core.package_discovery:discover_packages(ignore) check parameters
[0.436s] Level 1:colcon.colcon_core.package_discovery:discover_packages(path) check parameters
[0.436s] Level 1:colcon.colcon_core.package_discovery:discover_packages(colcon_meta) discover
[0.436s] Level 1:colcon.colcon_core.package_discovery:discover_packages(recursive) discover
[0.436s] INFO:colcon.colcon_core.package_discovery:Crawling recursively for packages in '/home/ruben/Documents/ProjetoFinal/turtlebot3_ws (copy)/turtlebot3'
[0.436s] Level 1:colcon.colcon_core.package_identification:_identify(.) by extensions ['ignore', 'ignore_ament_install']
[0.436s] Level 1:colcon.colcon_core.package_identification:_identify(.) by extension 'ignore'
[0.436s] Level 1:colcon.colcon_core.package_identification:_identify(.) by extension 'ignore_ament_install'
[0.436s] Level 1:colcon.colcon_core.package_identification:_identify(.) by extensions ['colcon_pkg']
[0.436s] Level 1:colcon.colcon_core.package_identification:_identify(.) by extension 'colcon_pkg'
[0.436s] Level 1:colcon.colcon_core.package_identification:_identify(.) by extensions ['colcon_meta']
[0.436s] Level 1:colcon.colcon_core.package_identification:_identify(.) by extension 'colcon_meta'
[0.436s] Level 1:colcon.colcon_core.package_identification:_identify(.) by extensions ['ros']
[0.436s] Level 1:colcon.colcon_core.package_identification:_identify(.) by extension 'ros'
[0.453s] DEBUG:colcon.colcon_core.package_identification:Package '.' with type 'ros.ament_cmake' and name 'turtlebot3'
[0.453s] Level 1:colcon.colcon_core.package_discovery:discover_packages(recursive) using defaults
[0.453s] Level 1:colcon.colcon_core.package_discovery:discover_packages(ignore) discover
[0.453s] Level 1:colcon.colcon_core.package_discovery:discover_packages(ignore) using defaults
[0.453s] Level 1:colcon.colcon_core.package_discovery:discover_packages(path) discover
[0.453s] Level 1:colcon.colcon_core.package_discovery:discover_packages(path) using defaults
[0.491s] Level 1:colcon.colcon_core.package_discovery:discover_packages(prefix_path) check parameters
[0.491s] Level 1:colcon.colcon_core.package_discovery:discover_packages(prefix_path) discover
[0.495s] DEBUG:colcon.colcon_installed_package_information.package_discovery:Found 401 installed packages in /opt/ros/humble
[0.496s] Level 1:colcon.colcon_core.package_discovery:discover_packages(prefix_path) using defaults
[0.570s] Level 5:colcon.colcon_core.verb:set package 'turtlebot3' build argument 'cmake_args' from command line to 'None'
[0.570s] Level 5:colcon.colcon_core.verb:set package 'turtlebot3' build argument 'cmake_target' from command line to 'None'
[0.570s] Level 5:colcon.colcon_core.verb:set package 'turtlebot3' build argument 'cmake_target_skip_unavailable' from command line to 'False'
[0.570s] Level 5:colcon.colcon_core.verb:set package 'turtlebot3' build argument 'cmake_clean_cache' from command line to 'False'
[0.570s] Level 5:colcon.colcon_core.verb:set package 'turtlebot3' build argument 'cmake_clean_first' from command line to 'False'
[0.570s] Level 5:colcon.colcon_core.verb:set package 'turtlebot3' build argument 'cmake_force_configure' from command line to 'False'
[0.570s] Level 5:colcon.colcon_core.verb:set package 'turtlebot3' build argument 'ament_cmake_args' from command line to 'None'
[0.570s] Level 5:colcon.colcon_core.verb:set package 'turtlebot3' build argument 'catkin_cmake_args' from command line to 'None'
[0.570s] Level 5:colcon.colcon_core.verb:set package 'turtlebot3' build argument 'catkin_skip_building_tests' from command line to 'False'
[0.570s] DEBUG:colcon.colcon_core.verb:Building package 'turtlebot3' with the following arguments: {'ament_cmake_args': None, 'build_base': '/home/ruben/Documents/ProjetoFinal/turtlebot3_ws (copy)/turtlebot3/build/turtlebot3', 'catkin_cmake_args': None, 'catkin_skip_building_tests': False, 'cmake_args': None, 'cmake_clean_cache': False, 'cmake_clean_first': False, 'cmake_force_configure': False, 'cmake_target': None, 'cmake_target_skip_unavailable': False, 'install_base': '/home/ruben/Documents/ProjetoFinal/turtlebot3_ws (copy)/turtlebot3/install/turtlebot3', 'merge_install': False, 'path': '/home/ruben/Documents/ProjetoFinal/turtlebot3_ws (copy)/turtlebot3', 'symlink_install': False, 'test_result_base': None}
[0.570s] INFO:colcon.colcon_core.executor:Executing jobs using 'parallel' executor
[0.571s] DEBUG:colcon.colcon_parallel_executor.executor.parallel:run_until_complete
[0.571s] INFO:colcon.colcon_ros.task.ament_cmake.build:Building ROS package in '/home/ruben/Documents/ProjetoFinal/turtlebot3_ws (copy)/turtlebot3' with build type 'ament_cmake'
[0.571s] INFO:colcon.colcon_cmake.task.cmake.build:Building CMake package in '/home/ruben/Documents/ProjetoFinal/turtlebot3_ws (copy)/turtlebot3'
[0.574s] INFO:colcon.colcon_core.plugin_system:Skipping extension 'colcon_core.shell.bat': Not used on non-Windows systems
[0.574s] INFO:colcon.colcon_core.shell:Skip shell extension 'powershell' for command environment: Not usable outside of PowerShell
[0.574s] DEBUG:colcon.colcon_core.shell:Skip shell extension 'dsv' for command environment
[0.584s] DEBUG:colcon.colcon_core.event_handler.log_command:Invoking command in '/home/ruben/Documents/ProjetoFinal/turtlebot3_ws (copy)/turtlebot3/build/turtlebot3': CMAKE_PREFIX_PATH=/opt/ros/humble /usr/bin/cmake /home/ruben/Documents/ProjetoFinal/turtlebot3_ws (copy)/turtlebot3 -DCMAKE_INSTALL_PREFIX=/home/ruben/Documents/ProjetoFinal/turtlebot3_ws (copy)/turtlebot3/install/turtlebot3
[1.539s] DEBUG:colcon.colcon_core.event_handler.log_command:Invoked command in '/home/ruben/Documents/ProjetoFinal/turtlebot3_ws (copy)/turtlebot3/build/turtlebot3' returned '0': CMAKE_PREFIX_PATH=/opt/ros/humble /usr/bin/cmake /home/ruben/Documents/ProjetoFinal/turtlebot3_ws (copy)/turtlebot3 -DCMAKE_INSTALL_PREFIX=/home/ruben/Documents/ProjetoFinal/turtlebot3_ws (copy)/turtlebot3/install/turtlebot3
[1.541s] DEBUG:colcon.colcon_core.event_handler.log_command:Invoking command in '/home/ruben/Documents/ProjetoFinal/turtlebot3_ws (copy)/turtlebot3/build/turtlebot3': CMAKE_PREFIX_PATH=/opt/ros/humble /usr/bin/cmake --build /home/ruben/Documents/ProjetoFinal/turtlebot3_ws (copy)/turtlebot3/build/turtlebot3 -- -j16 -l16
[1.595s] DEBUG:colcon.colcon_core.event_handler.log_command:Invoked command in '/home/ruben/Documents/ProjetoFinal/turtlebot3_ws (copy)/turtlebot3/build/turtlebot3' returned '0': CMAKE_PREFIX_PATH=/opt/ros/humble /usr/bin/cmake --build /home/ruben/Documents/ProjetoFinal/turtlebot3_ws (copy)/turtlebot3/build/turtlebot3 -- -j16 -l16
[1.607s] DEBUG:colcon.colcon_core.event_handler.log_command:Invoking command in '/home/ruben/Documents/ProjetoFinal/turtlebot3_ws (copy)/turtlebot3/build/turtlebot3': CMAKE_PREFIX_PATH=/opt/ros/humble /usr/bin/cmake --install /home/ruben/Documents/ProjetoFinal/turtlebot3_ws (copy)/turtlebot3/build/turtlebot3
[1.630s] Level 1:colcon.colcon_core.environment:create_environment_scripts_only(turtlebot3)
[1.631s] DEBUG:colcon.colcon_core.event_handler.log_command:Invoked command in '/home/ruben/Documents/ProjetoFinal/turtlebot3_ws (copy)/turtlebot3/build/turtlebot3' returned '0': CMAKE_PREFIX_PATH=/opt/ros/humble /usr/bin/cmake --install /home/ruben/Documents/ProjetoFinal/turtlebot3_ws (copy)/turtlebot3/build/turtlebot3
[1.635s] Level 1:colcon.colcon_core.environment:checking '/home/ruben/Documents/ProjetoFinal/turtlebot3_ws (copy)/turtlebot3/install/turtlebot3' for CMake module files
[1.636s] Level 1:colcon.colcon_core.environment:checking '/home/ruben/Documents/ProjetoFinal/turtlebot3_ws (copy)/turtlebot3/install/turtlebot3' for CMake config files
[1.636s] Level 1:colcon.colcon_core.shell:create_environment_hook('turtlebot3', 'cmake_prefix_path')
[1.636s] INFO:colcon.colcon_core.shell:Creating environment hook '/home/ruben/Documents/ProjetoFinal/turtlebot3_ws (copy)/turtlebot3/install/turtlebot3/share/turtlebot3/hook/cmake_prefix_path.ps1'
[1.637s] INFO:colcon.colcon_core.shell:Creating environment descriptor '/home/ruben/Documents/ProjetoFinal/turtlebot3_ws (copy)/turtlebot3/install/turtlebot3/share/turtlebot3/hook/cmake_prefix_path.dsv'
[1.637s] INFO:colcon.colcon_core.shell:Creating environment hook '/home/ruben/Documents/ProjetoFinal/turtlebot3_ws (copy)/turtlebot3/install/turtlebot3/share/turtlebot3/hook/cmake_prefix_path.sh'
[1.638s] Level 1:colcon.colcon_core.environment:checking '/home/ruben/Documents/ProjetoFinal/turtlebot3_ws (copy)/turtlebot3/install/turtlebot3/bin'
[1.639s] Level 1:colcon.colcon_core.environment:checking '/home/ruben/Documents/ProjetoFinal/turtlebot3_ws (copy)/turtlebot3/install/turtlebot3/lib/pkgconfig/turtlebot3.pc'
[1.639s] Level 1:colcon.colcon_core.environment:checking '/home/ruben/Documents/ProjetoFinal/turtlebot3_ws (copy)/turtlebot3/install/turtlebot3/lib/python3.10/site-packages'
[1.639s] Level 1:colcon.colcon_core.environment:checking '/home/ruben/Documents/ProjetoFinal/turtlebot3_ws (copy)/turtlebot3/install/turtlebot3/bin'
[1.639s] INFO:colcon.colcon_core.shell:Creating package script '/home/ruben/Documents/ProjetoFinal/turtlebot3_ws (copy)/turtlebot3/install/turtlebot3/share/turtlebot3/package.ps1'
[1.640s] INFO:colcon.colcon_core.shell:Creating package descriptor '/home/ruben/Documents/ProjetoFinal/turtlebot3_ws (copy)/turtlebot3/install/turtlebot3/share/turtlebot3/package.dsv'
[1.641s] INFO:colcon.colcon_core.shell:Creating package script '/home/ruben/Documents/ProjetoFinal/turtlebot3_ws (copy)/turtlebot3/install/turtlebot3/share/turtlebot3/package.sh'
[1.641s] INFO:colcon.colcon_core.shell:Creating package script '/home/ruben/Documents/ProjetoFinal/turtlebot3_ws (copy)/turtlebot3/install/turtlebot3/share/turtlebot3/package.bash'
[1.642s] INFO:colcon.colcon_core.shell:Creating package script '/home/ruben/Documents/ProjetoFinal/turtlebot3_ws (copy)/turtlebot3/install/turtlebot3/share/turtlebot3/package.zsh'
[1.643s] Level 1:colcon.colcon_core.environment:create_file_with_runtime_dependencies(/home/ruben/Documents/ProjetoFinal/turtlebot3_ws (copy)/turtlebot3/install/turtlebot3/share/colcon-core/packages/turtlebot3)
[1.644s] Level 1:colcon.colcon_core.environment:create_environment_scripts_only(turtlebot3)
[1.644s] Level 1:colcon.colcon_core.environment:checking '/home/ruben/Documents/ProjetoFinal/turtlebot3_ws (copy)/turtlebot3/install/turtlebot3' for CMake module files
[1.644s] Level 1:colcon.colcon_core.environment:checking '/home/ruben/Documents/ProjetoFinal/turtlebot3_ws (copy)/turtlebot3/install/turtlebot3' for CMake config files
[1.645s] Level 1:colcon.colcon_core.shell:create_environment_hook('turtlebot3', 'cmake_prefix_path')
[1.645s] INFO:colcon.colcon_core.shell:Creating environment hook '/home/ruben/Documents/ProjetoFinal/turtlebot3_ws (copy)/turtlebot3/install/turtlebot3/share/turtlebot3/hook/cmake_prefix_path.ps1'
[1.645s] INFO:colcon.colcon_core.shell:Creating environment descriptor '/home/ruben/Documents/ProjetoFinal/turtlebot3_ws (copy)/turtlebot3/install/turtlebot3/share/turtlebot3/hook/cmake_prefix_path.dsv'
[1.646s] INFO:colcon.colcon_core.shell:Creating environment hook '/home/ruben/Documents/ProjetoFinal/turtlebot3_ws (copy)/turtlebot3/install/turtlebot3/share/turtlebot3/hook/cmake_prefix_path.sh'
[1.646s] Level 1:colcon.colcon_core.environment:checking '/home/ruben/Documents/ProjetoFinal/turtlebot3_ws (copy)/turtlebot3/install/turtlebot3/bin'
[1.646s] Level 1:colcon.colcon_core.environment:checking '/home/ruben/Documents/ProjetoFinal/turtlebot3_ws (copy)/turtlebot3/install/turtlebot3/lib/pkgconfig/turtlebot3.pc'
[1.646s] Level 1:colcon.colcon_core.environment:checking '/home/ruben/Documents/ProjetoFinal/turtlebot3_ws (copy)/turtlebot3/install/turtlebot3/lib/python3.10/site-packages'
[1.647s] Level 1:colcon.colcon_core.environment:checking '/home/ruben/Documents/ProjetoFinal/turtlebot3_ws (copy)/turtlebot3/install/turtlebot3/bin'
[1.647s] INFO:colcon.colcon_core.shell:Creating package script '/home/ruben/Documents/ProjetoFinal/turtlebot3_ws (copy)/turtlebot3/install/turtlebot3/share/turtlebot3/package.ps1'
[1.648s] INFO:colcon.colcon_core.shell:Creating package descriptor '/home/ruben/Documents/ProjetoFinal/turtlebot3_ws (copy)/turtlebot3/install/turtlebot3/share/turtlebot3/package.dsv'
[1.648s] INFO:colcon.colcon_core.shell:Creating package script '/home/ruben/Documents/ProjetoFinal/turtlebot3_ws (copy)/turtlebot3/install/turtlebot3/share/turtlebot3/package.sh'
[1.648s] INFO:colcon.colcon_core.shell:Creating package script '/home/ruben/Documents/ProjetoFinal/turtlebot3_ws (copy)/turtlebot3/install/turtlebot3/share/turtlebot3/package.bash'
[1.649s] INFO:colcon.colcon_core.shell:Creating package script '/home/ruben/Documents/ProjetoFinal/turtlebot3_ws (copy)/turtlebot3/install/turtlebot3/share/turtlebot3/package.zsh'
[1.649s] Level 1:colcon.colcon_core.environment:create_file_with_runtime_dependencies(/home/ruben/Documents/ProjetoFinal/turtlebot3_ws (copy)/turtlebot3/install/turtlebot3/share/colcon-core/packages/turtlebot3)
[1.650s] DEBUG:colcon.colcon_parallel_executor.executor.parallel:closing loop
[1.650s] DEBUG:colcon.colcon_parallel_executor.executor.parallel:loop closed
[1.650s] DEBUG:colcon.colcon_parallel_executor.executor.parallel:run_until_complete finished with '0'
[1.650s] DEBUG:colcon.colcon_core.event_reactor:joining thread
[1.658s] INFO:colcon.colcon_core.plugin_system:Skipping extension 'colcon_notification.desktop_notification.terminal_notifier': Not used on non-Darwin systems
[1.658s] INFO:colcon.colcon_core.plugin_system:Skipping extension 'colcon_notification.desktop_notification.win32': Not used on non-Windows systems
[1.658s] INFO:colcon.colcon_notification.desktop_notification:Sending desktop notification using 'notify2'
[1.692s] DEBUG:colcon.colcon_core.event_reactor:joined thread
[1.693s] INFO:colcon.colcon_core.shell:Creating prefix script '/home/ruben/Documents/ProjetoFinal/turtlebot3_ws (copy)/turtlebot3/install/local_setup.ps1'
[1.695s] INFO:colcon.colcon_core.shell:Creating prefix util module '/home/ruben/Documents/ProjetoFinal/turtlebot3_ws (copy)/turtlebot3/install/_local_setup_util_ps1.py'
[1.697s] INFO:colcon.colcon_core.shell:Creating prefix chain script '/home/ruben/Documents/ProjetoFinal/turtlebot3_ws (copy)/turtlebot3/install/setup.ps1'
[1.698s] INFO:colcon.colcon_core.shell:Creating prefix script '/home/ruben/Documents/ProjetoFinal/turtlebot3_ws (copy)/turtlebot3/install/local_setup.sh'
[1.700s] INFO:colcon.colcon_core.shell:Creating prefix util module '/home/ruben/Documents/ProjetoFinal/turtlebot3_ws (copy)/turtlebot3/install/_local_setup_util_sh.py'
[1.701s] INFO:colcon.colcon_core.shell:Creating prefix chain script '/home/ruben/Documents/ProjetoFinal/turtlebot3_ws (copy)/turtlebot3/install/setup.sh'
[1.702s] INFO:colcon.colcon_core.shell:Creating prefix script '/home/ruben/Documents/ProjetoFinal/turtlebot3_ws (copy)/turtlebot3/install/local_setup.bash'
[1.703s] INFO:colcon.colcon_core.shell:Creating prefix chain script '/home/ruben/Documents/ProjetoFinal/turtlebot3_ws (copy)/turtlebot3/install/setup.bash'
[1.705s] INFO:colcon.colcon_core.shell:Creating prefix script '/home/ruben/Documents/ProjetoFinal/turtlebot3_ws (copy)/turtlebot3/install/local_setup.zsh'
[1.705s] INFO:colcon.colcon_core.shell:Creating prefix chain script '/home/ruben/Documents/ProjetoFinal/turtlebot3_ws (copy)/turtlebot3/install/setup.zsh'
