[0.015s] Invoking command in '/home/ruben/articubot_ws/build/articubot_one': CMAKE_PREFIX_PATH=${CMAKE_PREFIX_PATH}:/opt/ros/humble /usr/bin/cmake /home/ruben/articubot_ws/src/articubot_one -DCMAKE_INSTALL_PREFIX=/home/ruben/articubot_ws/install/articubot_one
[0.046s] -- Found ament_cmake: 1.3.11 (/opt/ros/humble/share/ament_cmake/cmake)
[0.195s] -- Override CMake install command with custom implementation using symlinks instead of copying resources
[0.272s] -- Found ament_lint_auto: 0.12.12 (/opt/ros/humble/share/ament_lint_auto/cmake)
[0.353s] -- Added test 'copyright' to check source files copyright and LICENSE
[0.367s] -- Added test 'flake8' to check Python code syntax and style conventions
[0.369s] -- Added test 'lint_cmake' to check CMake code style
[0.370s] -- Added test 'pep257' to check Python code against some of the docstring style conventions in PEP 257
[0.377s] -- Added test 'xmllint' to check XML markup files
[0.379s] -- Configuring done
[0.385s] -- Generating done
[0.387s] -- Build files have been written to: /home/ruben/articubot_ws/build/articubot_one
[0.391s] Invoked command in '/home/ruben/articubot_ws/build/articubot_one' returned '0': CMAKE_PREFIX_PATH=${CMAKE_PREFIX_PATH}:/opt/ros/humble /usr/bin/cmake /home/ruben/articubot_ws/src/articubot_one -DCMAKE_INSTALL_PREFIX=/home/ruben/articubot_ws/install/articubot_one
[0.393s] Invoking command in '/home/ruben/articubot_ws/build/articubot_one': CMAKE_PREFIX_PATH=${CMAKE_PREFIX_PATH}:/opt/ros/humble /usr/bin/cmake --build /home/ruben/articubot_ws/build/articubot_one -- -j16 -l16
[0.442s] Invoked command in '/home/ruben/articubot_ws/build/articubot_one' returned '0': CMAKE_PREFIX_PATH=${CMAKE_PREFIX_PATH}:/opt/ros/humble /usr/bin/cmake --build /home/ruben/articubot_ws/build/articubot_one -- -j16 -l16
[0.456s] Invoking command in '/home/ruben/articubot_ws/build/articubot_one': CMAKE_PREFIX_PATH=${CMAKE_PREFIX_PATH}:/opt/ros/humble /usr/bin/cmake --install /home/ruben/articubot_ws/build/articubot_one
[0.464s] -- Install configuration: ""
[0.464s] -- Execute custom install script
[0.465s] -- Up-to-date symlink: /home/ruben/articubot_ws/install/articubot_one/share/articubot_one/config/ball_tracker_params_robot.yaml
[0.465s] -- Up-to-date symlink: /home/ruben/articubot_ws/install/articubot_one/share/articubot_one/config/ball_tracker_params_sim.yaml
[0.465s] -- Up-to-date symlink: /home/ruben/articubot_ws/install/articubot_one/share/articubot_one/config/drive_bot.rviz
[0.465s] -- Up-to-date symlink: /home/ruben/articubot_ws/install/articubot_one/share/articubot_one/config/empty.yaml
[0.465s] -- Up-to-date symlink: /home/ruben/articubot_ws/install/articubot_one/share/articubot_one/config/gaz_ros2_ctl_use_sim.yaml
[0.465s] -- Up-to-date symlink: /home/ruben/articubot_ws/install/articubot_one/share/articubot_one/config/gz_bridge.yaml
[0.465s] -- Up-to-date symlink: /home/ruben/articubot_ws/install/articubot_one/share/articubot_one/config/joystick.yaml
[0.465s] -- Up-to-date symlink: /home/ruben/articubot_ws/install/articubot_one/share/articubot_one/config/main.rviz
[0.466s] -- Up-to-date symlink: /home/ruben/articubot_ws/install/articubot_one/share/articubot_one/config/map.rviz
[0.466s] -- Up-to-date symlink: /home/ruben/articubot_ws/install/articubot_one/share/articubot_one/config/mapper_params_online_async.yaml
[0.466s] -- Up-to-date symlink: /home/ruben/articubot_ws/install/articubot_one/share/articubot_one/config/my_controllers.yaml
[0.466s] -- Up-to-date symlink: /home/ruben/articubot_ws/install/articubot_one/share/articubot_one/config/nav2_params.yaml
[0.466s] -- Up-to-date symlink: /home/ruben/articubot_ws/install/articubot_one/share/articubot_one/config/twist_mux.yaml
[0.466s] -- Up-to-date symlink: /home/ruben/articubot_ws/install/articubot_one/share/articubot_one/config/view_bot.rviz
[0.467s] -- Up-to-date symlink: /home/ruben/articubot_ws/install/articubot_one/share/articubot_one/description/camera.xacro
[0.467s] -- Up-to-date symlink: /home/ruben/articubot_ws/install/articubot_one/share/articubot_one/description/depth_camera.xacro
[0.467s] -- Up-to-date symlink: /home/ruben/articubot_ws/install/articubot_one/share/articubot_one/description/face.xacro
[0.467s] -- Up-to-date symlink: /home/ruben/articubot_ws/install/articubot_one/share/articubot_one/description/gazebo_control.xacro
[0.467s] -- Up-to-date symlink: /home/ruben/articubot_ws/install/articubot_one/share/articubot_one/description/inertial_macros.xacro
[0.467s] -- Up-to-date symlink: /home/ruben/articubot_ws/install/articubot_one/share/articubot_one/description/lidar.xacro
[0.467s] -- Up-to-date symlink: /home/ruben/articubot_ws/install/articubot_one/share/articubot_one/description/robot.urdf.xacro
[0.467s] -- Up-to-date symlink: /home/ruben/articubot_ws/install/articubot_one/share/articubot_one/description/robot_core.xacro
[0.468s] -- Up-to-date symlink: /home/ruben/articubot_ws/install/articubot_one/share/articubot_one/description/ros2_control.xacro
[0.468s] -- Up-to-date symlink: /home/ruben/articubot_ws/install/articubot_one/share/articubot_one/launch/ball_tracker.launch.py
[0.468s] -- Up-to-date symlink: /home/ruben/articubot_ws/install/articubot_one/share/articubot_one/launch/camera.launch.py
[0.468s] -- Up-to-date symlink: /home/ruben/articubot_ws/install/articubot_one/share/articubot_one/launch/joystick.launch.py
[0.468s] -- Up-to-date symlink: /home/ruben/articubot_ws/install/articubot_one/share/articubot_one/launch/launch_robot.launch.py
[0.469s] -- Up-to-date symlink: /home/ruben/articubot_ws/install/articubot_one/share/articubot_one/launch/launch_sim.launch.py
[0.469s] -- Up-to-date symlink: /home/ruben/articubot_ws/install/articubot_one/share/articubot_one/launch/localization_launch.py
[0.469s] -- Up-to-date symlink: /home/ruben/articubot_ws/install/articubot_one/share/articubot_one/launch/navigation_launch.py
[0.469s] -- Up-to-date symlink: /home/ruben/articubot_ws/install/articubot_one/share/articubot_one/launch/old_launch.py
[0.469s] -- Up-to-date symlink: /home/ruben/articubot_ws/install/articubot_one/share/articubot_one/launch/online_async_launch.py
[0.469s] -- Up-to-date symlink: /home/ruben/articubot_ws/install/articubot_one/share/articubot_one/launch/rplidar.launch.py
[0.469s] -- Up-to-date symlink: /home/ruben/articubot_ws/install/articubot_one/share/articubot_one/launch/rsp.launch.py
[0.470s] -- Up-to-date symlink: /home/ruben/articubot_ws/install/articubot_one/share/articubot_one/worlds/empty.world
[0.470s] -- Symlinking: /home/ruben/articubot_ws/install/articubot_one/share/articubot_one/worlds/meshes/hexagon.dae
[0.481s] -- Symlinking: /home/ruben/articubot_ws/install/articubot_one/share/articubot_one/worlds/meshes/wall.dae
[0.492s] -- Symlinking: /home/ruben/articubot_ws/install/articubot_one/share/articubot_one/worlds/model.sdf
[0.503s] -- Up-to-date symlink: /home/ruben/articubot_ws/install/articubot_one/share/articubot_one/worlds/mundo_realista/meshes/brick.png
[0.503s] -- Up-to-date symlink: /home/ruben/articubot_ws/install/articubot_one/share/articubot_one/worlds/mundo_realista/meshes/mundo_irregular_madeira.dae
[0.503s] -- Up-to-date symlink: /home/ruben/articubot_ws/install/articubot_one/share/articubot_one/worlds/mundo_realista/meshes/mundo_irregular_tijolo.dae
[0.503s] -- Up-to-date symlink: /home/ruben/articubot_ws/install/articubot_one/share/articubot_one/worlds/mundo_realista/meshes/mundo_realista.dae
[0.504s] -- Up-to-date symlink: /home/ruben/articubot_ws/install/articubot_one/share/articubot_one/worlds/mundo_realista/meshes/mundo_simples_objetos.dae
[0.504s] -- Up-to-date symlink: /home/ruben/articubot_ws/install/articubot_one/share/articubot_one/worlds/mundo_realista/meshes/wood_wall.jpg
[0.504s] -- Up-to-date symlink: /home/ruben/articubot_ws/install/articubot_one/share/articubot_one/worlds/mundo_realista/model.config
[0.504s] -- Up-to-date symlink: /home/ruben/articubot_ws/install/articubot_one/share/articubot_one/worlds/mundo_realista/model.sdf
[0.504s] -- Up-to-date symlink: /home/ruben/articubot_ws/install/articubot_one/share/articubot_one/worlds/mundo_realista/mundotijolo.world
[0.505s] -- Up-to-date symlink: /home/ruben/articubot_ws/install/articubot_one/share/articubot_one/worlds/obstacles.world
[0.505s] -- Symlinking: /home/ruben/articubot_ws/install/articubot_one/share/articubot_one/worlds/world_only.sdf
[0.517s] -- Up-to-date symlink: /home/ruben/articubot_ws/install/articubot_one/share/ament_index/resource_index/package_run_dependencies/articubot_one
[0.517s] -- Up-to-date symlink: /home/ruben/articubot_ws/install/articubot_one/share/ament_index/resource_index/parent_prefix_path/articubot_one
[0.517s] -- Up-to-date symlink: /home/ruben/articubot_ws/install/articubot_one/share/articubot_one/environment/ament_prefix_path.sh
[0.518s] -- Up-to-date symlink: /home/ruben/articubot_ws/install/articubot_one/share/articubot_one/environment/ament_prefix_path.dsv
[0.518s] -- Up-to-date symlink: /home/ruben/articubot_ws/install/articubot_one/share/articubot_one/environment/path.sh
[0.518s] -- Up-to-date symlink: /home/ruben/articubot_ws/install/articubot_one/share/articubot_one/environment/path.dsv
[0.519s] -- Up-to-date symlink: /home/ruben/articubot_ws/install/articubot_one/share/articubot_one/local_setup.bash
[0.519s] -- Up-to-date symlink: /home/ruben/articubot_ws/install/articubot_one/share/articubot_one/local_setup.sh
[0.519s] -- Up-to-date symlink: /home/ruben/articubot_ws/install/articubot_one/share/articubot_one/local_setup.zsh
[0.519s] -- Up-to-date symlink: /home/ruben/articubot_ws/install/articubot_one/share/articubot_one/local_setup.dsv
[0.519s] -- Symlinking: /home/ruben/articubot_ws/install/articubot_one/share/articubot_one/package.dsv
[0.534s] -- Up-to-date symlink: /home/ruben/articubot_ws/install/articubot_one/share/ament_index/resource_index/packages/articubot_one
[0.534s] -- Up-to-date symlink: /home/ruben/articubot_ws/install/articubot_one/share/articubot_one/cmake/articubot_oneConfig.cmake
[0.534s] -- Up-to-date symlink: /home/ruben/articubot_ws/install/articubot_one/share/articubot_one/cmake/articubot_oneConfig-version.cmake
[0.534s] -- Up-to-date symlink: /home/ruben/articubot_ws/install/articubot_one/share/articubot_one/package.xml
[0.538s] Invoked command in '/home/ruben/articubot_ws/build/articubot_one' returned '0': CMAKE_PREFIX_PATH=${CMAKE_PREFIX_PATH}:/opt/ros/humble /usr/bin/cmake --install /home/ruben/articubot_ws/build/articubot_one
