-- Install configuration: ""
-- Up-to-date: /home/ruben/Documents/ProjetoFinal/roboauto/install/roboauto/share/roboauto/launch
-- Up-to-date: /home/ruben/Documents/ProjetoFinal/roboauto/install/roboauto/share/roboauto/launch/turtlebot.launch.py
-- Up-to-date: /home/ruben/Documents/ProjetoFinal/roboauto/install/roboauto/share/roboauto/launch/robot_state_publisher.launch.py
-- Up-to-date: /home/ruben/Documents/ProjetoFinal/roboauto/install/roboauto/share/roboauto/launch/navigation2.launch.py
-- Up-to-date: /home/ruben/Documents/ProjetoFinal/roboauto/install/roboauto/share/roboauto/launch/simulation.launch.py
-- Up-to-date: /home/ruben/Documents/ProjetoFinal/roboauto/install/roboauto/share/roboauto/launch/ros_ign_bridge.launch.py
-- Up-to-date: /home/ruben/Documents/ProjetoFinal/roboauto/install/roboauto/share/roboauto/launch/mundorealista.launch.py
-- Up-to-date: /home/ruben/Documents/ProjetoFinal/roboauto/install/roboauto/share/roboauto/models
-- Up-to-date: /home/ruben/Documents/ProjetoFinal/roboauto/install/roboauto/share/roboauto/models/turtlebot3
-- Up-to-date: /home/ruben/Documents/ProjetoFinal/roboauto/install/roboauto/share/roboauto/models/turtlebot3/model.config
-- Up-to-date: /home/ruben/Documents/ProjetoFinal/roboauto/install/roboauto/share/roboauto/models/turtlebot3/meshes
-- Up-to-date: /home/ruben/Documents/ProjetoFinal/roboauto/install/roboauto/share/roboauto/models/turtlebot3/meshes/burger_base.dae
-- Up-to-date: /home/ruben/Documents/ProjetoFinal/roboauto/install/roboauto/share/roboauto/models/turtlebot3/meshes/tire.dae
-- Up-to-date: /home/ruben/Documents/ProjetoFinal/roboauto/install/roboauto/share/roboauto/models/turtlebot3/meshes/waffle_pi_base.dae
-- Up-to-date: /home/ruben/Documents/ProjetoFinal/roboauto/install/roboauto/share/roboauto/models/turtlebot3/meshes/lds.dae
-- Up-to-date: /home/ruben/Documents/ProjetoFinal/roboauto/install/roboauto/share/roboauto/models/turtlebot3/meshes/waffle_base.dae
-- Up-to-date: /home/ruben/Documents/ProjetoFinal/roboauto/install/roboauto/share/roboauto/models/turtlebot3/meshes/r200.dae
-- Up-to-date: /home/ruben/Documents/ProjetoFinal/roboauto/install/roboauto/share/roboauto/models/turtlebot3/model.sdf
-- Up-to-date: /home/ruben/Documents/ProjetoFinal/roboauto/install/roboauto/share/roboauto/models/worlds
-- Up-to-date: /home/ruben/Documents/ProjetoFinal/roboauto/install/roboauto/share/roboauto/models/worlds/meshes
-- Up-to-date: /home/ruben/Documents/ProjetoFinal/roboauto/install/roboauto/share/roboauto/models/worlds/meshes/wall.dae
-- Up-to-date: /home/ruben/Documents/ProjetoFinal/roboauto/install/roboauto/share/roboauto/models/worlds/meshes/hexagon.dae
-- Up-to-date: /home/ruben/Documents/ProjetoFinal/roboauto/install/roboauto/share/roboauto/models/worlds/world_only.sdf
-- Up-to-date: /home/ruben/Documents/ProjetoFinal/roboauto/install/roboauto/share/roboauto/models/worlds/model.sdf
-- Up-to-date: /home/ruben/Documents/ProjetoFinal/roboauto/install/roboauto/share/roboauto/models/robo_camuflado
-- Up-to-date: /home/ruben/Documents/ProjetoFinal/roboauto/install/roboauto/share/roboauto/models/robo_camuflado/robo_camuflado.sdf
-- Up-to-date: /home/ruben/Documents/ProjetoFinal/roboauto/install/roboauto/share/roboauto/models/robo_camuflado/meshes
-- Up-to-date: /home/ruben/Documents/ProjetoFinal/roboauto/install/roboauto/share/roboauto/models/robo_camuflado/meshes/wheel_bl.dae
-- Up-to-date: /home/ruben/Documents/ProjetoFinal/roboauto/install/roboauto/share/roboauto/models/robo_camuflado/meshes/base_link.dae
-- Up-to-date: /home/ruben/Documents/ProjetoFinal/roboauto/install/roboauto/share/roboauto/models/robo_camuflado/meshes/veiculo_completo.dae
-- Up-to-date: /home/ruben/Documents/ProjetoFinal/roboauto/install/roboauto/share/roboauto/models/robo_camuflado/meshes/Grass.png
-- Up-to-date: /home/ruben/Documents/ProjetoFinal/roboauto/install/roboauto/share/roboauto/models/robo_camuflado/meshes/wheel_fl.dae
-- Up-to-date: /home/ruben/Documents/ProjetoFinal/roboauto/install/roboauto/share/roboauto/models/robo_camuflado/meshes/wheel_br.dae
-- Up-to-date: /home/ruben/Documents/ProjetoFinal/roboauto/install/roboauto/share/roboauto/models/robo_camuflado/meshes/cam_link.dae
-- Up-to-date: /home/ruben/Documents/ProjetoFinal/roboauto/install/roboauto/share/roboauto/models/robo_camuflado/meshes/wheel_fr.dae
-- Up-to-date: /home/ruben/Documents/ProjetoFinal/roboauto/install/roboauto/share/roboauto/models/robo_camuflado/meshes/lidar_link.dae
-- Up-to-date: /home/ruben/Documents/ProjetoFinal/roboauto/install/roboauto/share/roboauto/models/robo_camuflado/sdfprevio
-- Up-to-date: /home/ruben/Documents/ProjetoFinal/roboauto/install/roboauto/share/roboauto/models/mundo_realista
-- Up-to-date: /home/ruben/Documents/ProjetoFinal/roboauto/install/roboauto/share/roboauto/models/mundo_realista/model.config
-- Up-to-date: /home/ruben/Documents/ProjetoFinal/roboauto/install/roboauto/share/roboauto/models/mundo_realista/meshes
-- Up-to-date: /home/ruben/Documents/ProjetoFinal/roboauto/install/roboauto/share/roboauto/models/mundo_realista/meshes/mundo_irregular_madeira.dae
-- Up-to-date: /home/ruben/Documents/ProjetoFinal/roboauto/install/roboauto/share/roboauto/models/mundo_realista/meshes/mundo_irregular_tijolo.dae
-- Up-to-date: /home/ruben/Documents/ProjetoFinal/roboauto/install/roboauto/share/roboauto/models/mundo_realista/meshes/brick.png
-- Up-to-date: /home/ruben/Documents/ProjetoFinal/roboauto/install/roboauto/share/roboauto/models/mundo_realista/meshes/mundo_realista.dae
-- Up-to-date: /home/ruben/Documents/ProjetoFinal/roboauto/install/roboauto/share/roboauto/models/mundo_realista/meshes/wood_wall.jpg
-- Up-to-date: /home/ruben/Documents/ProjetoFinal/roboauto/install/roboauto/share/roboauto/models/mundo_realista/model.sdf
-- Up-to-date: /home/ruben/Documents/ProjetoFinal/roboauto/install/roboauto/share/roboauto/maps
-- Up-to-date: /home/ruben/Documents/ProjetoFinal/roboauto/install/roboauto/share/roboauto/maps/mundo_tijolo.pgm
-- Up-to-date: /home/ruben/Documents/ProjetoFinal/roboauto/install/roboauto/share/roboauto/maps/mundo_tijolo.yaml
-- Up-to-date: /home/ruben/Documents/ProjetoFinal/roboauto/install/roboauto/share/roboauto/maps/turtlebot3_world.yaml
-- Up-to-date: /home/ruben/Documents/ProjetoFinal/roboauto/install/roboauto/share/roboauto/maps/turtlebot3_world.pgm
-- Up-to-date: /home/ruben/Documents/ProjetoFinal/roboauto/install/roboauto/share/roboauto/params
-- Up-to-date: /home/ruben/Documents/ProjetoFinal/roboauto/install/roboauto/share/roboauto/params/robo_camuflado.yaml
-- Up-to-date: /home/ruben/Documents/ProjetoFinal/roboauto/install/roboauto/share/ament_index/resource_index/package_run_dependencies/roboauto
-- Up-to-date: /home/ruben/Documents/ProjetoFinal/roboauto/install/roboauto/share/ament_index/resource_index/parent_prefix_path/roboauto
-- Up-to-date: /home/ruben/Documents/ProjetoFinal/roboauto/install/roboauto/share/roboauto/environment/ament_prefix_path.sh
-- Up-to-date: /home/ruben/Documents/ProjetoFinal/roboauto/install/roboauto/share/roboauto/environment/ament_prefix_path.dsv
-- Up-to-date: /home/ruben/Documents/ProjetoFinal/roboauto/install/roboauto/share/roboauto/environment/path.sh
-- Up-to-date: /home/ruben/Documents/ProjetoFinal/roboauto/install/roboauto/share/roboauto/environment/path.dsv
-- Up-to-date: /home/ruben/Documents/ProjetoFinal/roboauto/install/roboauto/share/roboauto/local_setup.bash
-- Up-to-date: /home/ruben/Documents/ProjetoFinal/roboauto/install/roboauto/share/roboauto/local_setup.sh
-- Up-to-date: /home/ruben/Documents/ProjetoFinal/roboauto/install/roboauto/share/roboauto/local_setup.zsh
-- Up-to-date: /home/ruben/Documents/ProjetoFinal/roboauto/install/roboauto/share/roboauto/local_setup.dsv
-- Installing: /home/ruben/Documents/ProjetoFinal/roboauto/install/roboauto/share/roboauto/package.dsv
-- Up-to-date: /home/ruben/Documents/ProjetoFinal/roboauto/install/roboauto/share/ament_index/resource_index/packages/roboauto
-- Up-to-date: /home/ruben/Documents/ProjetoFinal/roboauto/install/roboauto/share/roboauto/cmake/roboautoConfig.cmake
-- Up-to-date: /home/ruben/Documents/ProjetoFinal/roboauto/install/roboauto/share/roboauto/cmake/roboautoConfig-version.cmake
-- Up-to-date: /home/ruben/Documents/ProjetoFinal/roboauto/install/roboauto/share/roboauto/package.xml
