running egg_info
creating ../build/nav_goal_sender/nav_goal_sender.egg-info
writing ../build/nav_goal_sender/nav_goal_sender.egg-info/PKG-INFO
writing dependency_links to ../build/nav_goal_sender/nav_goal_sender.egg-info/dependency_links.txt
writing entry points to ../build/nav_goal_sender/nav_goal_sender.egg-info/entry_points.txt
writing requirements to ../build/nav_goal_sender/nav_goal_sender.egg-info/requires.txt
writing top-level names to ../build/nav_goal_sender/nav_goal_sender.egg-info/top_level.txt
writing manifest file '../build/nav_goal_sender/nav_goal_sender.egg-info/SOURCES.txt'
reading manifest file '../build/nav_goal_sender/nav_goal_sender.egg-info/SOURCES.txt'
writing manifest file '../build/nav_goal_sender/nav_goal_sender.egg-info/SOURCES.txt'
running build
running build_py
creating /home/ruben/flask_nav2_web/build/nav_goal_sender/build
creating /home/ruben/flask_nav2_web/build/nav_goal_sender/build/lib
creating /home/ruben/flask_nav2_web/build/nav_goal_sender/build/lib/nav_goal_sender
copying nav_goal_sender/send_goal.py -> /home/ruben/flask_nav2_web/build/nav_goal_sender/build/lib/nav_goal_sender
copying nav_goal_sender/__init__.py -> /home/ruben/flask_nav2_web/build/nav_goal_sender/build/lib/nav_goal_sender
running install
running install_lib
creating /home/ruben/flask_nav2_web/install/nav_goal_sender/lib/python3.10/site-packages/nav_goal_sender
copying /home/ruben/flask_nav2_web/build/nav_goal_sender/build/lib/nav_goal_sender/send_goal.py -> /home/ruben/flask_nav2_web/install/nav_goal_sender/lib/python3.10/site-packages/nav_goal_sender
copying /home/ruben/flask_nav2_web/build/nav_goal_sender/build/lib/nav_goal_sender/__init__.py -> /home/ruben/flask_nav2_web/install/nav_goal_sender/lib/python3.10/site-packages/nav_goal_sender
byte-compiling /home/ruben/flask_nav2_web/install/nav_goal_sender/lib/python3.10/site-packages/nav_goal_sender/send_goal.py to send_goal.cpython-310.pyc
byte-compiling /home/ruben/flask_nav2_web/install/nav_goal_sender/lib/python3.10/site-packages/nav_goal_sender/__init__.py to __init__.cpython-310.pyc
running install_data
creating /home/ruben/flask_nav2_web/install/nav_goal_sender/share/ament_index
creating /home/ruben/flask_nav2_web/install/nav_goal_sender/share/ament_index/resource_index
creating /home/ruben/flask_nav2_web/install/nav_goal_sender/share/ament_index/resource_index/packages
copying resource/nav_goal_sender -> /home/ruben/flask_nav2_web/install/nav_goal_sender/share/ament_index/resource_index/packages
copying package.xml -> /home/ruben/flask_nav2_web/install/nav_goal_sender/share/nav_goal_sender
running install_egg_info
Copying ../build/nav_goal_sender/nav_goal_sender.egg-info to /home/ruben/flask_nav2_web/install/nav_goal_sender/lib/python3.10/site-packages/nav_goal_sender-0.0.0-py3.10.egg-info
running install_scripts
Installing send_goal.py script to /home/ruben/flask_nav2_web/install/nav_goal_sender/lib/nav_goal_sender
writing list of installed files to '/home/ruben/flask_nav2_web/build/nav_goal_sender/install.log'
