[1.737s] Invoking command in '/home/ruben/flask_nav2_web/nav_goal_sender': PYTHONPATH=/home/ruben/flask_nav2_web/build/nav_goal_sender/prefix_override:/usr/lib/python3/dist-packages/colcon_core/task/python/colcon_distutils_commands:/home/ruben/flask_nav2_web/install/nav_goal_sender/lib/python3.10/site-packages:${PYTHONPATH} /usr/bin/python3 -W ignore:setup.py install is deprecated -W ignore:easy_install command is deprecated setup.py egg_info --egg-base ../build/nav_goal_sender build --build-base /home/ruben/flask_nav2_web/build/nav_goal_sender/build install --record /home/ruben/flask_nav2_web/build/nav_goal_sender/install.log --single-version-externally-managed install_data
[2.436s] running egg_info
[2.437s] creating ../build/nav_goal_sender/nav_goal_sender.egg-info
[2.438s] writing ../build/nav_goal_sender/nav_goal_sender.egg-info/PKG-INFO
[2.438s] writing dependency_links to ../build/nav_goal_sender/nav_goal_sender.egg-info/dependency_links.txt
[2.439s] writing entry points to ../build/nav_goal_sender/nav_goal_sender.egg-info/entry_points.txt
[2.439s] writing requirements to ../build/nav_goal_sender/nav_goal_sender.egg-info/requires.txt
[2.439s] writing top-level names to ../build/nav_goal_sender/nav_goal_sender.egg-info/top_level.txt
[2.440s] writing manifest file '../build/nav_goal_sender/nav_goal_sender.egg-info/SOURCES.txt'
[2.446s] reading manifest file '../build/nav_goal_sender/nav_goal_sender.egg-info/SOURCES.txt'
[2.447s] writing manifest file '../build/nav_goal_sender/nav_goal_sender.egg-info/SOURCES.txt'
[2.448s] running build
[2.448s] running build_py
[2.448s] creating /home/ruben/flask_nav2_web/build/nav_goal_sender/build
[2.448s] creating /home/ruben/flask_nav2_web/build/nav_goal_sender/build/lib
[2.449s] creating /home/ruben/flask_nav2_web/build/nav_goal_sender/build/lib/nav_goal_sender
[2.449s] copying nav_goal_sender/send_goal.py -> /home/ruben/flask_nav2_web/build/nav_goal_sender/build/lib/nav_goal_sender
[2.449s] copying nav_goal_sender/__init__.py -> /home/ruben/flask_nav2_web/build/nav_goal_sender/build/lib/nav_goal_sender
[2.449s] running install
[2.449s] running install_lib
[2.452s] creating /home/ruben/flask_nav2_web/install/nav_goal_sender/lib/python3.10/site-packages/nav_goal_sender
[2.452s] copying /home/ruben/flask_nav2_web/build/nav_goal_sender/build/lib/nav_goal_sender/send_goal.py -> /home/ruben/flask_nav2_web/install/nav_goal_sender/lib/python3.10/site-packages/nav_goal_sender
[2.452s] copying /home/ruben/flask_nav2_web/build/nav_goal_sender/build/lib/nav_goal_sender/__init__.py -> /home/ruben/flask_nav2_web/install/nav_goal_sender/lib/python3.10/site-packages/nav_goal_sender
[2.453s] byte-compiling /home/ruben/flask_nav2_web/install/nav_goal_sender/lib/python3.10/site-packages/nav_goal_sender/send_goal.py to send_goal.cpython-310.pyc
[2.455s] byte-compiling /home/ruben/flask_nav2_web/install/nav_goal_sender/lib/python3.10/site-packages/nav_goal_sender/__init__.py to __init__.cpython-310.pyc
[2.455s] running install_data
[2.455s] creating /home/ruben/flask_nav2_web/install/nav_goal_sender/share/ament_index
[2.455s] creating /home/ruben/flask_nav2_web/install/nav_goal_sender/share/ament_index/resource_index
[2.455s] creating /home/ruben/flask_nav2_web/install/nav_goal_sender/share/ament_index/resource_index/packages
[2.456s] copying resource/nav_goal_sender -> /home/ruben/flask_nav2_web/install/nav_goal_sender/share/ament_index/resource_index/packages
[2.456s] copying package.xml -> /home/ruben/flask_nav2_web/install/nav_goal_sender/share/nav_goal_sender
[2.456s] running install_egg_info
[2.461s] Copying ../build/nav_goal_sender/nav_goal_sender.egg-info to /home/ruben/flask_nav2_web/install/nav_goal_sender/lib/python3.10/site-packages/nav_goal_sender-0.0.0-py3.10.egg-info
[2.463s] running install_scripts
[2.517s] Installing send_goal.py script to /home/ruben/flask_nav2_web/install/nav_goal_sender/lib/nav_goal_sender
[2.517s] writing list of installed files to '/home/ruben/flask_nav2_web/build/nav_goal_sender/install.log'
[2.649s] Invoked command in '/home/ruben/flask_nav2_web/nav_goal_sender' returned '0': PYTHONPATH=/home/ruben/flask_nav2_web/build/nav_goal_sender/prefix_override:/usr/lib/python3/dist-packages/colcon_core/task/python/colcon_distutils_commands:/home/ruben/flask_nav2_web/install/nav_goal_sender/lib/python3.10/site-packages:${PYTHONPATH} /usr/bin/python3 -W ignore:setup.py install is deprecated -W ignore:easy_install command is deprecated setup.py egg_info --egg-base ../build/nav_goal_sender build --build-base /home/ruben/flask_nav2_web/build/nav_goal_sender/build install --record /home/ruben/flask_nav2_web/build/nav_goal_sender/install.log --single-version-externally-managed install_data
