[0.014s] Invoking command in '/home/ruben/Documents/ProjetoFinal/turtlebot3_ws/turtlebot3/build/turtlebot3': CMAKE_PREFIX_PATH=/opt/ros/humble /usr/bin/cmake /home/ruben/Documents/ProjetoFinal/turtlebot3_ws/turtlebot3 -DCMAKE_INSTALL_PREFIX=/home/ruben/Documents/ProjetoFinal/turtlebot3_ws/turtlebot3/install/turtlebot3
[0.133s] -- The C compiler identification is GNU 11.4.0
[0.224s] -- The CXX compiler identification is GNU 11.4.0
[0.235s] -- Detecting C compiler ABI info
[0.345s] -- Detecting C compiler ABI info - done
[0.352s] -- Check for working C compiler: /usr/bin/cc - skipped
[0.352s] -- Detecting C compile features
[0.354s] -- Detecting C compile features - done
[0.358s] -- Detecting CXX compiler ABI info
[0.466s] -- Detecting CXX compiler ABI info - done
[0.473s] -- Check for working CXX compiler: /usr/bin/c++ - skipped
[0.473s] -- Detecting CXX compile features
[0.474s] -- Detecting CXX compile features - done
[0.477s] -- Found ament_cmake: 1.3.11 (/opt/ros/humble/share/ament_cmake/cmake)
[0.627s] -- Found Python3: /usr/bin/python3 (found version "3.10.12") found components: Interpreter 
[0.736s] -- Found ament_lint_auto: 0.12.12 (/opt/ros/humble/share/ament_lint_auto/cmake)
[0.829s] -- Added test 'cppcheck' to perform static code analysis on C / C++ code
[0.829s] -- Configured cppcheck include dirs: 
[0.829s] -- Configured cppcheck exclude dirs and/or files: 
[0.831s] -- Added test 'flake8' to check Python code syntax and style conventions
[0.833s] -- Added test 'lint_cmake' to check CMake code style
[0.835s] -- Added test 'pep257' to check Python code against some of the docstring style conventions in PEP 257
[0.846s] -- Added test 'uncrustify' to check C / C++ code style
[0.846s] -- Configured uncrustify additional arguments: 
[0.848s] -- Added test 'xmllint' to check XML markup files
[0.851s] -- Configuring done
[0.856s] -- Generating done
[0.859s] -- Build files have been written to: /home/ruben/Documents/ProjetoFinal/turtlebot3_ws/turtlebot3/build/turtlebot3
[0.872s] Invoked command in '/home/ruben/Documents/ProjetoFinal/turtlebot3_ws/turtlebot3/build/turtlebot3' returned '0': CMAKE_PREFIX_PATH=/opt/ros/humble /usr/bin/cmake /home/ruben/Documents/ProjetoFinal/turtlebot3_ws/turtlebot3 -DCMAKE_INSTALL_PREFIX=/home/ruben/Documents/ProjetoFinal/turtlebot3_ws/turtlebot3/install/turtlebot3
[0.874s] Invoking command in '/home/ruben/Documents/ProjetoFinal/turtlebot3_ws/turtlebot3/build/turtlebot3': CMAKE_PREFIX_PATH=/opt/ros/humble /usr/bin/cmake --build /home/ruben/Documents/ProjetoFinal/turtlebot3_ws/turtlebot3/build/turtlebot3 -- -j16 -l16
[0.925s] Invoked command in '/home/ruben/Documents/ProjetoFinal/turtlebot3_ws/turtlebot3/build/turtlebot3' returned '0': CMAKE_PREFIX_PATH=/opt/ros/humble /usr/bin/cmake --build /home/ruben/Documents/ProjetoFinal/turtlebot3_ws/turtlebot3/build/turtlebot3 -- -j16 -l16
[0.939s] Invoking command in '/home/ruben/Documents/ProjetoFinal/turtlebot3_ws/turtlebot3/build/turtlebot3': CMAKE_PREFIX_PATH=/opt/ros/humble /usr/bin/cmake --install /home/ruben/Documents/ProjetoFinal/turtlebot3_ws/turtlebot3/build/turtlebot3
[0.950s] -- Install configuration: ""
[0.950s] -- Installing: /home/ruben/Documents/ProjetoFinal/turtlebot3_ws/turtlebot3/install/turtlebot3/share/turtlebot3/launch
[0.950s] -- Installing: /home/ruben/Documents/ProjetoFinal/turtlebot3_ws/turtlebot3/install/turtlebot3/share/turtlebot3/launch/robot_state_publisher.launch.py
[0.951s] -- Installing: /home/ruben/Documents/ProjetoFinal/turtlebot3_ws/turtlebot3/install/turtlebot3/share/turtlebot3/launch/navigation2.launch.py
[0.951s] -- Installing: /home/ruben/Documents/ProjetoFinal/turtlebot3_ws/turtlebot3/install/turtlebot3/share/turtlebot3/launch/simulation.launch.py
[0.951s] -- Installing: /home/ruben/Documents/ProjetoFinal/turtlebot3_ws/turtlebot3/install/turtlebot3/share/turtlebot3/launch/ros_ign_bridge.launch.py
[0.951s] -- Installing: /home/ruben/Documents/ProjetoFinal/turtlebot3_ws/turtlebot3/install/turtlebot3/share/turtlebot3/models
[0.951s] -- Installing: /home/ruben/Documents/ProjetoFinal/turtlebot3_ws/turtlebot3/install/turtlebot3/share/turtlebot3/models/turtlebot3
[0.951s] -- Installing: /home/ruben/Documents/ProjetoFinal/turtlebot3_ws/turtlebot3/install/turtlebot3/share/turtlebot3/models/turtlebot3/model.config
[0.951s] -- Installing: /home/ruben/Documents/ProjetoFinal/turtlebot3_ws/turtlebot3/install/turtlebot3/share/turtlebot3/models/turtlebot3/meshes
[0.951s] -- Installing: /home/ruben/Documents/ProjetoFinal/turtlebot3_ws/turtlebot3/install/turtlebot3/share/turtlebot3/models/turtlebot3/meshes/burger_base.dae
[0.951s] -- Installing: /home/ruben/Documents/ProjetoFinal/turtlebot3_ws/turtlebot3/install/turtlebot3/share/turtlebot3/models/turtlebot3/meshes/tire.dae
[0.952s] -- Installing: /home/ruben/Documents/ProjetoFinal/turtlebot3_ws/turtlebot3/install/turtlebot3/share/turtlebot3/models/turtlebot3/meshes/waffle_pi_base.dae
[0.952s] -- Installing: /home/ruben/Documents/ProjetoFinal/turtlebot3_ws/turtlebot3/install/turtlebot3/share/turtlebot3/models/turtlebot3/meshes/lds.dae
[0.953s] -- Installing: /home/ruben/Documents/ProjetoFinal/turtlebot3_ws/turtlebot3/install/turtlebot3/share/turtlebot3/models/turtlebot3/meshes/waffle_base.dae
[0.953s] -- Installing: /home/ruben/Documents/ProjetoFinal/turtlebot3_ws/turtlebot3/install/turtlebot3/share/turtlebot3/models/turtlebot3/meshes/r200.dae
[0.954s] -- Installing: /home/ruben/Documents/ProjetoFinal/turtlebot3_ws/turtlebot3/install/turtlebot3/share/turtlebot3/models/turtlebot3/model.sdf
[0.954s] -- Installing: /home/ruben/Documents/ProjetoFinal/turtlebot3_ws/turtlebot3/install/turtlebot3/share/turtlebot3/models/worlds
[0.954s] -- Installing: /home/ruben/Documents/ProjetoFinal/turtlebot3_ws/turtlebot3/install/turtlebot3/share/turtlebot3/models/worlds/meshes
[0.954s] -- Installing: /home/ruben/Documents/ProjetoFinal/turtlebot3_ws/turtlebot3/install/turtlebot3/share/turtlebot3/models/worlds/meshes/wall.dae
[0.954s] -- Installing: /home/ruben/Documents/ProjetoFinal/turtlebot3_ws/turtlebot3/install/turtlebot3/share/turtlebot3/models/worlds/meshes/hexagon.dae
[0.954s] -- Installing: /home/ruben/Documents/ProjetoFinal/turtlebot3_ws/turtlebot3/install/turtlebot3/share/turtlebot3/models/worlds/world_only.sdf
[0.955s] -- Installing: /home/ruben/Documents/ProjetoFinal/turtlebot3_ws/turtlebot3/install/turtlebot3/share/turtlebot3/models/worlds/model.sdf
[0.955s] -- Installing: /home/ruben/Documents/ProjetoFinal/turtlebot3_ws/turtlebot3/install/turtlebot3/share/turtlebot3/models/mundo_tijolo
[0.955s] -- Installing: /home/ruben/Documents/ProjetoFinal/turtlebot3_ws/turtlebot3/install/turtlebot3/share/turtlebot3/models/mundo_tijolo/mundo_irregular_tijolo.dae
[0.958s] -- Installing: /home/ruben/Documents/ProjetoFinal/turtlebot3_ws/turtlebot3/install/turtlebot3/share/turtlebot3/models/mundo_tijolo/brick.png
[0.958s] -- Installing: /home/ruben/Documents/ProjetoFinal/turtlebot3_ws/turtlebot3/install/turtlebot3/share/turtlebot3/models/mundo_tijolo/model.sdf
[0.958s] -- Installing: /home/ruben/Documents/ProjetoFinal/turtlebot3_ws/turtlebot3/install/turtlebot3/share/turtlebot3/models/mundo_tijolo/wood_wall.jpg
[0.959s] -- Installing: /home/ruben/Documents/ProjetoFinal/turtlebot3_ws/turtlebot3/install/turtlebot3/share/turtlebot3/maps
[0.959s] -- Installing: /home/ruben/Documents/ProjetoFinal/turtlebot3_ws/turtlebot3/install/turtlebot3/share/turtlebot3/maps/turtlebot3_world.yaml
[0.959s] -- Installing: /home/ruben/Documents/ProjetoFinal/turtlebot3_ws/turtlebot3/install/turtlebot3/share/turtlebot3/maps/turtlebot3_world.pgm
[0.960s] -- Installing: /home/ruben/Documents/ProjetoFinal/turtlebot3_ws/turtlebot3/install/turtlebot3/share/turtlebot3/params
[0.960s] -- Installing: /home/ruben/Documents/ProjetoFinal/turtlebot3_ws/turtlebot3/install/turtlebot3/share/turtlebot3/params/waffle.yaml
[0.960s] -- Installing: /home/ruben/Documents/ProjetoFinal/turtlebot3_ws/turtlebot3/install/turtlebot3/share/ament_index/resource_index/package_run_dependencies/turtlebot3
[0.960s] -- Installing: /home/ruben/Documents/ProjetoFinal/turtlebot3_ws/turtlebot3/install/turtlebot3/share/ament_index/resource_index/parent_prefix_path/turtlebot3
[0.961s] -- Installing: /home/ruben/Documents/ProjetoFinal/turtlebot3_ws/turtlebot3/install/turtlebot3/share/turtlebot3/environment/ament_prefix_path.sh
[0.961s] -- Installing: /home/ruben/Documents/ProjetoFinal/turtlebot3_ws/turtlebot3/install/turtlebot3/share/turtlebot3/environment/ament_prefix_path.dsv
[0.961s] -- Installing: /home/ruben/Documents/ProjetoFinal/turtlebot3_ws/turtlebot3/install/turtlebot3/share/turtlebot3/environment/path.sh
[0.961s] -- Installing: /home/ruben/Documents/ProjetoFinal/turtlebot3_ws/turtlebot3/install/turtlebot3/share/turtlebot3/environment/path.dsv
[0.961s] -- Installing: /home/ruben/Documents/ProjetoFinal/turtlebot3_ws/turtlebot3/install/turtlebot3/share/turtlebot3/local_setup.bash
[0.962s] -- Installing: /home/ruben/Documents/ProjetoFinal/turtlebot3_ws/turtlebot3/install/turtlebot3/share/turtlebot3/local_setup.sh
[0.962s] -- Installing: /home/ruben/Documents/ProjetoFinal/turtlebot3_ws/turtlebot3/install/turtlebot3/share/turtlebot3/local_setup.zsh
[0.962s] -- Installing: /home/ruben/Documents/ProjetoFinal/turtlebot3_ws/turtlebot3/install/turtlebot3/share/turtlebot3/local_setup.dsv
[0.962s] -- Installing: /home/ruben/Documents/ProjetoFinal/turtlebot3_ws/turtlebot3/install/turtlebot3/share/turtlebot3/package.dsv
[0.963s] -- Installing: /home/ruben/Documents/ProjetoFinal/turtlebot3_ws/turtlebot3/install/turtlebot3/share/ament_index/resource_index/packages/turtlebot3
[0.963s] -- Installing: /home/ruben/Documents/ProjetoFinal/turtlebot3_ws/turtlebot3/install/turtlebot3/share/turtlebot3/cmake/turtlebot3Config.cmake
[0.963s] -- Installing: /home/ruben/Documents/ProjetoFinal/turtlebot3_ws/turtlebot3/install/turtlebot3/share/turtlebot3/cmake/turtlebot3Config-version.cmake
[0.963s] -- Installing: /home/ruben/Documents/ProjetoFinal/turtlebot3_ws/turtlebot3/install/turtlebot3/share/turtlebot3/package.xml
[0.967s] Invoked command in '/home/ruben/Documents/ProjetoFinal/turtlebot3_ws/turtlebot3/build/turtlebot3' returned '0': CMAKE_PREFIX_PATH=/opt/ros/humble /usr/bin/cmake --install /home/ruben/Documents/ProjetoFinal/turtlebot3_ws/turtlebot3/build/turtlebot3
