[0.019s] Invoking command in '/home/ruben/Documents/ProjetoFinal/roboauto/build/roboauto': CMAKE_PREFIX_PATH=/opt/ros/humble /usr/bin/cmake --build /home/ruben/Documents/ProjetoFinal/roboauto/build/roboauto -- -j16 -l16
[0.078s] Invoked command in '/home/ruben/Documents/ProjetoFinal/roboauto/build/roboauto' returned '0': CMAKE_PREFIX_PATH=/opt/ros/humble /usr/bin/cmake --build /home/ruben/Documents/ProjetoFinal/roboauto/build/roboauto -- -j16 -l16
[0.094s] Invoking command in '/home/ruben/Documents/ProjetoFinal/roboauto/build/roboauto': CMAKE_PREFIX_PATH=/opt/ros/humble /usr/bin/cmake --install /home/ruben/Documents/ProjetoFinal/roboauto/build/roboauto
[0.104s] -- Install configuration: ""
[0.105s] -- Up-to-date: /home/ruben/Documents/ProjetoFinal/roboauto/install/roboauto/share/roboauto/launch
[0.105s] -- Up-to-date: /home/ruben/Documents/ProjetoFinal/roboauto/install/roboauto/share/roboauto/launch/robot_state_publisher.launch.py
[0.105s] -- Up-to-date: /home/ruben/Documents/ProjetoFinal/roboauto/install/roboauto/share/roboauto/launch/navigation2.launch.py
[0.105s] -- Installing: /home/ruben/Documents/ProjetoFinal/roboauto/install/roboauto/share/roboauto/launch/simulation.launch.py
[0.105s] -- Up-to-date: /home/ruben/Documents/ProjetoFinal/roboauto/install/roboauto/share/roboauto/launch/ros_ign_bridge.launch.py
[0.106s] -- Up-to-date: /home/ruben/Documents/ProjetoFinal/roboauto/install/roboauto/share/roboauto/models
[0.106s] -- Up-to-date: /home/ruben/Documents/ProjetoFinal/roboauto/install/roboauto/share/roboauto/models/worlds
[0.106s] -- Up-to-date: /home/ruben/Documents/ProjetoFinal/roboauto/install/roboauto/share/roboauto/models/worlds/meshes
[0.106s] -- Up-to-date: /home/ruben/Documents/ProjetoFinal/roboauto/install/roboauto/share/roboauto/models/worlds/meshes/wall.dae
[0.106s] -- Up-to-date: /home/ruben/Documents/ProjetoFinal/roboauto/install/roboauto/share/roboauto/models/worlds/meshes/hexagon.dae
[0.106s] -- Up-to-date: /home/ruben/Documents/ProjetoFinal/roboauto/install/roboauto/share/roboauto/models/worlds/world_only.sdf
[0.106s] -- Up-to-date: /home/ruben/Documents/ProjetoFinal/roboauto/install/roboauto/share/roboauto/models/worlds/model.sdf
[0.107s] -- Up-to-date: /home/ruben/Documents/ProjetoFinal/roboauto/install/roboauto/share/roboauto/models/robo_camuflado
[0.107s] -- Up-to-date: /home/ruben/Documents/ProjetoFinal/roboauto/install/roboauto/share/roboauto/models/robo_camuflado/robo_camuflado.sdf
[0.107s] -- Up-to-date: /home/ruben/Documents/ProjetoFinal/roboauto/install/roboauto/share/roboauto/models/robo_camuflado/meshes
[0.107s] -- Up-to-date: /home/ruben/Documents/ProjetoFinal/roboauto/install/roboauto/share/roboauto/models/robo_camuflado/meshes/wheel_bl.dae
[0.107s] -- Up-to-date: /home/ruben/Documents/ProjetoFinal/roboauto/install/roboauto/share/roboauto/models/robo_camuflado/meshes/base_link.dae
[0.107s] -- Up-to-date: /home/ruben/Documents/ProjetoFinal/roboauto/install/roboauto/share/roboauto/models/robo_camuflado/meshes/Grass.png
[0.107s] -- Up-to-date: /home/ruben/Documents/ProjetoFinal/roboauto/install/roboauto/share/roboauto/models/robo_camuflado/meshes/wheel_fl.dae
[0.108s] -- Up-to-date: /home/ruben/Documents/ProjetoFinal/roboauto/install/roboauto/share/roboauto/models/robo_camuflado/meshes/wheel_br.dae
[0.108s] -- Up-to-date: /home/ruben/Documents/ProjetoFinal/roboauto/install/roboauto/share/roboauto/models/robo_camuflado/meshes/cam_link.dae
[0.108s] -- Up-to-date: /home/ruben/Documents/ProjetoFinal/roboauto/install/roboauto/share/roboauto/models/robo_camuflado/meshes/wheel_fr.dae
[0.108s] -- Up-to-date: /home/ruben/Documents/ProjetoFinal/roboauto/install/roboauto/share/roboauto/models/robo_camuflado/meshes/lidar_link.dae
[0.108s] -- Up-to-date: /home/ruben/Documents/ProjetoFinal/roboauto/install/roboauto/share/roboauto/maps
[0.108s] -- Up-to-date: /home/ruben/Documents/ProjetoFinal/roboauto/install/roboauto/share/roboauto/maps/turtlebot3_world.yaml
[0.108s] -- Up-to-date: /home/ruben/Documents/ProjetoFinal/roboauto/install/roboauto/share/roboauto/maps/turtlebot3_world.pgm
[0.108s] -- Up-to-date: /home/ruben/Documents/ProjetoFinal/roboauto/install/roboauto/share/roboauto/params
[0.109s] -- Up-to-date: /home/ruben/Documents/ProjetoFinal/roboauto/install/roboauto/share/roboauto/params/robo_camuflado.yaml
[0.109s] -- Up-to-date: /home/ruben/Documents/ProjetoFinal/roboauto/install/roboauto/share/ament_index/resource_index/package_run_dependencies/roboauto
[0.109s] -- Up-to-date: /home/ruben/Documents/ProjetoFinal/roboauto/install/roboauto/share/ament_index/resource_index/parent_prefix_path/roboauto
[0.109s] -- Up-to-date: /home/ruben/Documents/ProjetoFinal/roboauto/install/roboauto/share/roboauto/environment/ament_prefix_path.sh
[0.109s] -- Up-to-date: /home/ruben/Documents/ProjetoFinal/roboauto/install/roboauto/share/roboauto/environment/ament_prefix_path.dsv
[0.109s] -- Up-to-date: /home/ruben/Documents/ProjetoFinal/roboauto/install/roboauto/share/roboauto/environment/path.sh
[0.109s] -- Up-to-date: /home/ruben/Documents/ProjetoFinal/roboauto/install/roboauto/share/roboauto/environment/path.dsv
[0.109s] -- Up-to-date: /home/ruben/Documents/ProjetoFinal/roboauto/install/roboauto/share/roboauto/local_setup.bash
[0.109s] -- Up-to-date: /home/ruben/Documents/ProjetoFinal/roboauto/install/roboauto/share/roboauto/local_setup.sh
[0.109s] -- Up-to-date: /home/ruben/Documents/ProjetoFinal/roboauto/install/roboauto/share/roboauto/local_setup.zsh
[0.110s] -- Up-to-date: /home/ruben/Documents/ProjetoFinal/roboauto/install/roboauto/share/roboauto/local_setup.dsv
[0.110s] -- Installing: /home/ruben/Documents/ProjetoFinal/roboauto/install/roboauto/share/roboauto/package.dsv
[0.110s] -- Up-to-date: /home/ruben/Documents/ProjetoFinal/roboauto/install/roboauto/share/ament_index/resource_index/packages/roboauto
[0.110s] -- Up-to-date: /home/ruben/Documents/ProjetoFinal/roboauto/install/roboauto/share/roboauto/cmake/roboautoConfig.cmake
[0.110s] -- Up-to-date: /home/ruben/Documents/ProjetoFinal/roboauto/install/roboauto/share/roboauto/cmake/roboautoConfig-version.cmake
[0.110s] -- Up-to-date: /home/ruben/Documents/ProjetoFinal/roboauto/install/roboauto/share/roboauto/package.xml
[0.114s] Invoked command in '/home/ruben/Documents/ProjetoFinal/roboauto/build/roboauto' returned '0': CMAKE_PREFIX_PATH=/opt/ros/humble /usr/bin/cmake --install /home/ruben/Documents/ProjetoFinal/roboauto/build/roboauto
