running egg_info
writing build/nav_goal_sender/nav_goal_sender.egg-info/PKG-INFO
writing dependency_links to build/nav_goal_sender/nav_goal_sender.egg-info/dependency_links.txt
writing entry points to build/nav_goal_sender/nav_goal_sender.egg-info/entry_points.txt
writing requirements to build/nav_goal_sender/nav_goal_sender.egg-info/requires.txt
writing top-level names to build/nav_goal_sender/nav_goal_sender.egg-info/top_level.txt
reading manifest file 'build/nav_goal_sender/nav_goal_sender.egg-info/SOURCES.txt'
writing manifest file 'build/nav_goal_sender/nav_goal_sender.egg-info/SOURCES.txt'
running build
running build_py
running install
running install_lib
running install_data
running install_egg_info
removing '/home/ruben/flask_nav2_web/nav_goal_sender/install/nav_goal_sender/lib/python3.10/site-packages/nav_goal_sender-0.0.0-py3.10.egg-info' (and everything under it)
Copying build/nav_goal_sender/nav_goal_sender.egg-info to /home/ruben/flask_nav2_web/nav_goal_sender/install/nav_goal_sender/lib/python3.10/site-packages/nav_goal_sender-0.0.0-py3.10.egg-info
running install_scripts
Installing goal_state_listener.py script to /home/ruben/flask_nav2_web/nav_goal_sender/install/nav_goal_sender/lib/nav_goal_sender
Installing send_goal.py script to /home/ruben/flask_nav2_web/nav_goal_sender/install/nav_goal_sender/lib/nav_goal_sender
writing list of installed files to '/home/ruben/flask_nav2_web/nav_goal_sender/build/nav_goal_sender/install.log'
