[1.138s] Invoking command in '/home/ruben/flask_nav2_web/nav_goal_sender': PYTHONPATH=/home/ruben/flask_nav2_web/nav_goal_sender/build/nav_goal_sender/prefix_override:/usr/lib/python3/dist-packages/colcon_core/task/python/colcon_distutils_commands:/home/ruben/flask_nav2_web/nav_goal_sender/install/nav_goal_sender/lib/python3.10/site-packages:${PYTHONPATH} /usr/bin/python3 -W ignore:setup.py install is deprecated -W ignore:easy_install command is deprecated setup.py egg_info --egg-base build/nav_goal_sender build --build-base /home/ruben/flask_nav2_web/nav_goal_sender/build/nav_goal_sender/build install --record /home/ruben/flask_nav2_web/nav_goal_sender/build/nav_goal_sender/install.log --single-version-externally-managed install_data
[1.511s] running egg_info
[1.513s] writing build/nav_goal_sender/nav_goal_sender.egg-info/PKG-INFO
[1.513s] writing dependency_links to build/nav_goal_sender/nav_goal_sender.egg-info/dependency_links.txt
[1.513s] writing entry points to build/nav_goal_sender/nav_goal_sender.egg-info/entry_points.txt
[1.514s] writing requirements to build/nav_goal_sender/nav_goal_sender.egg-info/requires.txt
[1.514s] writing top-level names to build/nav_goal_sender/nav_goal_sender.egg-info/top_level.txt
[1.518s] reading manifest file 'build/nav_goal_sender/nav_goal_sender.egg-info/SOURCES.txt'
[1.520s] writing manifest file 'build/nav_goal_sender/nav_goal_sender.egg-info/SOURCES.txt'
[1.520s] running build
[1.520s] running build_py
[1.521s] running install
[1.521s] running install_lib
[1.523s] running install_data
[1.523s] running install_egg_info
[1.526s] removing '/home/ruben/flask_nav2_web/nav_goal_sender/install/nav_goal_sender/lib/python3.10/site-packages/nav_goal_sender-0.0.0-py3.10.egg-info' (and everything under it)
[1.527s] Copying build/nav_goal_sender/nav_goal_sender.egg-info to /home/ruben/flask_nav2_web/nav_goal_sender/install/nav_goal_sender/lib/python3.10/site-packages/nav_goal_sender-0.0.0-py3.10.egg-info
[1.528s] running install_scripts
[1.562s] Installing goal_state_listener.py script to /home/ruben/flask_nav2_web/nav_goal_sender/install/nav_goal_sender/lib/nav_goal_sender
[1.563s] Installing send_goal.py script to /home/ruben/flask_nav2_web/nav_goal_sender/install/nav_goal_sender/lib/nav_goal_sender
[1.563s] writing list of installed files to '/home/ruben/flask_nav2_web/nav_goal_sender/build/nav_goal_sender/install.log'
[1.635s] Invoked command in '/home/ruben/flask_nav2_web/nav_goal_sender' returned '0': PYTHONPATH=/home/ruben/flask_nav2_web/nav_goal_sender/build/nav_goal_sender/prefix_override:/usr/lib/python3/dist-packages/colcon_core/task/python/colcon_distutils_commands:/home/ruben/flask_nav2_web/nav_goal_sender/install/nav_goal_sender/lib/python3.10/site-packages:${PYTHONPATH} /usr/bin/python3 -W ignore:setup.py install is deprecated -W ignore:easy_install command is deprecated setup.py egg_info --egg-base build/nav_goal_sender build --build-base /home/ruben/flask_nav2_web/nav_goal_sender/build/nav_goal_sender/build install --record /home/ruben/flask_nav2_web/nav_goal_sender/build/nav_goal_sender/install.log --single-version-externally-managed install_data
