-- Found ament_cmake: 1.3.11 (/opt/ros/humble/share/ament_cmake/cmake)
-- Found ament_lint_auto: 0.12.12 (/opt/ros/humble/share/ament_lint_auto/cmake)
-- Added test 'cppcheck' to perform static code analysis on C / C++ code
-- Configured cppcheck include dirs: 
-- Configured cppcheck exclude dirs and/or files: 
-- Added test 'flake8' to check Python code syntax and style conventions
-- Added test 'lint_cmake' to check CMake code style
-- Added test 'pep257' to check Python code against some of the docstring style conventions in PEP 257
-- Added test 'uncrustify' to check C / C++ code style
-- Configured uncrustify additional arguments: 
-- Added test 'xmllint' to check XML markup files
-- Configuring done
-- Generating done
-- Build files have been written to: /home/ruben/Documents/ProjetoFinal/roboauto/build/roboauto
-- Install configuration: ""
-- Installing: /home/ruben/Documents/ProjetoFinal/roboauto/install/roboauto/share/roboauto/launch
-- Installing: /home/ruben/Documents/ProjetoFinal/roboauto/install/roboauto/share/roboauto/launch/robot_state_publisher.launch.py
-- Installing: /home/ruben/Documents/ProjetoFinal/roboauto/install/roboauto/share/roboauto/launch/navigation2.launch.py
-- Installing: /home/ruben/Documents/ProjetoFinal/roboauto/install/roboauto/share/roboauto/launch/simulation.launch.py
-- Installing: /home/ruben/Documents/ProjetoFinal/roboauto/install/roboauto/share/roboauto/launch/ros_ign_bridge.launch.py
-- Installing: /home/ruben/Documents/ProjetoFinal/roboauto/install/roboauto/share/roboauto/models
-- Installing: /home/ruben/Documents/ProjetoFinal/roboauto/install/roboauto/share/roboauto/models/worlds
-- Installing: /home/ruben/Documents/ProjetoFinal/roboauto/install/roboauto/share/roboauto/models/worlds/meshes
-- Installing: /home/ruben/Documents/ProjetoFinal/roboauto/install/roboauto/share/roboauto/models/worlds/meshes/wall.dae
-- Installing: /home/ruben/Documents/ProjetoFinal/roboauto/install/roboauto/share/roboauto/models/worlds/meshes/hexagon.dae
-- Installing: /home/ruben/Documents/ProjetoFinal/roboauto/install/roboauto/share/roboauto/models/worlds/world_only.sdf
-- Installing: /home/ruben/Documents/ProjetoFinal/roboauto/install/roboauto/share/roboauto/models/worlds/model.sdf
-- Installing: /home/ruben/Documents/ProjetoFinal/roboauto/install/roboauto/share/roboauto/models/robo_camuflado
-- Installing: /home/ruben/Documents/ProjetoFinal/roboauto/install/roboauto/share/roboauto/models/robo_camuflado/robo_camuflado.sdf
-- Installing: /home/ruben/Documents/ProjetoFinal/roboauto/install/roboauto/share/roboauto/models/robo_camuflado/meshes
-- Installing: /home/ruben/Documents/ProjetoFinal/roboauto/install/roboauto/share/roboauto/models/robo_camuflado/meshes/wheel_bl.dae
-- Installing: /home/ruben/Documents/ProjetoFinal/roboauto/install/roboauto/share/roboauto/models/robo_camuflado/meshes/base_footprint.dae
-- Installing: /home/ruben/Documents/ProjetoFinal/roboauto/install/roboauto/share/roboauto/models/robo_camuflado/meshes/Grass.png
-- Installing: /home/ruben/Documents/ProjetoFinal/roboauto/install/roboauto/share/roboauto/models/robo_camuflado/meshes/wheel_fl.dae
-- Installing: /home/ruben/Documents/ProjetoFinal/roboauto/install/roboauto/share/roboauto/models/robo_camuflado/meshes/wheel_br.dae
-- Installing: /home/ruben/Documents/ProjetoFinal/roboauto/install/roboauto/share/roboauto/models/robo_camuflado/meshes/cam_link.dae
-- Installing: /home/ruben/Documents/ProjetoFinal/roboauto/install/roboauto/share/roboauto/models/robo_camuflado/meshes/wheel_fr.dae
-- Installing: /home/ruben/Documents/ProjetoFinal/roboauto/install/roboauto/share/roboauto/models/robo_camuflado/meshes/lidar_link.dae
-- Installing: /home/ruben/Documents/ProjetoFinal/roboauto/install/roboauto/share/roboauto/models/robo_camuflado/robo_camuflado.xacro
-- Installing: /home/ruben/Documents/ProjetoFinal/roboauto/install/roboauto/share/roboauto/maps
-- Installing: /home/ruben/Documents/ProjetoFinal/roboauto/install/roboauto/share/roboauto/maps/turtlebot3_world.yaml
-- Installing: /home/ruben/Documents/ProjetoFinal/roboauto/install/roboauto/share/roboauto/maps/turtlebot3_world.pgm
-- Installing: /home/ruben/Documents/ProjetoFinal/roboauto/install/roboauto/share/roboauto/params
-- Installing: /home/ruben/Documents/ProjetoFinal/roboauto/install/roboauto/share/roboauto/params/robo_camuflado.yaml
-- Installing: /home/ruben/Documents/ProjetoFinal/roboauto/install/roboauto/share/ament_index/resource_index/package_run_dependencies/roboauto
-- Installing: /home/ruben/Documents/ProjetoFinal/roboauto/install/roboauto/share/ament_index/resource_index/parent_prefix_path/roboauto
-- Installing: /home/ruben/Documents/ProjetoFinal/roboauto/install/roboauto/share/roboauto/environment/ament_prefix_path.sh
-- Installing: /home/ruben/Documents/ProjetoFinal/roboauto/install/roboauto/share/roboauto/environment/ament_prefix_path.dsv
-- Installing: /home/ruben/Documents/ProjetoFinal/roboauto/install/roboauto/share/roboauto/environment/path.sh
-- Installing: /home/ruben/Documents/ProjetoFinal/roboauto/install/roboauto/share/roboauto/environment/path.dsv
-- Installing: /home/ruben/Documents/ProjetoFinal/roboauto/install/roboauto/share/roboauto/local_setup.bash
-- Installing: /home/ruben/Documents/ProjetoFinal/roboauto/install/roboauto/share/roboauto/local_setup.sh
-- Installing: /home/ruben/Documents/ProjetoFinal/roboauto/install/roboauto/share/roboauto/local_setup.zsh
-- Installing: /home/ruben/Documents/ProjetoFinal/roboauto/install/roboauto/share/roboauto/local_setup.dsv
-- Installing: /home/ruben/Documents/ProjetoFinal/roboauto/install/roboauto/share/roboauto/package.dsv
-- Installing: /home/ruben/Documents/ProjetoFinal/roboauto/install/roboauto/share/ament_index/resource_index/packages/roboauto
-- Installing: /home/ruben/Documents/ProjetoFinal/roboauto/install/roboauto/share/roboauto/cmake/roboautoConfig.cmake
-- Installing: /home/ruben/Documents/ProjetoFinal/roboauto/install/roboauto/share/roboauto/cmake/roboautoConfig-version.cmake
-- Installing: /home/ruben/Documents/ProjetoFinal/roboauto/install/roboauto/share/roboauto/package.xml
