[0.012s] Invoking command in '/home/ruben/Documents/ProjetoFinal/roboauto/build/roboauto': CMAKE_PREFIX_PATH=${CMAKE_PREFIX_PATH}:/opt/ros/humble /usr/bin/cmake /home/ruben/Documents/ProjetoFinal/roboauto -DCMAKE_INSTALL_PREFIX=/home/ruben/Documents/ProjetoFinal/roboauto/install/roboauto
[0.025s] -- Found ament_cmake: 1.3.11 (/opt/ros/humble/share/ament_cmake/cmake)
[0.166s] -- Found ament_lint_auto: 0.12.12 (/opt/ros/humble/share/ament_lint_auto/cmake)
[0.285s] -- Added test 'cppcheck' to perform static code analysis on C / C++ code
[0.285s] -- Configured cppcheck include dirs: 
[0.285s] -- Configured cppcheck exclude dirs and/or files: 
[0.289s] -- Added test 'flake8' to check Python code syntax and style conventions
[0.297s] -- Added test 'lint_cmake' to check CMake code style
[0.301s] -- Added test 'pep257' to check Python code against some of the docstring style conventions in PEP 257
[0.325s] -- Added test 'uncrustify' to check C / C++ code style
[0.326s] -- Configured uncrustify additional arguments: 
[0.330s] -- Added test 'xmllint' to check XML markup files
[0.331s] -- Configuring done
[0.335s] -- Generating done
[0.337s] -- Build files have been written to: /home/ruben/Documents/ProjetoFinal/roboauto/build/roboauto
[0.340s] Invoked command in '/home/ruben/Documents/ProjetoFinal/roboauto/build/roboauto' returned '0': CMAKE_PREFIX_PATH=${CMAKE_PREFIX_PATH}:/opt/ros/humble /usr/bin/cmake /home/ruben/Documents/ProjetoFinal/roboauto -DCMAKE_INSTALL_PREFIX=/home/ruben/Documents/ProjetoFinal/roboauto/install/roboauto
[0.343s] Invoking command in '/home/ruben/Documents/ProjetoFinal/roboauto/build/roboauto': CMAKE_PREFIX_PATH=${CMAKE_PREFIX_PATH}:/opt/ros/humble /usr/bin/cmake --build /home/ruben/Documents/ProjetoFinal/roboauto/build/roboauto -- -j16 -l16
[0.389s] Invoked command in '/home/ruben/Documents/ProjetoFinal/roboauto/build/roboauto' returned '0': CMAKE_PREFIX_PATH=${CMAKE_PREFIX_PATH}:/opt/ros/humble /usr/bin/cmake --build /home/ruben/Documents/ProjetoFinal/roboauto/build/roboauto -- -j16 -l16
[0.401s] Invoking command in '/home/ruben/Documents/ProjetoFinal/roboauto/build/roboauto': CMAKE_PREFIX_PATH=${CMAKE_PREFIX_PATH}:/opt/ros/humble /usr/bin/cmake --install /home/ruben/Documents/ProjetoFinal/roboauto/build/roboauto
[0.410s] -- Install configuration: ""
[0.410s] -- Installing: /home/ruben/Documents/ProjetoFinal/roboauto/install/roboauto/share/roboauto/launch
[0.410s] -- Installing: /home/ruben/Documents/ProjetoFinal/roboauto/install/roboauto/share/roboauto/launch/robot_state_publisher.launch.py
[0.410s] -- Installing: /home/ruben/Documents/ProjetoFinal/roboauto/install/roboauto/share/roboauto/launch/navigation2.launch.py
[0.411s] -- Installing: /home/ruben/Documents/ProjetoFinal/roboauto/install/roboauto/share/roboauto/launch/simulation.launch.py
[0.411s] -- Installing: /home/ruben/Documents/ProjetoFinal/roboauto/install/roboauto/share/roboauto/launch/ros_ign_bridge.launch.py
[0.411s] -- Installing: /home/ruben/Documents/ProjetoFinal/roboauto/install/roboauto/share/roboauto/models
[0.411s] -- Installing: /home/ruben/Documents/ProjetoFinal/roboauto/install/roboauto/share/roboauto/models/worlds
[0.411s] -- Installing: /home/ruben/Documents/ProjetoFinal/roboauto/install/roboauto/share/roboauto/models/worlds/meshes
[0.411s] -- Installing: /home/ruben/Documents/ProjetoFinal/roboauto/install/roboauto/share/roboauto/models/worlds/meshes/wall.dae
[0.412s] -- Installing: /home/ruben/Documents/ProjetoFinal/roboauto/install/roboauto/share/roboauto/models/worlds/meshes/hexagon.dae
[0.412s] -- Installing: /home/ruben/Documents/ProjetoFinal/roboauto/install/roboauto/share/roboauto/models/worlds/world_only.sdf
[0.412s] -- Installing: /home/ruben/Documents/ProjetoFinal/roboauto/install/roboauto/share/roboauto/models/worlds/model.sdf
[0.412s] -- Installing: /home/ruben/Documents/ProjetoFinal/roboauto/install/roboauto/share/roboauto/models/robo_camuflado
[0.412s] -- Installing: /home/ruben/Documents/ProjetoFinal/roboauto/install/roboauto/share/roboauto/models/robo_camuflado/robo_camuflado.sdf
[0.412s] -- Installing: /home/ruben/Documents/ProjetoFinal/roboauto/install/roboauto/share/roboauto/models/robo_camuflado/meshes
[0.412s] -- Installing: /home/ruben/Documents/ProjetoFinal/roboauto/install/roboauto/share/roboauto/models/robo_camuflado/meshes/wheel_bl.dae
[0.412s] -- Installing: /home/ruben/Documents/ProjetoFinal/roboauto/install/roboauto/share/roboauto/models/robo_camuflado/meshes/base_footprint.dae
[0.412s] -- Installing: /home/ruben/Documents/ProjetoFinal/roboauto/install/roboauto/share/roboauto/models/robo_camuflado/meshes/Grass.png
[0.415s] -- Installing: /home/ruben/Documents/ProjetoFinal/roboauto/install/roboauto/share/roboauto/models/robo_camuflado/meshes/wheel_fl.dae
[0.415s] -- Installing: /home/ruben/Documents/ProjetoFinal/roboauto/install/roboauto/share/roboauto/models/robo_camuflado/meshes/wheel_br.dae
[0.416s] -- Installing: /home/ruben/Documents/ProjetoFinal/roboauto/install/roboauto/share/roboauto/models/robo_camuflado/meshes/cam_link.dae
[0.416s] -- Installing: /home/ruben/Documents/ProjetoFinal/roboauto/install/roboauto/share/roboauto/models/robo_camuflado/meshes/wheel_fr.dae
[0.416s] -- Installing: /home/ruben/Documents/ProjetoFinal/roboauto/install/roboauto/share/roboauto/models/robo_camuflado/meshes/lidar_link.dae
[0.417s] -- Installing: /home/ruben/Documents/ProjetoFinal/roboauto/install/roboauto/share/roboauto/models/robo_camuflado/robo_camuflado.xacro
[0.417s] -- Installing: /home/ruben/Documents/ProjetoFinal/roboauto/install/roboauto/share/roboauto/maps
[0.417s] -- Installing: /home/ruben/Documents/ProjetoFinal/roboauto/install/roboauto/share/roboauto/maps/turtlebot3_world.yaml
[0.417s] -- Installing: /home/ruben/Documents/ProjetoFinal/roboauto/install/roboauto/share/roboauto/maps/turtlebot3_world.pgm
[0.418s] -- Installing: /home/ruben/Documents/ProjetoFinal/roboauto/install/roboauto/share/roboauto/params
[0.418s] -- Installing: /home/ruben/Documents/ProjetoFinal/roboauto/install/roboauto/share/roboauto/params/robo_camuflado.yaml
[0.418s] -- Installing: /home/ruben/Documents/ProjetoFinal/roboauto/install/roboauto/share/ament_index/resource_index/package_run_dependencies/roboauto
[0.418s] -- Installing: /home/ruben/Documents/ProjetoFinal/roboauto/install/roboauto/share/ament_index/resource_index/parent_prefix_path/roboauto
[0.418s] -- Installing: /home/ruben/Documents/ProjetoFinal/roboauto/install/roboauto/share/roboauto/environment/ament_prefix_path.sh
[0.419s] -- Installing: /home/ruben/Documents/ProjetoFinal/roboauto/install/roboauto/share/roboauto/environment/ament_prefix_path.dsv
[0.419s] -- Installing: /home/ruben/Documents/ProjetoFinal/roboauto/install/roboauto/share/roboauto/environment/path.sh
[0.419s] -- Installing: /home/ruben/Documents/ProjetoFinal/roboauto/install/roboauto/share/roboauto/environment/path.dsv
[0.419s] -- Installing: /home/ruben/Documents/ProjetoFinal/roboauto/install/roboauto/share/roboauto/local_setup.bash
[0.419s] -- Installing: /home/ruben/Documents/ProjetoFinal/roboauto/install/roboauto/share/roboauto/local_setup.sh
[0.419s] -- Installing: /home/ruben/Documents/ProjetoFinal/roboauto/install/roboauto/share/roboauto/local_setup.zsh
[0.420s] -- Installing: /home/ruben/Documents/ProjetoFinal/roboauto/install/roboauto/share/roboauto/local_setup.dsv
[0.420s] -- Installing: /home/ruben/Documents/ProjetoFinal/roboauto/install/roboauto/share/roboauto/package.dsv
[0.420s] -- Installing: /home/ruben/Documents/ProjetoFinal/roboauto/install/roboauto/share/ament_index/resource_index/packages/roboauto
[0.420s] -- Installing: /home/ruben/Documents/ProjetoFinal/roboauto/install/roboauto/share/roboauto/cmake/roboautoConfig.cmake
[0.420s] -- Installing: /home/ruben/Documents/ProjetoFinal/roboauto/install/roboauto/share/roboauto/cmake/roboautoConfig-version.cmake
[0.421s] -- Installing: /home/ruben/Documents/ProjetoFinal/roboauto/install/roboauto/share/roboauto/package.xml
[0.424s] Invoked command in '/home/ruben/Documents/ProjetoFinal/roboauto/build/roboauto' returned '0': CMAKE_PREFIX_PATH=${CMAKE_PREFIX_PATH}:/opt/ros/humble /usr/bin/cmake --install /home/ruben/Documents/ProjetoFinal/roboauto/build/roboauto
