[0.015s] Invoking command in '/home/ruben/Documents/ProjetoFinal/turtlebot3_ws/build/turtlebot3': CMAKE_PREFIX_PATH=/opt/ros/humble /usr/bin/cmake /home/ruben/Documents/ProjetoFinal/turtlebot3_ws/turtlebot3 -DCMAKE_INSTALL_PREFIX=/home/ruben/Documents/ProjetoFinal/turtlebot3_ws/install/turtlebot3
[0.045s] -- Found ament_cmake: 1.3.11 (/opt/ros/humble/share/ament_cmake/cmake)
[0.164s] -- Override CMake install command with custom implementation using symlinks instead of copying resources
[0.223s] -- Found ament_lint_auto: 0.12.12 (/opt/ros/humble/share/ament_lint_auto/cmake)
[0.312s] -- Added test 'cppcheck' to perform static code analysis on C / C++ code
[0.312s] -- Configured cppcheck include dirs: 
[0.312s] -- Configured cppcheck exclude dirs and/or files: 
[0.315s] -- Added test 'flake8' to check Python code syntax and style conventions
[0.320s] -- Added test 'lint_cmake' to check CMake code style
[0.322s] -- Added test 'pep257' to check Python code against some of the docstring style conventions in PEP 257
[0.341s] -- Added test 'uncrustify' to check C / C++ code style
[0.342s] -- Configured uncrustify additional arguments: 
[0.344s] -- Added test 'xmllint' to check XML markup files
[0.346s] -- Configuring done
[0.351s] -- Generating done
[0.352s] -- Build files have been written to: /home/ruben/Documents/ProjetoFinal/turtlebot3_ws/build/turtlebot3
[0.356s] Invoked command in '/home/ruben/Documents/ProjetoFinal/turtlebot3_ws/build/turtlebot3' returned '0': CMAKE_PREFIX_PATH=/opt/ros/humble /usr/bin/cmake /home/ruben/Documents/ProjetoFinal/turtlebot3_ws/turtlebot3 -DCMAKE_INSTALL_PREFIX=/home/ruben/Documents/ProjetoFinal/turtlebot3_ws/install/turtlebot3
[0.358s] Invoking command in '/home/ruben/Documents/ProjetoFinal/turtlebot3_ws/build/turtlebot3': CMAKE_PREFIX_PATH=/opt/ros/humble /usr/bin/cmake --build /home/ruben/Documents/ProjetoFinal/turtlebot3_ws/build/turtlebot3 -- -j16 -l16
[0.398s] Invoked command in '/home/ruben/Documents/ProjetoFinal/turtlebot3_ws/build/turtlebot3' returned '0': CMAKE_PREFIX_PATH=/opt/ros/humble /usr/bin/cmake --build /home/ruben/Documents/ProjetoFinal/turtlebot3_ws/build/turtlebot3 -- -j16 -l16
[0.410s] Invoking command in '/home/ruben/Documents/ProjetoFinal/turtlebot3_ws/build/turtlebot3': CMAKE_PREFIX_PATH=/opt/ros/humble /usr/bin/cmake --install /home/ruben/Documents/ProjetoFinal/turtlebot3_ws/build/turtlebot3
[0.417s] -- Install configuration: ""
[0.417s] -- Execute custom install script
[0.417s] -- Up-to-date symlink: /home/ruben/Documents/ProjetoFinal/turtlebot3_ws/install/turtlebot3/share/turtlebot3/launch/navigation2.launch.py
[0.417s] -- Up-to-date symlink: /home/ruben/Documents/ProjetoFinal/turtlebot3_ws/install/turtlebot3/share/turtlebot3/launch/robot_state_publisher.launch.py
[0.418s] -- Up-to-date symlink: /home/ruben/Documents/ProjetoFinal/turtlebot3_ws/install/turtlebot3/share/turtlebot3/launch/ros_ign_bridge.launch.py
[0.418s] -- Up-to-date symlink: /home/ruben/Documents/ProjetoFinal/turtlebot3_ws/install/turtlebot3/share/turtlebot3/launch/simulation.launch.py
[0.418s] -- Up-to-date symlink: /home/ruben/Documents/ProjetoFinal/turtlebot3_ws/install/turtlebot3/share/turtlebot3/models/mundo_tijolo/brick.png
[0.418s] -- Up-to-date symlink: /home/ruben/Documents/ProjetoFinal/turtlebot3_ws/install/turtlebot3/share/turtlebot3/models/mundo_tijolo/model.sdf
[0.418s] -- Up-to-date symlink: /home/ruben/Documents/ProjetoFinal/turtlebot3_ws/install/turtlebot3/share/turtlebot3/models/mundo_tijolo/mundo_irregular_tijolo.dae
[0.418s] -- Up-to-date symlink: /home/ruben/Documents/ProjetoFinal/turtlebot3_ws/install/turtlebot3/share/turtlebot3/models/mundo_tijolo/wood_wall.jpg
[0.418s] -- Up-to-date symlink: /home/ruben/Documents/ProjetoFinal/turtlebot3_ws/install/turtlebot3/share/turtlebot3/models/turtlebot3/meshes/burger_base.dae
[0.419s] -- Up-to-date symlink: /home/ruben/Documents/ProjetoFinal/turtlebot3_ws/install/turtlebot3/share/turtlebot3/models/turtlebot3/meshes/lds.dae
[0.419s] -- Up-to-date symlink: /home/ruben/Documents/ProjetoFinal/turtlebot3_ws/install/turtlebot3/share/turtlebot3/models/turtlebot3/meshes/r200.dae
[0.419s] -- Up-to-date symlink: /home/ruben/Documents/ProjetoFinal/turtlebot3_ws/install/turtlebot3/share/turtlebot3/models/turtlebot3/meshes/tire.dae
[0.419s] -- Up-to-date symlink: /home/ruben/Documents/ProjetoFinal/turtlebot3_ws/install/turtlebot3/share/turtlebot3/models/turtlebot3/meshes/waffle_base.dae
[0.419s] -- Up-to-date symlink: /home/ruben/Documents/ProjetoFinal/turtlebot3_ws/install/turtlebot3/share/turtlebot3/models/turtlebot3/meshes/waffle_pi_base.dae
[0.419s] -- Up-to-date symlink: /home/ruben/Documents/ProjetoFinal/turtlebot3_ws/install/turtlebot3/share/turtlebot3/models/turtlebot3/model.config
[0.419s] -- Up-to-date symlink: /home/ruben/Documents/ProjetoFinal/turtlebot3_ws/install/turtlebot3/share/turtlebot3/models/turtlebot3/model.sdf
[0.419s] -- Up-to-date symlink: /home/ruben/Documents/ProjetoFinal/turtlebot3_ws/install/turtlebot3/share/turtlebot3/models/worlds/meshes/hexagon.dae
[0.420s] -- Up-to-date symlink: /home/ruben/Documents/ProjetoFinal/turtlebot3_ws/install/turtlebot3/share/turtlebot3/models/worlds/meshes/wall.dae
[0.420s] -- Up-to-date symlink: /home/ruben/Documents/ProjetoFinal/turtlebot3_ws/install/turtlebot3/share/turtlebot3/models/worlds/model.sdf
[0.420s] -- Up-to-date symlink: /home/ruben/Documents/ProjetoFinal/turtlebot3_ws/install/turtlebot3/share/turtlebot3/models/worlds/world_only.sdf
[0.420s] -- Up-to-date symlink: /home/ruben/Documents/ProjetoFinal/turtlebot3_ws/install/turtlebot3/share/turtlebot3/maps/turtlebot3_world.pgm
[0.420s] -- Up-to-date symlink: /home/ruben/Documents/ProjetoFinal/turtlebot3_ws/install/turtlebot3/share/turtlebot3/maps/turtlebot3_world.yaml
[0.420s] -- Symlinking: /home/ruben/Documents/ProjetoFinal/turtlebot3_ws/install/turtlebot3/share/turtlebot3/params/oldwaffle.yaml
[0.430s] -- Symlinking: /home/ruben/Documents/ProjetoFinal/turtlebot3_ws/install/turtlebot3/share/turtlebot3/params/test_nav2_planners.py
[0.439s] -- Up-to-date symlink: /home/ruben/Documents/ProjetoFinal/turtlebot3_ws/install/turtlebot3/share/turtlebot3/params/waffle.yaml
[0.440s] -- Up-to-date symlink: /home/ruben/Documents/ProjetoFinal/turtlebot3_ws/install/turtlebot3/share/ament_index/resource_index/package_run_dependencies/turtlebot3
[0.440s] -- Up-to-date symlink: /home/ruben/Documents/ProjetoFinal/turtlebot3_ws/install/turtlebot3/share/ament_index/resource_index/parent_prefix_path/turtlebot3
[0.440s] -- Up-to-date symlink: /home/ruben/Documents/ProjetoFinal/turtlebot3_ws/install/turtlebot3/share/turtlebot3/environment/ament_prefix_path.sh
[0.440s] -- Up-to-date symlink: /home/ruben/Documents/ProjetoFinal/turtlebot3_ws/install/turtlebot3/share/turtlebot3/environment/ament_prefix_path.dsv
[0.441s] -- Up-to-date symlink: /home/ruben/Documents/ProjetoFinal/turtlebot3_ws/install/turtlebot3/share/turtlebot3/environment/path.sh
[0.441s] -- Up-to-date symlink: /home/ruben/Documents/ProjetoFinal/turtlebot3_ws/install/turtlebot3/share/turtlebot3/environment/path.dsv
[0.441s] -- Up-to-date symlink: /home/ruben/Documents/ProjetoFinal/turtlebot3_ws/install/turtlebot3/share/turtlebot3/local_setup.bash
[0.441s] -- Up-to-date symlink: /home/ruben/Documents/ProjetoFinal/turtlebot3_ws/install/turtlebot3/share/turtlebot3/local_setup.sh
[0.441s] -- Up-to-date symlink: /home/ruben/Documents/ProjetoFinal/turtlebot3_ws/install/turtlebot3/share/turtlebot3/local_setup.zsh
[0.441s] -- Up-to-date symlink: /home/ruben/Documents/ProjetoFinal/turtlebot3_ws/install/turtlebot3/share/turtlebot3/local_setup.dsv
[0.441s] -- Symlinking: /home/ruben/Documents/ProjetoFinal/turtlebot3_ws/install/turtlebot3/share/turtlebot3/package.dsv
[0.451s] -- Up-to-date symlink: /home/ruben/Documents/ProjetoFinal/turtlebot3_ws/install/turtlebot3/share/ament_index/resource_index/packages/turtlebot3
[0.451s] -- Up-to-date symlink: /home/ruben/Documents/ProjetoFinal/turtlebot3_ws/install/turtlebot3/share/turtlebot3/cmake/turtlebot3Config.cmake
[0.451s] -- Up-to-date symlink: /home/ruben/Documents/ProjetoFinal/turtlebot3_ws/install/turtlebot3/share/turtlebot3/cmake/turtlebot3Config-version.cmake
[0.451s] -- Up-to-date symlink: /home/ruben/Documents/ProjetoFinal/turtlebot3_ws/install/turtlebot3/share/turtlebot3/package.xml
[0.454s] Invoked command in '/home/ruben/Documents/ProjetoFinal/turtlebot3_ws/build/turtlebot3' returned '0': CMAKE_PREFIX_PATH=/opt/ros/humble /usr/bin/cmake --install /home/ruben/Documents/ProjetoFinal/turtlebot3_ws/build/turtlebot3
