-- Install configuration: ""
-- Execute custom install script
-- Up-to-date symlink: /home/ruben/Documents/ProjetoFinal/turtlebot3_ws/install/turtlebot3/share/turtlebot3/launch/navigation2.launch.py
-- Up-to-date symlink: /home/ruben/Documents/ProjetoFinal/turtlebot3_ws/install/turtlebot3/share/turtlebot3/launch/robot_state_publisher.launch.py
-- Up-to-date symlink: /home/ruben/Documents/ProjetoFinal/turtlebot3_ws/install/turtlebot3/share/turtlebot3/launch/ros_ign_bridge.launch.py
-- Up-to-date symlink: /home/ruben/Documents/ProjetoFinal/turtlebot3_ws/install/turtlebot3/share/turtlebot3/launch/simulation.launch.py
-- Up-to-date symlink: /home/ruben/Documents/ProjetoFinal/turtlebot3_ws/install/turtlebot3/share/turtlebot3/models/mundo_tijolo/brick.png
-- Up-to-date symlink: /home/ruben/Documents/ProjetoFinal/turtlebot3_ws/install/turtlebot3/share/turtlebot3/models/mundo_tijolo/model.sdf
-- Up-to-date symlink: /home/ruben/Documents/ProjetoFinal/turtlebot3_ws/install/turtlebot3/share/turtlebot3/models/mundo_tijolo/mundo_irregular_tijolo.dae
-- Up-to-date symlink: /home/ruben/Documents/ProjetoFinal/turtlebot3_ws/install/turtlebot3/share/turtlebot3/models/mundo_tijolo/wood_wall.jpg
-- Up-to-date symlink: /home/ruben/Documents/ProjetoFinal/turtlebot3_ws/install/turtlebot3/share/turtlebot3/models/turtlebot3/meshes/burger_base.dae
-- Up-to-date symlink: /home/ruben/Documents/ProjetoFinal/turtlebot3_ws/install/turtlebot3/share/turtlebot3/models/turtlebot3/meshes/lds.dae
-- Up-to-date symlink: /home/ruben/Documents/ProjetoFinal/turtlebot3_ws/install/turtlebot3/share/turtlebot3/models/turtlebot3/meshes/r200.dae
-- Up-to-date symlink: /home/ruben/Documents/ProjetoFinal/turtlebot3_ws/install/turtlebot3/share/turtlebot3/models/turtlebot3/meshes/tire.dae
-- Up-to-date symlink: /home/ruben/Documents/ProjetoFinal/turtlebot3_ws/install/turtlebot3/share/turtlebot3/models/turtlebot3/meshes/waffle_base.dae
-- Up-to-date symlink: /home/ruben/Documents/ProjetoFinal/turtlebot3_ws/install/turtlebot3/share/turtlebot3/models/turtlebot3/meshes/waffle_pi_base.dae
-- Up-to-date symlink: /home/ruben/Documents/ProjetoFinal/turtlebot3_ws/install/turtlebot3/share/turtlebot3/models/turtlebot3/model.config
-- Up-to-date symlink: /home/ruben/Documents/ProjetoFinal/turtlebot3_ws/install/turtlebot3/share/turtlebot3/models/turtlebot3/model.sdf
-- Up-to-date symlink: /home/ruben/Documents/ProjetoFinal/turtlebot3_ws/install/turtlebot3/share/turtlebot3/models/worlds/meshes/hexagon.dae
-- Up-to-date symlink: /home/ruben/Documents/ProjetoFinal/turtlebot3_ws/install/turtlebot3/share/turtlebot3/models/worlds/meshes/wall.dae
-- Up-to-date symlink: /home/ruben/Documents/ProjetoFinal/turtlebot3_ws/install/turtlebot3/share/turtlebot3/models/worlds/model.sdf
-- Up-to-date symlink: /home/ruben/Documents/ProjetoFinal/turtlebot3_ws/install/turtlebot3/share/turtlebot3/models/worlds/world_only.sdf
-- Symlinking: /home/ruben/Documents/ProjetoFinal/turtlebot3_ws/install/turtlebot3/share/turtlebot3/maps/mundoirregularmapa.pgm
-- Symlinking: /home/ruben/Documents/ProjetoFinal/turtlebot3_ws/install/turtlebot3/share/turtlebot3/maps/mundoirregularmapa.yaml
-- Symlinking: /home/ruben/Documents/ProjetoFinal/turtlebot3_ws/install/turtlebot3/share/turtlebot3/maps/mundoirregularserial.data
-- Symlinking: /home/ruben/Documents/ProjetoFinal/turtlebot3_ws/install/turtlebot3/share/turtlebot3/maps/mundoirregularserial.posegraph
-- Up-to-date symlink: /home/ruben/Documents/ProjetoFinal/turtlebot3_ws/install/turtlebot3/share/turtlebot3/maps/turtlebot3_world.pgm
-- Up-to-date symlink: /home/ruben/Documents/ProjetoFinal/turtlebot3_ws/install/turtlebot3/share/turtlebot3/maps/turtlebot3_world.yaml
-- Up-to-date symlink: /home/ruben/Documents/ProjetoFinal/turtlebot3_ws/install/turtlebot3/share/turtlebot3/params/oldwaffle.yaml
-- Up-to-date symlink: /home/ruben/Documents/ProjetoFinal/turtlebot3_ws/install/turtlebot3/share/turtlebot3/params/test_nav2_planners.py
-- Up-to-date symlink: /home/ruben/Documents/ProjetoFinal/turtlebot3_ws/install/turtlebot3/share/turtlebot3/params/waffle.yaml
-- Up-to-date symlink: /home/ruben/Documents/ProjetoFinal/turtlebot3_ws/install/turtlebot3/share/ament_index/resource_index/package_run_dependencies/turtlebot3
-- Up-to-date symlink: /home/ruben/Documents/ProjetoFinal/turtlebot3_ws/install/turtlebot3/share/ament_index/resource_index/parent_prefix_path/turtlebot3
-- Up-to-date symlink: /home/ruben/Documents/ProjetoFinal/turtlebot3_ws/install/turtlebot3/share/turtlebot3/environment/ament_prefix_path.sh
-- Up-to-date symlink: /home/ruben/Documents/ProjetoFinal/turtlebot3_ws/install/turtlebot3/share/turtlebot3/environment/ament_prefix_path.dsv
-- Up-to-date symlink: /home/ruben/Documents/ProjetoFinal/turtlebot3_ws/install/turtlebot3/share/turtlebot3/environment/path.sh
-- Up-to-date symlink: /home/ruben/Documents/ProjetoFinal/turtlebot3_ws/install/turtlebot3/share/turtlebot3/environment/path.dsv
-- Up-to-date symlink: /home/ruben/Documents/ProjetoFinal/turtlebot3_ws/install/turtlebot3/share/turtlebot3/local_setup.bash
-- Up-to-date symlink: /home/ruben/Documents/ProjetoFinal/turtlebot3_ws/install/turtlebot3/share/turtlebot3/local_setup.sh
-- Up-to-date symlink: /home/ruben/Documents/ProjetoFinal/turtlebot3_ws/install/turtlebot3/share/turtlebot3/local_setup.zsh
-- Up-to-date symlink: /home/ruben/Documents/ProjetoFinal/turtlebot3_ws/install/turtlebot3/share/turtlebot3/local_setup.dsv
-- Symlinking: /home/ruben/Documents/ProjetoFinal/turtlebot3_ws/install/turtlebot3/share/turtlebot3/package.dsv
-- Up-to-date symlink: /home/ruben/Documents/ProjetoFinal/turtlebot3_ws/install/turtlebot3/share/ament_index/resource_index/packages/turtlebot3
-- Up-to-date symlink: /home/ruben/Documents/ProjetoFinal/turtlebot3_ws/install/turtlebot3/share/turtlebot3/cmake/turtlebot3Config.cmake
-- Up-to-date symlink: /home/ruben/Documents/ProjetoFinal/turtlebot3_ws/install/turtlebot3/share/turtlebot3/cmake/turtlebot3Config-version.cmake
-- Up-to-date symlink: /home/ruben/Documents/ProjetoFinal/turtlebot3_ws/install/turtlebot3/share/turtlebot3/package.xml
