[0.147s] DEBUG:colcon:Command line arguments: ['/usr/bin/colcon', 'build']
[0.147s] DEBUG:colcon:Parsed command line arguments: Namespace(log_base=None, log_level=None, verb_name='build', build_base='build', install_base='install', merge_install=False, symlink_install=False, test_result_base=None, continue_on_error=False, executor='parallel', parallel_workers=16, event_handlers=None, ignore_user_meta=False, metas=['./colcon.meta'], base_paths=['.'], packages_ignore=None, packages_ignore_regex=None, paths=None, packages_up_to=None, packages_up_to_regex=None, packages_above=None, packages_above_and_dependencies=None, packages_above_depth=None, packages_select_by_dep=None, packages_skip_by_dep=None, packages_skip_up_to=None, packages_select_build_failed=False, packages_skip_build_finished=False, packages_select_test_failures=False, packages_skip_test_passed=False, packages_select=None, packages_skip=None, packages_select_regex=None, packages_skip_regex=None, packages_start=None, packages_end=None, allow_overriding=[], cmake_args=None, cmake_target=None, cmake_target_skip_unavailable=False, cmake_clean_cache=False, cmake_clean_first=False, cmake_force_configure=False, ament_cmake_args=None, catkin_cmake_args=None, catkin_skip_building_tests=False, mixin_files=None, mixin=None, verb_parser=<colcon_mixin.mixin.mixin_argument.MixinArgumentDecorator object at 0x711881013490>, verb_extension=<colcon_core.verb.build.BuildVerb object at 0x7118811a83a0>, main=<bound method BuildVerb.main of <colcon_core.verb.build.BuildVerb object at 0x7118811a83a0>>, mixin_verb=('build',))
[0.403s] Level 1:colcon.colcon_core.package_discovery:discover_packages(colcon_meta) check parameters
[0.403s] Level 1:colcon.colcon_core.package_discovery:discover_packages(recursive) check parameters
[0.403s] Level 1:colcon.colcon_core.package_discovery:discover_packages(ignore) check parameters
[0.403s] Level 1:colcon.colcon_core.package_discovery:discover_packages(path) check parameters
[0.403s] Level 1:colcon.colcon_core.package_discovery:discover_packages(colcon_meta) discover
[0.403s] Level 1:colcon.colcon_core.package_discovery:discover_packages(recursive) discover
[0.403s] INFO:colcon.colcon_core.package_discovery:Crawling recursively for packages in '/home/ruben/Documents/ProjetoFinal/turtlebot3_ws/turtlebot3'
[0.403s] Level 1:colcon.colcon_core.package_identification:_identify(.) by extensions ['ignore', 'ignore_ament_install']
[0.403s] Level 1:colcon.colcon_core.package_identification:_identify(.) by extension 'ignore'
[0.403s] Level 1:colcon.colcon_core.package_identification:_identify(.) by extension 'ignore_ament_install'
[0.404s] Level 1:colcon.colcon_core.package_identification:_identify(.) by extensions ['colcon_pkg']
[0.404s] Level 1:colcon.colcon_core.package_identification:_identify(.) by extension 'colcon_pkg'
[0.404s] Level 1:colcon.colcon_core.package_identification:_identify(.) by extensions ['colcon_meta']
[0.404s] Level 1:colcon.colcon_core.package_identification:_identify(.) by extension 'colcon_meta'
[0.404s] Level 1:colcon.colcon_core.package_identification:_identify(.) by extensions ['ros']
[0.404s] Level 1:colcon.colcon_core.package_identification:_identify(.) by extension 'ros'
[0.420s] DEBUG:colcon.colcon_core.package_identification:Package '.' with type 'ros.ament_cmake' and name 'turtlebot3'
[0.420s] Level 1:colcon.colcon_core.package_discovery:discover_packages(recursive) using defaults
[0.420s] Level 1:colcon.colcon_core.package_discovery:discover_packages(ignore) discover
[0.420s] Level 1:colcon.colcon_core.package_discovery:discover_packages(ignore) using defaults
[0.420s] Level 1:colcon.colcon_core.package_discovery:discover_packages(path) discover
[0.420s] Level 1:colcon.colcon_core.package_discovery:discover_packages(path) using defaults
[0.456s] Level 1:colcon.colcon_core.package_discovery:discover_packages(prefix_path) check parameters
[0.456s] Level 1:colcon.colcon_core.package_discovery:discover_packages(prefix_path) discover
[0.459s] DEBUG:colcon.colcon_installed_package_information.package_discovery:Found 1 installed packages in /home/ruben/Documents/ProjetoFinal/turtlebot3_ws/turtlebot3/install
[0.460s] DEBUG:colcon.colcon_installed_package_information.package_discovery:Found 1 installed packages in /home/ruben/Documents/ProjetoFinal/turtlebot3_ws/install
[0.462s] DEBUG:colcon.colcon_installed_package_information.package_discovery:Found 424 installed packages in /opt/ros/humble
[0.464s] Level 1:colcon.colcon_core.package_discovery:discover_packages(prefix_path) using defaults
[0.511s] Level 5:colcon.colcon_core.verb:set package 'turtlebot3' build argument 'cmake_args' from command line to 'None'
[0.511s] Level 5:colcon.colcon_core.verb:set package 'turtlebot3' build argument 'cmake_target' from command line to 'None'
[0.512s] Level 5:colcon.colcon_core.verb:set package 'turtlebot3' build argument 'cmake_target_skip_unavailable' from command line to 'False'
[0.512s] Level 5:colcon.colcon_core.verb:set package 'turtlebot3' build argument 'cmake_clean_cache' from command line to 'False'
[0.512s] Level 5:colcon.colcon_core.verb:set package 'turtlebot3' build argument 'cmake_clean_first' from command line to 'False'
[0.512s] Level 5:colcon.colcon_core.verb:set package 'turtlebot3' build argument 'cmake_force_configure' from command line to 'False'
[0.512s] Level 5:colcon.colcon_core.verb:set package 'turtlebot3' build argument 'ament_cmake_args' from command line to 'None'
[0.512s] Level 5:colcon.colcon_core.verb:set package 'turtlebot3' build argument 'catkin_cmake_args' from command line to 'None'
[0.512s] Level 5:colcon.colcon_core.verb:set package 'turtlebot3' build argument 'catkin_skip_building_tests' from command line to 'False'
[0.512s] DEBUG:colcon.colcon_core.verb:Building package 'turtlebot3' with the following arguments: {'ament_cmake_args': None, 'build_base': '/home/ruben/Documents/ProjetoFinal/turtlebot3_ws/turtlebot3/build/turtlebot3', 'catkin_cmake_args': None, 'catkin_skip_building_tests': False, 'cmake_args': None, 'cmake_clean_cache': False, 'cmake_clean_first': False, 'cmake_force_configure': False, 'cmake_target': None, 'cmake_target_skip_unavailable': False, 'install_base': '/home/ruben/Documents/ProjetoFinal/turtlebot3_ws/turtlebot3/install/turtlebot3', 'merge_install': False, 'path': '/home/ruben/Documents/ProjetoFinal/turtlebot3_ws/turtlebot3', 'symlink_install': False, 'test_result_base': None}
[0.512s] INFO:colcon.colcon_core.executor:Executing jobs using 'parallel' executor
[0.513s] DEBUG:colcon.colcon_parallel_executor.executor.parallel:run_until_complete
[0.513s] INFO:colcon.colcon_ros.task.ament_cmake.build:Building ROS package in '/home/ruben/Documents/ProjetoFinal/turtlebot3_ws/turtlebot3' with build type 'ament_cmake'
[0.513s] INFO:colcon.colcon_cmake.task.cmake.build:Building CMake package in '/home/ruben/Documents/ProjetoFinal/turtlebot3_ws/turtlebot3'
[0.517s] INFO:colcon.colcon_core.plugin_system:Skipping extension 'colcon_core.shell.bat': Not used on non-Windows systems
[0.517s] INFO:colcon.colcon_core.shell:Skip shell extension 'powershell' for command environment: Not usable outside of PowerShell
[0.517s] DEBUG:colcon.colcon_core.shell:Skip shell extension 'dsv' for command environment
[0.528s] DEBUG:colcon.colcon_core.event_handler.log_command:Invoking command in '/home/ruben/Documents/ProjetoFinal/turtlebot3_ws/turtlebot3/build/turtlebot3': CMAKE_PREFIX_PATH=${CMAKE_PREFIX_PATH}:/opt/ros/humble /usr/bin/cmake --build /home/ruben/Documents/ProjetoFinal/turtlebot3_ws/turtlebot3/build/turtlebot3 -- -j16 -l16
[0.603s] DEBUG:colcon.colcon_core.event_handler.log_command:Invoked command in '/home/ruben/Documents/ProjetoFinal/turtlebot3_ws/turtlebot3/build/turtlebot3' returned '0': CMAKE_PREFIX_PATH=${CMAKE_PREFIX_PATH}:/opt/ros/humble /usr/bin/cmake --build /home/ruben/Documents/ProjetoFinal/turtlebot3_ws/turtlebot3/build/turtlebot3 -- -j16 -l16
[0.617s] DEBUG:colcon.colcon_core.event_handler.log_command:Invoking command in '/home/ruben/Documents/ProjetoFinal/turtlebot3_ws/turtlebot3/build/turtlebot3': CMAKE_PREFIX_PATH=${CMAKE_PREFIX_PATH}:/opt/ros/humble /usr/bin/cmake --install /home/ruben/Documents/ProjetoFinal/turtlebot3_ws/turtlebot3/build/turtlebot3
[0.666s] Level 1:colcon.colcon_core.environment:create_environment_scripts_only(turtlebot3)
[0.666s] DEBUG:colcon.colcon_core.event_handler.log_command:Invoked command in '/home/ruben/Documents/ProjetoFinal/turtlebot3_ws/turtlebot3/build/turtlebot3' returned '0': CMAKE_PREFIX_PATH=${CMAKE_PREFIX_PATH}:/opt/ros/humble /usr/bin/cmake --install /home/ruben/Documents/ProjetoFinal/turtlebot3_ws/turtlebot3/build/turtlebot3
[0.671s] Level 1:colcon.colcon_core.environment:checking '/home/ruben/Documents/ProjetoFinal/turtlebot3_ws/turtlebot3/install/turtlebot3' for CMake module files
[0.672s] Level 1:colcon.colcon_core.environment:checking '/home/ruben/Documents/ProjetoFinal/turtlebot3_ws/turtlebot3/install/turtlebot3' for CMake config files
[0.672s] Level 1:colcon.colcon_core.shell:create_environment_hook('turtlebot3', 'cmake_prefix_path')
[0.673s] INFO:colcon.colcon_core.shell:Creating environment hook '/home/ruben/Documents/ProjetoFinal/turtlebot3_ws/turtlebot3/install/turtlebot3/share/turtlebot3/hook/cmake_prefix_path.ps1'
[0.673s] INFO:colcon.colcon_core.shell:Creating environment descriptor '/home/ruben/Documents/ProjetoFinal/turtlebot3_ws/turtlebot3/install/turtlebot3/share/turtlebot3/hook/cmake_prefix_path.dsv'
[0.674s] INFO:colcon.colcon_core.shell:Creating environment hook '/home/ruben/Documents/ProjetoFinal/turtlebot3_ws/turtlebot3/install/turtlebot3/share/turtlebot3/hook/cmake_prefix_path.sh'
[0.675s] Level 1:colcon.colcon_core.environment:checking '/home/ruben/Documents/ProjetoFinal/turtlebot3_ws/turtlebot3/install/turtlebot3/bin'
[0.676s] Level 1:colcon.colcon_core.environment:checking '/home/ruben/Documents/ProjetoFinal/turtlebot3_ws/turtlebot3/install/turtlebot3/lib/pkgconfig/turtlebot3.pc'
[0.676s] Level 1:colcon.colcon_core.environment:checking '/home/ruben/Documents/ProjetoFinal/turtlebot3_ws/turtlebot3/install/turtlebot3/lib/python3.10/site-packages'
[0.676s] Level 1:colcon.colcon_core.environment:checking '/home/ruben/Documents/ProjetoFinal/turtlebot3_ws/turtlebot3/install/turtlebot3/bin'
[0.677s] INFO:colcon.colcon_core.shell:Creating package script '/home/ruben/Documents/ProjetoFinal/turtlebot3_ws/turtlebot3/install/turtlebot3/share/turtlebot3/package.ps1'
[0.678s] INFO:colcon.colcon_core.shell:Creating package descriptor '/home/ruben/Documents/ProjetoFinal/turtlebot3_ws/turtlebot3/install/turtlebot3/share/turtlebot3/package.dsv'
[0.679s] INFO:colcon.colcon_core.shell:Creating package script '/home/ruben/Documents/ProjetoFinal/turtlebot3_ws/turtlebot3/install/turtlebot3/share/turtlebot3/package.sh'
[0.680s] INFO:colcon.colcon_core.shell:Creating package script '/home/ruben/Documents/ProjetoFinal/turtlebot3_ws/turtlebot3/install/turtlebot3/share/turtlebot3/package.bash'
[0.681s] INFO:colcon.colcon_core.shell:Creating package script '/home/ruben/Documents/ProjetoFinal/turtlebot3_ws/turtlebot3/install/turtlebot3/share/turtlebot3/package.zsh'
[0.682s] Level 1:colcon.colcon_core.environment:create_file_with_runtime_dependencies(/home/ruben/Documents/ProjetoFinal/turtlebot3_ws/turtlebot3/install/turtlebot3/share/colcon-core/packages/turtlebot3)
[0.682s] Level 1:colcon.colcon_core.environment:create_environment_scripts_only(turtlebot3)
[0.683s] Level 1:colcon.colcon_core.environment:checking '/home/ruben/Documents/ProjetoFinal/turtlebot3_ws/turtlebot3/install/turtlebot3' for CMake module files
[0.683s] Level 1:colcon.colcon_core.environment:checking '/home/ruben/Documents/ProjetoFinal/turtlebot3_ws/turtlebot3/install/turtlebot3' for CMake config files
[0.683s] Level 1:colcon.colcon_core.shell:create_environment_hook('turtlebot3', 'cmake_prefix_path')
[0.684s] INFO:colcon.colcon_core.shell:Creating environment hook '/home/ruben/Documents/ProjetoFinal/turtlebot3_ws/turtlebot3/install/turtlebot3/share/turtlebot3/hook/cmake_prefix_path.ps1'
[0.684s] INFO:colcon.colcon_core.shell:Creating environment descriptor '/home/ruben/Documents/ProjetoFinal/turtlebot3_ws/turtlebot3/install/turtlebot3/share/turtlebot3/hook/cmake_prefix_path.dsv'
[0.685s] INFO:colcon.colcon_core.shell:Creating environment hook '/home/ruben/Documents/ProjetoFinal/turtlebot3_ws/turtlebot3/install/turtlebot3/share/turtlebot3/hook/cmake_prefix_path.sh'
[0.685s] Level 1:colcon.colcon_core.environment:checking '/home/ruben/Documents/ProjetoFinal/turtlebot3_ws/turtlebot3/install/turtlebot3/bin'
[0.686s] Level 1:colcon.colcon_core.environment:checking '/home/ruben/Documents/ProjetoFinal/turtlebot3_ws/turtlebot3/install/turtlebot3/lib/pkgconfig/turtlebot3.pc'
[0.686s] Level 1:colcon.colcon_core.environment:checking '/home/ruben/Documents/ProjetoFinal/turtlebot3_ws/turtlebot3/install/turtlebot3/lib/python3.10/site-packages'
[0.686s] Level 1:colcon.colcon_core.environment:checking '/home/ruben/Documents/ProjetoFinal/turtlebot3_ws/turtlebot3/install/turtlebot3/bin'
[0.686s] INFO:colcon.colcon_core.shell:Creating package script '/home/ruben/Documents/ProjetoFinal/turtlebot3_ws/turtlebot3/install/turtlebot3/share/turtlebot3/package.ps1'
[0.687s] INFO:colcon.colcon_core.shell:Creating package descriptor '/home/ruben/Documents/ProjetoFinal/turtlebot3_ws/turtlebot3/install/turtlebot3/share/turtlebot3/package.dsv'
[0.688s] INFO:colcon.colcon_core.shell:Creating package script '/home/ruben/Documents/ProjetoFinal/turtlebot3_ws/turtlebot3/install/turtlebot3/share/turtlebot3/package.sh'
[0.688s] INFO:colcon.colcon_core.shell:Creating package script '/home/ruben/Documents/ProjetoFinal/turtlebot3_ws/turtlebot3/install/turtlebot3/share/turtlebot3/package.bash'
[0.689s] INFO:colcon.colcon_core.shell:Creating package script '/home/ruben/Documents/ProjetoFinal/turtlebot3_ws/turtlebot3/install/turtlebot3/share/turtlebot3/package.zsh'
[0.689s] Level 1:colcon.colcon_core.environment:create_file_with_runtime_dependencies(/home/ruben/Documents/ProjetoFinal/turtlebot3_ws/turtlebot3/install/turtlebot3/share/colcon-core/packages/turtlebot3)
[0.690s] DEBUG:colcon.colcon_parallel_executor.executor.parallel:closing loop
[0.690s] DEBUG:colcon.colcon_parallel_executor.executor.parallel:loop closed
[0.690s] DEBUG:colcon.colcon_parallel_executor.executor.parallel:run_until_complete finished with '0'
[0.690s] DEBUG:colcon.colcon_core.event_reactor:joining thread
[0.698s] INFO:colcon.colcon_core.plugin_system:Skipping extension 'colcon_notification.desktop_notification.terminal_notifier': Not used on non-Darwin systems
[0.698s] INFO:colcon.colcon_core.plugin_system:Skipping extension 'colcon_notification.desktop_notification.win32': Not used on non-Windows systems
[0.698s] INFO:colcon.colcon_notification.desktop_notification:Sending desktop notification using 'notify2'
[0.718s] DEBUG:colcon.colcon_core.event_reactor:joined thread
[0.719s] INFO:colcon.colcon_core.shell:Creating prefix script '/home/ruben/Documents/ProjetoFinal/turtlebot3_ws/turtlebot3/install/local_setup.ps1'
[0.720s] INFO:colcon.colcon_core.shell:Creating prefix util module '/home/ruben/Documents/ProjetoFinal/turtlebot3_ws/turtlebot3/install/_local_setup_util_ps1.py'
[0.722s] INFO:colcon.colcon_core.shell:Creating prefix chain script '/home/ruben/Documents/ProjetoFinal/turtlebot3_ws/turtlebot3/install/setup.ps1'
[0.724s] INFO:colcon.colcon_core.shell:Creating prefix script '/home/ruben/Documents/ProjetoFinal/turtlebot3_ws/turtlebot3/install/local_setup.sh'
[0.726s] INFO:colcon.colcon_core.shell:Creating prefix util module '/home/ruben/Documents/ProjetoFinal/turtlebot3_ws/turtlebot3/install/_local_setup_util_sh.py'
[0.727s] INFO:colcon.colcon_core.shell:Creating prefix chain script '/home/ruben/Documents/ProjetoFinal/turtlebot3_ws/turtlebot3/install/setup.sh'
[0.729s] INFO:colcon.colcon_core.shell:Creating prefix script '/home/ruben/Documents/ProjetoFinal/turtlebot3_ws/turtlebot3/install/local_setup.bash'
[0.730s] INFO:colcon.colcon_core.shell:Creating prefix chain script '/home/ruben/Documents/ProjetoFinal/turtlebot3_ws/turtlebot3/install/setup.bash'
[0.733s] INFO:colcon.colcon_core.shell:Creating prefix script '/home/ruben/Documents/ProjetoFinal/turtlebot3_ws/turtlebot3/install/local_setup.zsh'
[0.734s] INFO:colcon.colcon_core.shell:Creating prefix chain script '/home/ruben/Documents/ProjetoFinal/turtlebot3_ws/turtlebot3/install/setup.zsh'
