[0.027s] Invoking command in '/home/ruben/articubot_ws/build/articubot_one': CMAKE_PREFIX_PATH=/opt/ros/humble /usr/bin/cmake --build /home/ruben/articubot_ws/build/articubot_one -- -j16 -l16
[0.155s] Invoked command in '/home/ruben/articubot_ws/build/articubot_one' returned '0': CMAKE_PREFIX_PATH=/opt/ros/humble /usr/bin/cmake --build /home/ruben/articubot_ws/build/articubot_one -- -j16 -l16
[0.177s] Invoking command in '/home/ruben/articubot_ws/build/articubot_one': CMAKE_PREFIX_PATH=/opt/ros/humble /usr/bin/cmake --install /home/ruben/articubot_ws/build/articubot_one
[0.189s] -- Install configuration: ""
[0.189s] -- Up-to-date: /home/ruben/articubot_ws/install/articubot_one/share/articubot_one/config
[0.189s] -- Up-to-date: /home/ruben/articubot_ws/install/articubot_one/share/articubot_one/config/ball_tracker_params_sim.yaml
[0.190s] -- Up-to-date: /home/ruben/articubot_ws/install/articubot_one/share/articubot_one/config/my_controllers.yaml
[0.190s] -- Up-to-date: /home/ruben/articubot_ws/install/articubot_one/share/articubot_one/config/mapper_params_online_async.yaml
[0.190s] -- Up-to-date: /home/ruben/articubot_ws/install/articubot_one/share/articubot_one/config/drive_bot.rviz
[0.191s] -- Up-to-date: /home/ruben/articubot_ws/install/articubot_one/share/articubot_one/config/map.rviz
[0.191s] -- Up-to-date: /home/ruben/articubot_ws/install/articubot_one/share/articubot_one/config/gz_bridge.yaml
[0.191s] -- Up-to-date: /home/ruben/articubot_ws/install/articubot_one/share/articubot_one/config/ball_tracker_params_robot.yaml
[0.191s] -- Up-to-date: /home/ruben/articubot_ws/install/articubot_one/share/articubot_one/config/joystick.yaml
[0.191s] -- Up-to-date: /home/ruben/articubot_ws/install/articubot_one/share/articubot_one/config/twist_mux.yaml
[0.191s] -- Up-to-date: /home/ruben/articubot_ws/install/articubot_one/share/articubot_one/config/view_bot.rviz
[0.192s] -- Up-to-date: /home/ruben/articubot_ws/install/articubot_one/share/articubot_one/config/main.rviz
[0.192s] -- Up-to-date: /home/ruben/articubot_ws/install/articubot_one/share/articubot_one/config/empty.yaml
[0.192s] -- Up-to-date: /home/ruben/articubot_ws/install/articubot_one/share/articubot_one/config/gaz_ros2_ctl_use_sim.yaml
[0.192s] -- Up-to-date: /home/ruben/articubot_ws/install/articubot_one/share/articubot_one/config/nav2_params.yaml
[0.192s] -- Up-to-date: /home/ruben/articubot_ws/install/articubot_one/share/articubot_one/description
[0.192s] -- Up-to-date: /home/ruben/articubot_ws/install/articubot_one/share/articubot_one/description/ros2_control.xacro
[0.192s] -- Up-to-date: /home/ruben/articubot_ws/install/articubot_one/share/articubot_one/description/camera.xacro
[0.192s] -- Up-to-date: /home/ruben/articubot_ws/install/articubot_one/share/articubot_one/description/robot_core.xacro
[0.192s] -- Up-to-date: /home/ruben/articubot_ws/install/articubot_one/share/articubot_one/description/lidar.xacro
[0.192s] -- Up-to-date: /home/ruben/articubot_ws/install/articubot_one/share/articubot_one/description/face.xacro
[0.192s] -- Up-to-date: /home/ruben/articubot_ws/install/articubot_one/share/articubot_one/description/gazebo_control.xacro
[0.192s] -- Up-to-date: /home/ruben/articubot_ws/install/articubot_one/share/articubot_one/description/depth_camera.xacro
[0.193s] -- Up-to-date: /home/ruben/articubot_ws/install/articubot_one/share/articubot_one/description/inertial_macros.xacro
[0.193s] -- Up-to-date: /home/ruben/articubot_ws/install/articubot_one/share/articubot_one/description/robot.urdf.xacro
[0.193s] -- Up-to-date: /home/ruben/articubot_ws/install/articubot_one/share/articubot_one/launch
[0.193s] -- Up-to-date: /home/ruben/articubot_ws/install/articubot_one/share/articubot_one/launch/launch_sim.launch.py
[0.193s] -- Up-to-date: /home/ruben/articubot_ws/install/articubot_one/share/articubot_one/launch/online_async_launch.py
[0.193s] -- Up-to-date: /home/ruben/articubot_ws/install/articubot_one/share/articubot_one/launch/launch_robot.launch.py
[0.193s] -- Up-to-date: /home/ruben/articubot_ws/install/articubot_one/share/articubot_one/launch/rsp.launch.py
[0.193s] -- Installing: /home/ruben/articubot_ws/install/articubot_one/share/articubot_one/launch/localization_launch.py
[0.193s] -- Up-to-date: /home/ruben/articubot_ws/install/articubot_one/share/articubot_one/launch/ball_tracker.launch.py
[0.193s] -- Up-to-date: /home/ruben/articubot_ws/install/articubot_one/share/articubot_one/launch/rplidar.launch.py
[0.193s] -- Up-to-date: /home/ruben/articubot_ws/install/articubot_one/share/articubot_one/launch/joystick.launch.py
[0.193s] -- Up-to-date: /home/ruben/articubot_ws/install/articubot_one/share/articubot_one/launch/camera.launch.py
[0.193s] -- Up-to-date: /home/ruben/articubot_ws/install/articubot_one/share/articubot_one/launch/navigation_launch.py
[0.194s] -- Up-to-date: /home/ruben/articubot_ws/install/articubot_one/share/articubot_one/worlds
[0.194s] -- Installing: /home/ruben/articubot_ws/install/articubot_one/share/articubot_one/worlds/save1ser.data
[0.198s] -- Up-to-date: /home/ruben/articubot_ws/install/articubot_one/share/articubot_one/worlds/obstacles.world
[0.199s] -- Up-to-date: /home/ruben/articubot_ws/install/articubot_one/share/articubot_one/worlds/empty.world
[0.199s] -- Installing: /home/ruben/articubot_ws/install/articubot_one/share/articubot_one/worlds/save1.yaml
[0.199s] -- Installing: /home/ruben/articubot_ws/install/articubot_one/share/articubot_one/worlds/save1.pgm
[0.199s] -- Installing: /home/ruben/articubot_ws/install/articubot_one/share/articubot_one/worlds/save1ser.posegraph
[0.224s] -- Installing: /home/ruben/articubot_ws/install/articubot_one/share/articubot_one/worlds/mundo_realista
[0.224s] -- Installing: /home/ruben/articubot_ws/install/articubot_one/share/articubot_one/worlds/mundo_realista/model.config
[0.225s] -- Installing: /home/ruben/articubot_ws/install/articubot_one/share/articubot_one/worlds/mundo_realista/mundotijolo.world
[0.225s] -- Installing: /home/ruben/articubot_ws/install/articubot_one/share/articubot_one/worlds/mundo_realista/meshes
[0.225s] -- Installing: /home/ruben/articubot_ws/install/articubot_one/share/articubot_one/worlds/mundo_realista/meshes/mundo_irregular_madeira.dae
[0.231s] -- Installing: /home/ruben/articubot_ws/install/articubot_one/share/articubot_one/worlds/mundo_realista/meshes/mundo_irregular_tijolo.dae
[0.236s] -- Installing: /home/ruben/articubot_ws/install/articubot_one/share/articubot_one/worlds/mundo_realista/meshes/brick.png
[0.238s] -- Installing: /home/ruben/articubot_ws/install/articubot_one/share/articubot_one/worlds/mundo_realista/meshes/mundo_realista.dae
[0.245s] -- Installing: /home/ruben/articubot_ws/install/articubot_one/share/articubot_one/worlds/mundo_realista/meshes/mundo_simples_objetos.dae
[0.246s] -- Installing: /home/ruben/articubot_ws/install/articubot_one/share/articubot_one/worlds/mundo_realista/meshes/wood_wall.jpg
[0.247s] -- Installing: /home/ruben/articubot_ws/install/articubot_one/share/articubot_one/worlds/mundo_realista/model.sdf
[0.247s] -- Up-to-date: /home/ruben/articubot_ws/install/articubot_one/share/ament_index/resource_index/package_run_dependencies/articubot_one
[0.247s] -- Up-to-date: /home/ruben/articubot_ws/install/articubot_one/share/ament_index/resource_index/parent_prefix_path/articubot_one
[0.247s] -- Up-to-date: /home/ruben/articubot_ws/install/articubot_one/share/articubot_one/environment/ament_prefix_path.sh
[0.247s] -- Up-to-date: /home/ruben/articubot_ws/install/articubot_one/share/articubot_one/environment/ament_prefix_path.dsv
[0.248s] -- Up-to-date: /home/ruben/articubot_ws/install/articubot_one/share/articubot_one/environment/path.sh
[0.248s] -- Up-to-date: /home/ruben/articubot_ws/install/articubot_one/share/articubot_one/environment/path.dsv
[0.248s] -- Up-to-date: /home/ruben/articubot_ws/install/articubot_one/share/articubot_one/local_setup.bash
[0.248s] -- Up-to-date: /home/ruben/articubot_ws/install/articubot_one/share/articubot_one/local_setup.sh
[0.248s] -- Up-to-date: /home/ruben/articubot_ws/install/articubot_one/share/articubot_one/local_setup.zsh
[0.248s] -- Up-to-date: /home/ruben/articubot_ws/install/articubot_one/share/articubot_one/local_setup.dsv
[0.248s] -- Installing: /home/ruben/articubot_ws/install/articubot_one/share/articubot_one/package.dsv
[0.248s] -- Up-to-date: /home/ruben/articubot_ws/install/articubot_one/share/ament_index/resource_index/packages/articubot_one
[0.248s] -- Up-to-date: /home/ruben/articubot_ws/install/articubot_one/share/articubot_one/cmake/articubot_oneConfig.cmake
[0.248s] -- Up-to-date: /home/ruben/articubot_ws/install/articubot_one/share/articubot_one/cmake/articubot_oneConfig-version.cmake
[0.249s] -- Up-to-date: /home/ruben/articubot_ws/install/articubot_one/share/articubot_one/package.xml
[0.253s] Invoked command in '/home/ruben/articubot_ws/build/articubot_one' returned '0': CMAKE_PREFIX_PATH=/opt/ros/humble /usr/bin/cmake --install /home/ruben/articubot_ws/build/articubot_one
