-- The C compiler identification is GNU 11.4.0
-- The CXX compiler identification is GNU 11.4.0
-- Detecting C compiler ABI info
-- Detecting C compiler ABI info - done
-- Check for working C compiler: /usr/bin/cc - skipped
-- Detecting C compile features
-- Detecting C compile features - done
-- Detecting CXX compiler ABI info
-- Detecting CXX compiler ABI info - done
-- Check for working CXX compiler: /usr/bin/c++ - skipped
-- Detecting CXX compile features
-- Detecting CXX compile features - done
-- Found ament_cmake: 1.3.11 (/opt/ros/humble/share/ament_cmake/cmake)
-- Found Python3: /usr/bin/python3 (found version "3.10.12") found components: Interpreter 
-- Found ament_lint_auto: 0.12.12 (/opt/ros/humble/share/ament_lint_auto/cmake)
-- Added test 'cppcheck' to perform static code analysis on C / C++ code
-- Configured cppcheck include dirs: 
-- Configured cppcheck exclude dirs and/or files: 
-- Added test 'flake8' to check Python code syntax and style conventions
-- Added test 'lint_cmake' to check CMake code style
-- Added test 'pep257' to check Python code against some of the docstring style conventions in PEP 257
-- Added test 'uncrustify' to check C / C++ code style
-- Configured uncrustify additional arguments: 
-- Added test 'xmllint' to check XML markup files
-- Configuring done
-- Generating done
-- Build files have been written to: /home/ruben/Documents/ProjetoFinal/roboauto/build/turtlebot3
-- Install configuration: ""
-- Installing: /home/ruben/Documents/ProjetoFinal/roboauto/install/turtlebot3/share/turtlebot3/launch
-- Installing: /home/ruben/Documents/ProjetoFinal/roboauto/install/turtlebot3/share/turtlebot3/launch/robot_state_publisher.launch.py
-- Installing: /home/ruben/Documents/ProjetoFinal/roboauto/install/turtlebot3/share/turtlebot3/launch/navigation2.launch.py
-- Installing: /home/ruben/Documents/ProjetoFinal/roboauto/install/turtlebot3/share/turtlebot3/launch/simulation.launch.py
-- Installing: /home/ruben/Documents/ProjetoFinal/roboauto/install/turtlebot3/share/turtlebot3/launch/ros_ign_bridge.launch.py
-- Installing: /home/ruben/Documents/ProjetoFinal/roboauto/install/turtlebot3/share/turtlebot3/models
-- Installing: /home/ruben/Documents/ProjetoFinal/roboauto/install/turtlebot3/share/turtlebot3/models/worlds
-- Installing: /home/ruben/Documents/ProjetoFinal/roboauto/install/turtlebot3/share/turtlebot3/models/worlds/meshes
-- Installing: /home/ruben/Documents/ProjetoFinal/roboauto/install/turtlebot3/share/turtlebot3/models/worlds/meshes/wall.dae
-- Installing: /home/ruben/Documents/ProjetoFinal/roboauto/install/turtlebot3/share/turtlebot3/models/worlds/meshes/hexagon.dae
-- Installing: /home/ruben/Documents/ProjetoFinal/roboauto/install/turtlebot3/share/turtlebot3/models/worlds/world_only.sdf
-- Installing: /home/ruben/Documents/ProjetoFinal/roboauto/install/turtlebot3/share/turtlebot3/models/worlds/model.sdf
-- Installing: /home/ruben/Documents/ProjetoFinal/roboauto/install/turtlebot3/share/turtlebot3/models/robo_camuflado
-- Installing: /home/ruben/Documents/ProjetoFinal/roboauto/install/turtlebot3/share/turtlebot3/models/robo_camuflado/robo_camuflado.sdf
-- Installing: /home/ruben/Documents/ProjetoFinal/roboauto/install/turtlebot3/share/turtlebot3/models/robo_camuflado/meshes
-- Installing: /home/ruben/Documents/ProjetoFinal/roboauto/install/turtlebot3/share/turtlebot3/models/robo_camuflado/meshes/wheel_bl.dae
-- Installing: /home/ruben/Documents/ProjetoFinal/roboauto/install/turtlebot3/share/turtlebot3/models/robo_camuflado/meshes/base_footprint.dae
-- Installing: /home/ruben/Documents/ProjetoFinal/roboauto/install/turtlebot3/share/turtlebot3/models/robo_camuflado/meshes/Grass.png
-- Installing: /home/ruben/Documents/ProjetoFinal/roboauto/install/turtlebot3/share/turtlebot3/models/robo_camuflado/meshes/wheel_fl.dae
-- Installing: /home/ruben/Documents/ProjetoFinal/roboauto/install/turtlebot3/share/turtlebot3/models/robo_camuflado/meshes/wheel_br.dae
-- Installing: /home/ruben/Documents/ProjetoFinal/roboauto/install/turtlebot3/share/turtlebot3/models/robo_camuflado/meshes/cam_link.dae
-- Installing: /home/ruben/Documents/ProjetoFinal/roboauto/install/turtlebot3/share/turtlebot3/models/robo_camuflado/meshes/wheel_fr.dae
-- Installing: /home/ruben/Documents/ProjetoFinal/roboauto/install/turtlebot3/share/turtlebot3/models/robo_camuflado/meshes/lidar_link.dae
-- Installing: /home/ruben/Documents/ProjetoFinal/roboauto/install/turtlebot3/share/turtlebot3/models/robo_camuflado/robo_camuflado.xacro
-- Installing: /home/ruben/Documents/ProjetoFinal/roboauto/install/turtlebot3/share/turtlebot3/maps
-- Installing: /home/ruben/Documents/ProjetoFinal/roboauto/install/turtlebot3/share/turtlebot3/maps/turtlebot3_world.yaml
-- Installing: /home/ruben/Documents/ProjetoFinal/roboauto/install/turtlebot3/share/turtlebot3/maps/turtlebot3_world.pgm
[31mCMake Error at cmake_install.cmake:46 (file):
  file INSTALL cannot find
  "/home/ruben/Documents/ProjetoFinal/roboauto/params": No such file or
  directory.

[0m
