[0.011s] Invoking command in '/home/ruben/Documents/ProjetoFinal/roboauto/build/turtlebot3': CMAKE_PREFIX_PATH=/opt/ros/humble /usr/bin/cmake /home/ruben/Documents/ProjetoFinal/roboauto -DCMAKE_INSTALL_PREFIX=/home/ruben/Documents/ProjetoFinal/roboauto/install/turtlebot3
[0.091s] -- The C compiler identification is GNU 11.4.0
[0.163s] -- The CXX compiler identification is GNU 11.4.0
[0.171s] -- Detecting C compiler ABI info
[0.253s] -- Detecting C compiler ABI info - done
[0.260s] -- Check for working C compiler: /usr/bin/cc - skipped
[0.260s] -- Detecting C compile features
[0.261s] -- Detecting C compile features - done
[0.264s] -- Detecting CXX compiler ABI info
[0.355s] -- Detecting CXX compiler ABI info - done
[0.363s] -- Check for working CXX compiler: /usr/bin/c++ - skipped
[0.363s] -- Detecting CXX compile features
[0.364s] -- Detecting CXX compile features - done
[0.367s] -- Found ament_cmake: 1.3.11 (/opt/ros/humble/share/ament_cmake/cmake)
[0.531s] -- Found Python3: /usr/bin/python3 (found version "3.10.12") found components: Interpreter 
[0.631s] -- Found ament_lint_auto: 0.12.12 (/opt/ros/humble/share/ament_lint_auto/cmake)
[0.724s] -- Added test 'cppcheck' to perform static code analysis on C / C++ code
[0.724s] -- Configured cppcheck include dirs: 
[0.724s] -- Configured cppcheck exclude dirs and/or files: 
[0.725s] -- Added test 'flake8' to check Python code syntax and style conventions
[0.727s] -- Added test 'lint_cmake' to check CMake code style
[0.728s] -- Added test 'pep257' to check Python code against some of the docstring style conventions in PEP 257
[0.736s] -- Added test 'uncrustify' to check C / C++ code style
[0.737s] -- Configured uncrustify additional arguments: 
[0.738s] -- Added test 'xmllint' to check XML markup files
[0.739s] -- Configuring done
[0.743s] -- Generating done
[0.745s] -- Build files have been written to: /home/ruben/Documents/ProjetoFinal/roboauto/build/turtlebot3
[0.752s] Invoked command in '/home/ruben/Documents/ProjetoFinal/roboauto/build/turtlebot3' returned '0': CMAKE_PREFIX_PATH=/opt/ros/humble /usr/bin/cmake /home/ruben/Documents/ProjetoFinal/roboauto -DCMAKE_INSTALL_PREFIX=/home/ruben/Documents/ProjetoFinal/roboauto/install/turtlebot3
[0.754s] Invoking command in '/home/ruben/Documents/ProjetoFinal/roboauto/build/turtlebot3': CMAKE_PREFIX_PATH=/opt/ros/humble /usr/bin/cmake --build /home/ruben/Documents/ProjetoFinal/roboauto/build/turtlebot3 -- -j16 -l16
[0.800s] Invoked command in '/home/ruben/Documents/ProjetoFinal/roboauto/build/turtlebot3' returned '0': CMAKE_PREFIX_PATH=/opt/ros/humble /usr/bin/cmake --build /home/ruben/Documents/ProjetoFinal/roboauto/build/turtlebot3 -- -j16 -l16
[0.812s] Invoking command in '/home/ruben/Documents/ProjetoFinal/roboauto/build/turtlebot3': CMAKE_PREFIX_PATH=/opt/ros/humble /usr/bin/cmake --install /home/ruben/Documents/ProjetoFinal/roboauto/build/turtlebot3
[0.821s] -- Install configuration: ""
[0.821s] -- Installing: /home/ruben/Documents/ProjetoFinal/roboauto/install/turtlebot3/share/turtlebot3/launch
[0.821s] -- Installing: /home/ruben/Documents/ProjetoFinal/roboauto/install/turtlebot3/share/turtlebot3/launch/robot_state_publisher.launch.py
[0.821s] -- Installing: /home/ruben/Documents/ProjetoFinal/roboauto/install/turtlebot3/share/turtlebot3/launch/navigation2.launch.py
[0.821s] -- Installing: /home/ruben/Documents/ProjetoFinal/roboauto/install/turtlebot3/share/turtlebot3/launch/simulation.launch.py
[0.821s] -- Installing: /home/ruben/Documents/ProjetoFinal/roboauto/install/turtlebot3/share/turtlebot3/launch/ros_ign_bridge.launch.py
[0.822s] -- Installing: /home/ruben/Documents/ProjetoFinal/roboauto/install/turtlebot3/share/turtlebot3/models
[0.822s] -- Installing: /home/ruben/Documents/ProjetoFinal/roboauto/install/turtlebot3/share/turtlebot3/models/worlds
[0.822s] -- Installing: /home/ruben/Documents/ProjetoFinal/roboauto/install/turtlebot3/share/turtlebot3/models/worlds/meshes
[0.822s] -- Installing: /home/ruben/Documents/ProjetoFinal/roboauto/install/turtlebot3/share/turtlebot3/models/worlds/meshes/wall.dae
[0.822s] -- Installing: /home/ruben/Documents/ProjetoFinal/roboauto/install/turtlebot3/share/turtlebot3/models/worlds/meshes/hexagon.dae
[0.822s] -- Installing: /home/ruben/Documents/ProjetoFinal/roboauto/install/turtlebot3/share/turtlebot3/models/worlds/world_only.sdf
[0.822s] -- Installing: /home/ruben/Documents/ProjetoFinal/roboauto/install/turtlebot3/share/turtlebot3/models/worlds/model.sdf
[0.822s] -- Installing: /home/ruben/Documents/ProjetoFinal/roboauto/install/turtlebot3/share/turtlebot3/models/robo_camuflado
[0.822s] -- Installing: /home/ruben/Documents/ProjetoFinal/roboauto/install/turtlebot3/share/turtlebot3/models/robo_camuflado/robo_camuflado.sdf
[0.823s] -- Installing: /home/ruben/Documents/ProjetoFinal/roboauto/install/turtlebot3/share/turtlebot3/models/robo_camuflado/meshes
[0.823s] -- Installing: /home/ruben/Documents/ProjetoFinal/roboauto/install/turtlebot3/share/turtlebot3/models/robo_camuflado/meshes/wheel_bl.dae
[0.823s] -- Installing: /home/ruben/Documents/ProjetoFinal/roboauto/install/turtlebot3/share/turtlebot3/models/robo_camuflado/meshes/base_footprint.dae
[0.823s] -- Installing: /home/ruben/Documents/ProjetoFinal/roboauto/install/turtlebot3/share/turtlebot3/models/robo_camuflado/meshes/Grass.png
[0.825s] -- Installing: /home/ruben/Documents/ProjetoFinal/roboauto/install/turtlebot3/share/turtlebot3/models/robo_camuflado/meshes/wheel_fl.dae
[0.826s] -- Installing: /home/ruben/Documents/ProjetoFinal/roboauto/install/turtlebot3/share/turtlebot3/models/robo_camuflado/meshes/wheel_br.dae
[0.826s] -- Installing: /home/ruben/Documents/ProjetoFinal/roboauto/install/turtlebot3/share/turtlebot3/models/robo_camuflado/meshes/cam_link.dae
[0.826s] -- Installing: /home/ruben/Documents/ProjetoFinal/roboauto/install/turtlebot3/share/turtlebot3/models/robo_camuflado/meshes/wheel_fr.dae
[0.827s] -- Installing: /home/ruben/Documents/ProjetoFinal/roboauto/install/turtlebot3/share/turtlebot3/models/robo_camuflado/meshes/lidar_link.dae
[0.827s] -- Installing: /home/ruben/Documents/ProjetoFinal/roboauto/install/turtlebot3/share/turtlebot3/models/robo_camuflado/robo_camuflado.xacro
[0.827s] -- Installing: /home/ruben/Documents/ProjetoFinal/roboauto/install/turtlebot3/share/turtlebot3/maps
[0.827s] -- Installing: /home/ruben/Documents/ProjetoFinal/roboauto/install/turtlebot3/share/turtlebot3/maps/turtlebot3_world.yaml
[0.827s] -- Installing: /home/ruben/Documents/ProjetoFinal/roboauto/install/turtlebot3/share/turtlebot3/maps/turtlebot3_world.pgm
[0.828s] [31mCMake Error at cmake_install.cmake:46 (file):
[0.828s]   file INSTALL cannot find
[0.828s]   "/home/ruben/Documents/ProjetoFinal/roboauto/params": No such file or
[0.828s]   directory.
[0.828s] 
[0.828s] [0m
[0.830s] Invoked command in '/home/ruben/Documents/ProjetoFinal/roboauto/build/turtlebot3' returned '1': CMAKE_PREFIX_PATH=/opt/ros/humble /usr/bin/cmake --install /home/ruben/Documents/ProjetoFinal/roboauto/build/turtlebot3
