[0.018s] Invoking command in '/home/ruben/Documents/ProjetoFinal/turtlebot3_ws/turtlebot3/build/turtlebot3': CMAKE_PREFIX_PATH=${CMAKE_PREFIX_PATH}:/opt/ros/humble /usr/bin/cmake --build /home/ruben/Documents/ProjetoFinal/turtlebot3_ws/turtlebot3/build/turtlebot3 -- -j16 -l16
[0.093s] Invoked command in '/home/ruben/Documents/ProjetoFinal/turtlebot3_ws/turtlebot3/build/turtlebot3' returned '0': CMAKE_PREFIX_PATH=${CMAKE_PREFIX_PATH}:/opt/ros/humble /usr/bin/cmake --build /home/ruben/Documents/ProjetoFinal/turtlebot3_ws/turtlebot3/build/turtlebot3 -- -j16 -l16
[0.106s] Invoking command in '/home/ruben/Documents/ProjetoFinal/turtlebot3_ws/turtlebot3/build/turtlebot3': CMAKE_PREFIX_PATH=${CMAKE_PREFIX_PATH}:/opt/ros/humble /usr/bin/cmake --install /home/ruben/Documents/ProjetoFinal/turtlebot3_ws/turtlebot3/build/turtlebot3
[0.115s] -- Install configuration: ""
[0.116s] -- Execute custom install script
[0.117s] -- Up-to-date symlink: /home/ruben/Documents/ProjetoFinal/turtlebot3_ws/turtlebot3/install/turtlebot3/share/turtlebot3/launch/navigation2.launch.py
[0.117s] -- Up-to-date symlink: /home/ruben/Documents/ProjetoFinal/turtlebot3_ws/turtlebot3/install/turtlebot3/share/turtlebot3/launch/robot_state_publisher.launch.py
[0.117s] -- Up-to-date symlink: /home/ruben/Documents/ProjetoFinal/turtlebot3_ws/turtlebot3/install/turtlebot3/share/turtlebot3/launch/ros_ign_bridge.launch.py
[0.117s] -- Up-to-date symlink: /home/ruben/Documents/ProjetoFinal/turtlebot3_ws/turtlebot3/install/turtlebot3/share/turtlebot3/launch/simulation.launch.py
[0.118s] -- Up-to-date symlink: /home/ruben/Documents/ProjetoFinal/turtlebot3_ws/turtlebot3/install/turtlebot3/share/turtlebot3/models/mundo_tijolo/brick.png
[0.118s] -- Up-to-date symlink: /home/ruben/Documents/ProjetoFinal/turtlebot3_ws/turtlebot3/install/turtlebot3/share/turtlebot3/models/mundo_tijolo/model.sdf
[0.118s] -- Up-to-date symlink: /home/ruben/Documents/ProjetoFinal/turtlebot3_ws/turtlebot3/install/turtlebot3/share/turtlebot3/models/mundo_tijolo/mundo_irregular_tijolo.dae
[0.118s] -- Up-to-date symlink: /home/ruben/Documents/ProjetoFinal/turtlebot3_ws/turtlebot3/install/turtlebot3/share/turtlebot3/models/mundo_tijolo/wood_wall.jpg
[0.118s] -- Up-to-date symlink: /home/ruben/Documents/ProjetoFinal/turtlebot3_ws/turtlebot3/install/turtlebot3/share/turtlebot3/models/turtlebot3/meshes/burger_base.dae
[0.118s] -- Up-to-date symlink: /home/ruben/Documents/ProjetoFinal/turtlebot3_ws/turtlebot3/install/turtlebot3/share/turtlebot3/models/turtlebot3/meshes/lds.dae
[0.118s] -- Up-to-date symlink: /home/ruben/Documents/ProjetoFinal/turtlebot3_ws/turtlebot3/install/turtlebot3/share/turtlebot3/models/turtlebot3/meshes/r200.dae
[0.119s] -- Up-to-date symlink: /home/ruben/Documents/ProjetoFinal/turtlebot3_ws/turtlebot3/install/turtlebot3/share/turtlebot3/models/turtlebot3/meshes/tire.dae
[0.119s] -- Up-to-date symlink: /home/ruben/Documents/ProjetoFinal/turtlebot3_ws/turtlebot3/install/turtlebot3/share/turtlebot3/models/turtlebot3/meshes/waffle_base.dae
[0.119s] -- Up-to-date symlink: /home/ruben/Documents/ProjetoFinal/turtlebot3_ws/turtlebot3/install/turtlebot3/share/turtlebot3/models/turtlebot3/meshes/waffle_pi_base.dae
[0.119s] -- Up-to-date symlink: /home/ruben/Documents/ProjetoFinal/turtlebot3_ws/turtlebot3/install/turtlebot3/share/turtlebot3/models/turtlebot3/model.config
[0.119s] -- Up-to-date symlink: /home/ruben/Documents/ProjetoFinal/turtlebot3_ws/turtlebot3/install/turtlebot3/share/turtlebot3/models/turtlebot3/model.sdf
[0.119s] -- Up-to-date symlink: /home/ruben/Documents/ProjetoFinal/turtlebot3_ws/turtlebot3/install/turtlebot3/share/turtlebot3/models/worlds/meshes/hexagon.dae
[0.119s] -- Up-to-date symlink: /home/ruben/Documents/ProjetoFinal/turtlebot3_ws/turtlebot3/install/turtlebot3/share/turtlebot3/models/worlds/meshes/wall.dae
[0.120s] -- Up-to-date symlink: /home/ruben/Documents/ProjetoFinal/turtlebot3_ws/turtlebot3/install/turtlebot3/share/turtlebot3/models/worlds/model.sdf
[0.120s] -- Symlinking: /home/ruben/Documents/ProjetoFinal/turtlebot3_ws/turtlebot3/install/turtlebot3/share/turtlebot3/models/worlds/mundo_realista/meshes/brick.png
[0.134s] -- Symlinking: /home/ruben/Documents/ProjetoFinal/turtlebot3_ws/turtlebot3/install/turtlebot3/share/turtlebot3/models/worlds/mundo_realista/meshes/mundo_irregular_madeira.dae
[0.147s] -- Symlinking: /home/ruben/Documents/ProjetoFinal/turtlebot3_ws/turtlebot3/install/turtlebot3/share/turtlebot3/models/worlds/mundo_realista/meshes/mundo_irregular_tijolo.dae
[0.163s] -- Symlinking: /home/ruben/Documents/ProjetoFinal/turtlebot3_ws/turtlebot3/install/turtlebot3/share/turtlebot3/models/worlds/mundo_realista/meshes/mundo_realista.dae
[0.177s] -- Symlinking: /home/ruben/Documents/ProjetoFinal/turtlebot3_ws/turtlebot3/install/turtlebot3/share/turtlebot3/models/worlds/mundo_realista/meshes/mundo_simples_objetos.dae
[0.189s] -- Symlinking: /home/ruben/Documents/ProjetoFinal/turtlebot3_ws/turtlebot3/install/turtlebot3/share/turtlebot3/models/worlds/mundo_realista/meshes/wood_wall.jpg
[0.203s] -- Symlinking: /home/ruben/Documents/ProjetoFinal/turtlebot3_ws/turtlebot3/install/turtlebot3/share/turtlebot3/models/worlds/mundo_realista/model.config
[0.218s] -- Symlinking: /home/ruben/Documents/ProjetoFinal/turtlebot3_ws/turtlebot3/install/turtlebot3/share/turtlebot3/models/worlds/mundo_realista/model.sdf
[0.235s] -- Symlinking: /home/ruben/Documents/ProjetoFinal/turtlebot3_ws/turtlebot3/install/turtlebot3/share/turtlebot3/models/worlds/mundo_realista/mundotijolo.world
[0.254s] -- Symlinking: /home/ruben/Documents/ProjetoFinal/turtlebot3_ws/turtlebot3/install/turtlebot3/share/turtlebot3/models/worlds/mundoirregular.sdf
[0.270s] -- Up-to-date symlink: /home/ruben/Documents/ProjetoFinal/turtlebot3_ws/turtlebot3/install/turtlebot3/share/turtlebot3/models/worlds/world_only.sdf
[0.270s] -- Symlinking: /home/ruben/Documents/ProjetoFinal/turtlebot3_ws/turtlebot3/install/turtlebot3/share/turtlebot3/maps/save1.pgm
[0.286s] -- Symlinking: /home/ruben/Documents/ProjetoFinal/turtlebot3_ws/turtlebot3/install/turtlebot3/share/turtlebot3/maps/save1.yaml
[0.300s] -- Symlinking: /home/ruben/Documents/ProjetoFinal/turtlebot3_ws/turtlebot3/install/turtlebot3/share/turtlebot3/maps/save1ser.data
[0.317s] -- Symlinking: /home/ruben/Documents/ProjetoFinal/turtlebot3_ws/turtlebot3/install/turtlebot3/share/turtlebot3/maps/save1ser.posegraph
[0.334s] -- Up-to-date symlink: /home/ruben/Documents/ProjetoFinal/turtlebot3_ws/turtlebot3/install/turtlebot3/share/turtlebot3/maps/turtlebot3_world.pgm
[0.334s] -- Up-to-date symlink: /home/ruben/Documents/ProjetoFinal/turtlebot3_ws/turtlebot3/install/turtlebot3/share/turtlebot3/maps/turtlebot3_world.yaml
[0.335s] -- Up-to-date symlink: /home/ruben/Documents/ProjetoFinal/turtlebot3_ws/turtlebot3/install/turtlebot3/share/turtlebot3/params/oldwaffle.yaml
[0.335s] -- Up-to-date symlink: /home/ruben/Documents/ProjetoFinal/turtlebot3_ws/turtlebot3/install/turtlebot3/share/turtlebot3/params/test_nav2_planners.py
[0.335s] -- Up-to-date symlink: /home/ruben/Documents/ProjetoFinal/turtlebot3_ws/turtlebot3/install/turtlebot3/share/turtlebot3/params/waffle.yaml
[0.335s] -- Up-to-date symlink: /home/ruben/Documents/ProjetoFinal/turtlebot3_ws/turtlebot3/install/turtlebot3/share/ament_index/resource_index/package_run_dependencies/turtlebot3
[0.336s] -- Up-to-date symlink: /home/ruben/Documents/ProjetoFinal/turtlebot3_ws/turtlebot3/install/turtlebot3/share/ament_index/resource_index/parent_prefix_path/turtlebot3
[0.336s] -- Up-to-date symlink: /home/ruben/Documents/ProjetoFinal/turtlebot3_ws/turtlebot3/install/turtlebot3/share/turtlebot3/environment/ament_prefix_path.sh
[0.336s] -- Up-to-date symlink: /home/ruben/Documents/ProjetoFinal/turtlebot3_ws/turtlebot3/install/turtlebot3/share/turtlebot3/environment/ament_prefix_path.dsv
[0.337s] -- Up-to-date symlink: /home/ruben/Documents/ProjetoFinal/turtlebot3_ws/turtlebot3/install/turtlebot3/share/turtlebot3/environment/path.sh
[0.337s] -- Up-to-date symlink: /home/ruben/Documents/ProjetoFinal/turtlebot3_ws/turtlebot3/install/turtlebot3/share/turtlebot3/environment/path.dsv
[0.337s] -- Up-to-date symlink: /home/ruben/Documents/ProjetoFinal/turtlebot3_ws/turtlebot3/install/turtlebot3/share/turtlebot3/local_setup.bash
[0.337s] -- Up-to-date symlink: /home/ruben/Documents/ProjetoFinal/turtlebot3_ws/turtlebot3/install/turtlebot3/share/turtlebot3/local_setup.sh
[0.338s] -- Up-to-date symlink: /home/ruben/Documents/ProjetoFinal/turtlebot3_ws/turtlebot3/install/turtlebot3/share/turtlebot3/local_setup.zsh
[0.338s] -- Up-to-date symlink: /home/ruben/Documents/ProjetoFinal/turtlebot3_ws/turtlebot3/install/turtlebot3/share/turtlebot3/local_setup.dsv
[0.338s] -- Symlinking: /home/ruben/Documents/ProjetoFinal/turtlebot3_ws/turtlebot3/install/turtlebot3/share/turtlebot3/package.dsv
[0.355s] -- Up-to-date symlink: /home/ruben/Documents/ProjetoFinal/turtlebot3_ws/turtlebot3/install/turtlebot3/share/ament_index/resource_index/packages/turtlebot3
[0.355s] -- Up-to-date symlink: /home/ruben/Documents/ProjetoFinal/turtlebot3_ws/turtlebot3/install/turtlebot3/share/turtlebot3/cmake/turtlebot3Config.cmake
[0.355s] -- Up-to-date symlink: /home/ruben/Documents/ProjetoFinal/turtlebot3_ws/turtlebot3/install/turtlebot3/share/turtlebot3/cmake/turtlebot3Config-version.cmake
[0.356s] -- Up-to-date symlink: /home/ruben/Documents/ProjetoFinal/turtlebot3_ws/turtlebot3/install/turtlebot3/share/turtlebot3/package.xml
[0.360s] Invoked command in '/home/ruben/Documents/ProjetoFinal/turtlebot3_ws/turtlebot3/build/turtlebot3' returned '0': CMAKE_PREFIX_PATH=${CMAKE_PREFIX_PATH}:/opt/ros/humble /usr/bin/cmake --install /home/ruben/Documents/ProjetoFinal/turtlebot3_ws/turtlebot3/build/turtlebot3
