[1.623s] Invoking command in '/home/ruben/flask_nav2_web/nav_goal_sender': PYTHONPATH=/home/ruben/flask_nav2_web/build/nav_goal_sender/prefix_override:/usr/lib/python3/dist-packages/colcon_core/task/python/colcon_distutils_commands:/home/ruben/flask_nav2_web/install/nav_goal_sender/lib/python3.10/site-packages:${PYTHONPATH} /usr/bin/python3 -W ignore:setup.py install is deprecated -W ignore:easy_install command is deprecated setup.py egg_info --egg-base ../build/nav_goal_sender build --build-base /home/ruben/flask_nav2_web/build/nav_goal_sender/build install --record /home/ruben/flask_nav2_web/build/nav_goal_sender/install.log --single-version-externally-managed install_data
[2.181s] running egg_info
[2.183s] writing ../build/nav_goal_sender/nav_goal_sender.egg-info/PKG-INFO
[2.184s] writing dependency_links to ../build/nav_goal_sender/nav_goal_sender.egg-info/dependency_links.txt
[2.185s] writing entry points to ../build/nav_goal_sender/nav_goal_sender.egg-info/entry_points.txt
[2.185s] writing requirements to ../build/nav_goal_sender/nav_goal_sender.egg-info/requires.txt
[2.185s] writing top-level names to ../build/nav_goal_sender/nav_goal_sender.egg-info/top_level.txt
[2.189s] reading manifest file '../build/nav_goal_sender/nav_goal_sender.egg-info/SOURCES.txt'
[2.190s] writing manifest file '../build/nav_goal_sender/nav_goal_sender.egg-info/SOURCES.txt'
[2.191s] running build
[2.192s] running build_py
[2.192s] running install
[2.192s] running install_lib
[2.195s] running install_data
[2.196s] running install_egg_info
[2.199s] removing '/home/ruben/flask_nav2_web/install/nav_goal_sender/lib/python3.10/site-packages/nav_goal_sender-0.0.0-py3.10.egg-info' (and everything under it)
[2.200s] Copying ../build/nav_goal_sender/nav_goal_sender.egg-info to /home/ruben/flask_nav2_web/install/nav_goal_sender/lib/python3.10/site-packages/nav_goal_sender-0.0.0-py3.10.egg-info
[2.201s] running install_scripts
[2.252s] Installing send_goal.py script to /home/ruben/flask_nav2_web/install/nav_goal_sender/lib/nav_goal_sender
[2.253s] writing list of installed files to '/home/ruben/flask_nav2_web/build/nav_goal_sender/install.log'
[2.362s] Invoked command in '/home/ruben/flask_nav2_web/nav_goal_sender' returned '0': PYTHONPATH=/home/ruben/flask_nav2_web/build/nav_goal_sender/prefix_override:/usr/lib/python3/dist-packages/colcon_core/task/python/colcon_distutils_commands:/home/ruben/flask_nav2_web/install/nav_goal_sender/lib/python3.10/site-packages:${PYTHONPATH} /usr/bin/python3 -W ignore:setup.py install is deprecated -W ignore:easy_install command is deprecated setup.py egg_info --egg-base ../build/nav_goal_sender build --build-base /home/ruben/flask_nav2_web/build/nav_goal_sender/build install --record /home/ruben/flask_nav2_web/build/nav_goal_sender/install.log --single-version-externally-managed install_data
