[0.014s] Invoking command in '/home/ruben/Documents/ProjetoFinal/roboauto/build/roboauto': CMAKE_PREFIX_PATH=${CMAKE_PREFIX_PATH}:/opt/ros/humble /usr/bin/cmake /home/ruben/Documents/ProjetoFinal/roboauto -DCMAKE_INSTALL_PREFIX=/home/ruben/Documents/ProjetoFinal/roboauto/install/roboauto
[0.081s] -- The C compiler identification is GNU 11.4.0
[0.149s] -- The CXX compiler identification is GNU 11.4.0
[0.157s] -- Detecting C compiler ABI info
[0.243s] -- Detecting C compiler ABI info - done
[0.251s] -- Check for working C compiler: /usr/bin/cc - skipped
[0.251s] -- Detecting C compile features
[0.252s] -- Detecting C compile features - done
[0.256s] -- Detecting CXX compiler ABI info
[0.356s] -- Detecting CXX compiler ABI info - done
[0.363s] -- Check for working CXX compiler: /usr/bin/c++ - skipped
[0.363s] -- Detecting CXX compile features
[0.364s] -- Detecting CXX compile features - done
[0.367s] -- Found ament_cmake: 1.3.11 (/opt/ros/humble/share/ament_cmake/cmake)
[0.532s] -- Found Python3: /usr/bin/python3 (found version "3.10.12") found components: Interpreter 
[0.629s] -- Found ament_lint_auto: 0.12.12 (/opt/ros/humble/share/ament_lint_auto/cmake)
[0.697s] [31mCMake Error at /opt/ros/humble/share/ament_cmake_core/cmake/core/ament_package_xml.cmake:53 (message):
[0.697s]   ament_package_xml() package name 'roboauto' in '/package.xml' does not
[0.697s]   match current PROJECT_NAME 'turtlebot3'.  You must call project() with the
[0.697s]   same package name before.
[0.697s] Call Stack (most recent call first):
[0.697s]   /opt/ros/humble/share/ament_lint_auto/cmake/ament_lint_auto_find_test_dependencies.cmake:31 (ament_package_xml)
[0.697s]   CMakeLists.txt:27 (ament_lint_auto_find_test_dependencies)
[0.697s] 
[0.697s] [0m
[0.697s] -- Configuring incomplete, errors occurred!
[0.697s] See also "/home/ruben/Documents/ProjetoFinal/roboauto/build/roboauto/CMakeFiles/CMakeOutput.log".
[0.702s] Invoked command in '/home/ruben/Documents/ProjetoFinal/roboauto/build/roboauto' returned '1': CMAKE_PREFIX_PATH=${CMAKE_PREFIX_PATH}:/opt/ros/humble /usr/bin/cmake /home/ruben/Documents/ProjetoFinal/roboauto -DCMAKE_INSTALL_PREFIX=/home/ruben/Documents/ProjetoFinal/roboauto/install/roboauto
