[0.013s] Invoking command in '/home/ruben/Documents/ProjetoFinal/roboauto/build/roboauto': CMAKE_PREFIX_PATH=${CMAKE_PREFIX_PATH}:/opt/ros/humble /usr/bin/cmake --build /home/ruben/Documents/ProjetoFinal/roboauto/build/roboauto -- -j16 -l16
[0.065s] Invoked command in '/home/ruben/Documents/ProjetoFinal/roboauto/build/roboauto' returned '0': CMAKE_PREFIX_PATH=${CMAKE_PREFIX_PATH}:/opt/ros/humble /usr/bin/cmake --build /home/ruben/Documents/ProjetoFinal/roboauto/build/roboauto -- -j16 -l16
[0.077s] Invoking command in '/home/ruben/Documents/ProjetoFinal/roboauto/build/roboauto': CMAKE_PREFIX_PATH=${CMAKE_PREFIX_PATH}:/opt/ros/humble /usr/bin/cmake --install /home/ruben/Documents/ProjetoFinal/roboauto/build/roboauto
[0.084s] -- Install configuration: ""
[0.084s] -- Up-to-date: /home/ruben/Documents/ProjetoFinal/roboauto/install/roboauto/share/roboauto/launch
[0.084s] -- Up-to-date: /home/ruben/Documents/ProjetoFinal/roboauto/install/roboauto/share/roboauto/launch/turtlebot.launch.py
[0.085s] -- Up-to-date: /home/ruben/Documents/ProjetoFinal/roboauto/install/roboauto/share/roboauto/launch/robot_state_publisher.launch.py
[0.085s] -- Up-to-date: /home/ruben/Documents/ProjetoFinal/roboauto/install/roboauto/share/roboauto/launch/navigation2.launch.py
[0.085s] -- Up-to-date: /home/ruben/Documents/ProjetoFinal/roboauto/install/roboauto/share/roboauto/launch/simulation.launch.py
[0.085s] -- Up-to-date: /home/ruben/Documents/ProjetoFinal/roboauto/install/roboauto/share/roboauto/launch/ros_ign_bridge.launch.py
[0.085s] -- Up-to-date: /home/ruben/Documents/ProjetoFinal/roboauto/install/roboauto/share/roboauto/launch/mundorealista.launch.py
[0.085s] -- Up-to-date: /home/ruben/Documents/ProjetoFinal/roboauto/install/roboauto/share/roboauto/models
[0.086s] -- Up-to-date: /home/ruben/Documents/ProjetoFinal/roboauto/install/roboauto/share/roboauto/models/turtlebot3
[0.086s] -- Up-to-date: /home/ruben/Documents/ProjetoFinal/roboauto/install/roboauto/share/roboauto/models/turtlebot3/model.config
[0.086s] -- Up-to-date: /home/ruben/Documents/ProjetoFinal/roboauto/install/roboauto/share/roboauto/models/turtlebot3/meshes
[0.086s] -- Up-to-date: /home/ruben/Documents/ProjetoFinal/roboauto/install/roboauto/share/roboauto/models/turtlebot3/meshes/burger_base.dae
[0.086s] -- Up-to-date: /home/ruben/Documents/ProjetoFinal/roboauto/install/roboauto/share/roboauto/models/turtlebot3/meshes/tire.dae
[0.086s] -- Up-to-date: /home/ruben/Documents/ProjetoFinal/roboauto/install/roboauto/share/roboauto/models/turtlebot3/meshes/waffle_pi_base.dae
[0.086s] -- Up-to-date: /home/ruben/Documents/ProjetoFinal/roboauto/install/roboauto/share/roboauto/models/turtlebot3/meshes/lds.dae
[0.086s] -- Up-to-date: /home/ruben/Documents/ProjetoFinal/roboauto/install/roboauto/share/roboauto/models/turtlebot3/meshes/waffle_base.dae
[0.087s] -- Up-to-date: /home/ruben/Documents/ProjetoFinal/roboauto/install/roboauto/share/roboauto/models/turtlebot3/meshes/r200.dae
[0.087s] -- Up-to-date: /home/ruben/Documents/ProjetoFinal/roboauto/install/roboauto/share/roboauto/models/turtlebot3/model.sdf
[0.087s] -- Up-to-date: /home/ruben/Documents/ProjetoFinal/roboauto/install/roboauto/share/roboauto/models/worlds
[0.087s] -- Up-to-date: /home/ruben/Documents/ProjetoFinal/roboauto/install/roboauto/share/roboauto/models/worlds/meshes
[0.087s] -- Up-to-date: /home/ruben/Documents/ProjetoFinal/roboauto/install/roboauto/share/roboauto/models/worlds/meshes/wall.dae
[0.087s] -- Up-to-date: /home/ruben/Documents/ProjetoFinal/roboauto/install/roboauto/share/roboauto/models/worlds/meshes/hexagon.dae
[0.087s] -- Up-to-date: /home/ruben/Documents/ProjetoFinal/roboauto/install/roboauto/share/roboauto/models/worlds/world_only.sdf
[0.087s] -- Up-to-date: /home/ruben/Documents/ProjetoFinal/roboauto/install/roboauto/share/roboauto/models/worlds/model.sdf
[0.087s] -- Up-to-date: /home/ruben/Documents/ProjetoFinal/roboauto/install/roboauto/share/roboauto/models/robo_camuflado
[0.087s] -- Installing: /home/ruben/Documents/ProjetoFinal/roboauto/install/roboauto/share/roboauto/models/robo_camuflado/robo_camuflado.sdf
[0.087s] -- Up-to-date: /home/ruben/Documents/ProjetoFinal/roboauto/install/roboauto/share/roboauto/models/robo_camuflado/meshes
[0.087s] -- Up-to-date: /home/ruben/Documents/ProjetoFinal/roboauto/install/roboauto/share/roboauto/models/robo_camuflado/meshes/wheel_bl.dae
[0.087s] -- Up-to-date: /home/ruben/Documents/ProjetoFinal/roboauto/install/roboauto/share/roboauto/models/robo_camuflado/meshes/base_link.dae
[0.087s] -- Up-to-date: /home/ruben/Documents/ProjetoFinal/roboauto/install/roboauto/share/roboauto/models/robo_camuflado/meshes/veiculo_completo.dae
[0.087s] -- Up-to-date: /home/ruben/Documents/ProjetoFinal/roboauto/install/roboauto/share/roboauto/models/robo_camuflado/meshes/Grass.png
[0.087s] -- Up-to-date: /home/ruben/Documents/ProjetoFinal/roboauto/install/roboauto/share/roboauto/models/robo_camuflado/meshes/wheel_fl.dae
[0.087s] -- Up-to-date: /home/ruben/Documents/ProjetoFinal/roboauto/install/roboauto/share/roboauto/models/robo_camuflado/meshes/wheel_br.dae
[0.087s] -- Up-to-date: /home/ruben/Documents/ProjetoFinal/roboauto/install/roboauto/share/roboauto/models/robo_camuflado/meshes/cam_link.dae
[0.087s] -- Up-to-date: /home/ruben/Documents/ProjetoFinal/roboauto/install/roboauto/share/roboauto/models/robo_camuflado/meshes/wheel_fr.dae
[0.088s] -- Up-to-date: /home/ruben/Documents/ProjetoFinal/roboauto/install/roboauto/share/roboauto/models/robo_camuflado/meshes/lidar_link.dae
[0.088s] -- Up-to-date: /home/ruben/Documents/ProjetoFinal/roboauto/install/roboauto/share/roboauto/models/robo_camuflado/sdfprevio
[0.088s] -- Up-to-date: /home/ruben/Documents/ProjetoFinal/roboauto/install/roboauto/share/roboauto/models/mundo_realista
[0.088s] -- Up-to-date: /home/ruben/Documents/ProjetoFinal/roboauto/install/roboauto/share/roboauto/models/mundo_realista/model.config
[0.088s] -- Up-to-date: /home/ruben/Documents/ProjetoFinal/roboauto/install/roboauto/share/roboauto/models/mundo_realista/meshes
[0.088s] -- Up-to-date: /home/ruben/Documents/ProjetoFinal/roboauto/install/roboauto/share/roboauto/models/mundo_realista/meshes/mundo_irregular_madeira.dae
[0.088s] -- Up-to-date: /home/ruben/Documents/ProjetoFinal/roboauto/install/roboauto/share/roboauto/models/mundo_realista/meshes/mundo_irregular_tijolo.dae
[0.088s] -- Up-to-date: /home/ruben/Documents/ProjetoFinal/roboauto/install/roboauto/share/roboauto/models/mundo_realista/meshes/brick.png
[0.088s] -- Up-to-date: /home/ruben/Documents/ProjetoFinal/roboauto/install/roboauto/share/roboauto/models/mundo_realista/meshes/mundo_realista.dae
[0.088s] -- Up-to-date: /home/ruben/Documents/ProjetoFinal/roboauto/install/roboauto/share/roboauto/models/mundo_realista/meshes/wood_wall.jpg
[0.088s] -- Up-to-date: /home/ruben/Documents/ProjetoFinal/roboauto/install/roboauto/share/roboauto/models/mundo_realista/model.sdf
[0.088s] -- Up-to-date: /home/ruben/Documents/ProjetoFinal/roboauto/install/roboauto/share/roboauto/maps
[0.088s] -- Up-to-date: /home/ruben/Documents/ProjetoFinal/roboauto/install/roboauto/share/roboauto/maps/mundo_tijolo.pgm
[0.088s] -- Up-to-date: /home/ruben/Documents/ProjetoFinal/roboauto/install/roboauto/share/roboauto/maps/mundo_tijolo.yaml
[0.088s] -- Up-to-date: /home/ruben/Documents/ProjetoFinal/roboauto/install/roboauto/share/roboauto/maps/turtlebot3_world.yaml
[0.089s] -- Up-to-date: /home/ruben/Documents/ProjetoFinal/roboauto/install/roboauto/share/roboauto/maps/turtlebot3_world.pgm
[0.089s] -- Up-to-date: /home/ruben/Documents/ProjetoFinal/roboauto/install/roboauto/share/roboauto/params
[0.089s] -- Up-to-date: /home/ruben/Documents/ProjetoFinal/roboauto/install/roboauto/share/roboauto/params/robo_camuflado.yaml
[0.089s] -- Up-to-date: /home/ruben/Documents/ProjetoFinal/roboauto/install/roboauto/share/ament_index/resource_index/package_run_dependencies/roboauto
[0.089s] -- Up-to-date: /home/ruben/Documents/ProjetoFinal/roboauto/install/roboauto/share/ament_index/resource_index/parent_prefix_path/roboauto
[0.089s] -- Up-to-date: /home/ruben/Documents/ProjetoFinal/roboauto/install/roboauto/share/roboauto/environment/ament_prefix_path.sh
[0.089s] -- Up-to-date: /home/ruben/Documents/ProjetoFinal/roboauto/install/roboauto/share/roboauto/environment/ament_prefix_path.dsv
[0.089s] -- Up-to-date: /home/ruben/Documents/ProjetoFinal/roboauto/install/roboauto/share/roboauto/environment/path.sh
[0.089s] -- Up-to-date: /home/ruben/Documents/ProjetoFinal/roboauto/install/roboauto/share/roboauto/environment/path.dsv
[0.090s] -- Up-to-date: /home/ruben/Documents/ProjetoFinal/roboauto/install/roboauto/share/roboauto/local_setup.bash
[0.090s] -- Up-to-date: /home/ruben/Documents/ProjetoFinal/roboauto/install/roboauto/share/roboauto/local_setup.sh
[0.090s] -- Up-to-date: /home/ruben/Documents/ProjetoFinal/roboauto/install/roboauto/share/roboauto/local_setup.zsh
[0.090s] -- Up-to-date: /home/ruben/Documents/ProjetoFinal/roboauto/install/roboauto/share/roboauto/local_setup.dsv
[0.090s] -- Installing: /home/ruben/Documents/ProjetoFinal/roboauto/install/roboauto/share/roboauto/package.dsv
[0.090s] -- Up-to-date: /home/ruben/Documents/ProjetoFinal/roboauto/install/roboauto/share/ament_index/resource_index/packages/roboauto
[0.090s] -- Up-to-date: /home/ruben/Documents/ProjetoFinal/roboauto/install/roboauto/share/roboauto/cmake/roboautoConfig.cmake
[0.091s] -- Up-to-date: /home/ruben/Documents/ProjetoFinal/roboauto/install/roboauto/share/roboauto/cmake/roboautoConfig-version.cmake
[0.091s] -- Up-to-date: /home/ruben/Documents/ProjetoFinal/roboauto/install/roboauto/share/roboauto/package.xml
[0.091s] Invoked command in '/home/ruben/Documents/ProjetoFinal/roboauto/build/roboauto' returned '0': CMAKE_PREFIX_PATH=${CMAKE_PREFIX_PATH}:/opt/ros/humble /usr/bin/cmake --install /home/ruben/Documents/ProjetoFinal/roboauto/build/roboauto
